<?xml version="1.0" encoding="UTF-8"?>
<coverage generated="1783797204359" clover="3.2.0">
  <project timestamp="1783797204359" name="All files">
    <metrics statements="1148" coveredstatements="593" conditionals="1152" coveredconditionals="409" methods="130" coveredmethods="86" elements="2430" coveredelements="1088" complexity="0" loc="1148" ncloc="1148" packages="3" files="8" classes="8"/>
    <package name="components">
      <metrics statements="79" coveredstatements="47" conditionals="70" coveredconditionals="35" methods="30" coveredmethods="20"/>
      <file name="Badge.tsx" path="D:\Neura Agency\Trendy Wear\Trendy-wear\components\Badge.tsx">
        <metrics statements="4" coveredstatements="4" conditionals="4" coveredconditionals="2" methods="1" coveredmethods="1"/>
        <line num="1" count="1" type="stmt"/>
        <line num="4" count="7" type="cond" truecount="1" falsecount="1"/>
        <line num="5" count="7" type="stmt"/>
        <line num="14" count="7" type="cond" truecount="1" falsecount="1"/>
      </file>
      <file name="CustomSelect.tsx" path="D:\Neura Agency\Trendy Wear\Trendy-wear\components\CustomSelect.tsx">
        <metrics statements="50" coveredstatements="23" conditionals="56" coveredconditionals="24" methods="15" coveredmethods="10"/>
        <line num="1" count="1" type="stmt"/>
        <line num="16" count="6" type="cond" truecount="1" falsecount="0"/>
        <line num="17" count="14" type="stmt"/>
        <line num="18" count="14" type="stmt"/>
        <line num="19" count="14" type="stmt"/>
        <line num="20" count="14" type="stmt"/>
        <line num="22" count="14" type="stmt"/>
        <line num="23" count="41" type="cond" truecount="2" falsecount="0"/>
        <line num="26" count="15" type="cond" truecount="1" falsecount="1"/>
        <line num="28" count="14" type="stmt"/>
        <line num="29" count="6" type="stmt"/>
        <line num="30" count="0" type="cond" truecount="0" falsecount="4"/>
        <line num="31" count="0" type="stmt"/>
        <line num="34" count="6" type="stmt"/>
        <line num="35" count="6" type="stmt"/>
        <line num="38" count="14" type="stmt"/>
        <line num="39" count="10" type="cond" truecount="2" falsecount="0"/>
        <line num="40" count="7" type="stmt"/>
        <line num="44" count="14" type="stmt"/>
        <line num="45" count="0" type="cond" truecount="0" falsecount="6"/>
        <line num="46" count="0" type="stmt"/>
        <line num="47" count="0" type="stmt"/>
        <line num="48" count="0" type="stmt"/>
        <line num="51" count="0" type="cond" truecount="0" falsecount="2"/>
        <line num="52" count="0" type="cond" truecount="0" falsecount="2"/>
        <line num="53" count="0" type="stmt"/>
        <line num="54" count="0" type="stmt"/>
        <line num="55" count="0" type="cond" truecount="0" falsecount="2"/>
        <line num="56" count="0" type="cond" truecount="0" falsecount="2"/>
        <line num="58" count="0" type="cond" truecount="0" falsecount="2"/>
        <line num="59" count="0" type="stmt"/>
        <line num="60" count="0" type="stmt"/>
        <line num="61" count="0" type="cond" truecount="0" falsecount="2"/>
        <line num="62" count="0" type="cond" truecount="0" falsecount="2"/>
        <line num="64" count="0" type="cond" truecount="0" falsecount="2"/>
        <line num="65" count="0" type="stmt"/>
        <line num="66" count="0" type="cond" truecount="0" falsecount="2"/>
        <line num="67" count="0" type="stmt"/>
        <line num="68" count="0" type="stmt"/>
        <line num="69" count="0" type="stmt"/>
        <line num="71" count="0" type="cond" truecount="0" falsecount="2"/>
        <line num="72" count="0" type="stmt"/>
        <line num="73" count="0" type="stmt"/>
        <line num="104" count="3" type="stmt"/>
        <line num="156" count="18" type="stmt"/>
        <line num="157" count="18" type="stmt"/>
        <line num="158" count="18" type="stmt"/>
        <line num="165" count="1" type="stmt"/>
        <line num="166" count="1" type="stmt"/>
        <line num="168" count="0" type="stmt"/>
      </file>
      <file name="Login.tsx" path="D:\Neura Agency\Trendy Wear\Trendy-wear\components\Login.tsx">
        <metrics statements="25" coveredstatements="20" conditionals="10" coveredconditionals="9" methods="14" coveredmethods="9"/>
        <line num="1" count="1" type="stmt"/>
        <line num="9" count="5" type="stmt"/>
        <line num="10" count="15" type="stmt"/>
        <line num="11" count="15" type="stmt"/>
        <line num="12" count="15" type="stmt"/>
        <line num="13" count="15" type="stmt"/>
        <line num="15" count="15" type="stmt"/>
        <line num="16" count="2" type="stmt"/>
        <line num="17" count="2" type="stmt"/>
        <line num="18" count="2" type="stmt"/>
        <line num="19" count="2" type="stmt"/>
        <line num="24" count="1" type="cond" truecount="1" falsecount="1"/>
        <line num="25" count="1" type="stmt"/>
        <line num="26" count="1" type="stmt"/>
        <line num="28" count="1" type="stmt"/>
        <line num="30" count="2" type="stmt"/>
        <line num="68" count="2" type="stmt"/>
        <line num="80" count="5" type="stmt"/>
        <line num="81" count="0" type="stmt"/>
        <line num="92" count="2" type="stmt"/>
        <line num="104" count="0" type="stmt"/>
        <line num="105" count="0" type="stmt"/>
        <line num="109" count="2" type="stmt"/>
        <line num="175" count="0" type="stmt"/>
        <line num="176" count="0" type="stmt"/>
      </file>
    </package>
    <package name="lib">
      <metrics statements="133" coveredstatements="130" conditionals="90" coveredconditionals="81" methods="36" coveredmethods="35"/>
      <file name="catalog.ts" path="D:\Neura Agency\Trendy Wear\Trendy-wear\lib\catalog.ts">
        <metrics statements="49" coveredstatements="49" conditionals="22" coveredconditionals="18" methods="14" coveredmethods="14"/>
        <line num="3" count="49" type="cond" truecount="2" falsecount="0"/>
        <line num="5" count="4" type="stmt"/>
        <line num="6" count="6" type="cond" truecount="2" falsecount="0"/>
        <line num="7" count="6" type="cond" truecount="2" falsecount="0"/>
        <line num="10" count="1" type="stmt"/>
        <line num="11" count="18" type="cond" truecount="1" falsecount="2"/>
        <line num="13" count="4" type="stmt"/>
        <line num="14" count="4" type="stmt"/>
        <line num="15" count="9" type="stmt"/>
        <line num="16" count="4" type="cond" truecount="3" falsecount="1"/>
        <line num="18" count="2" type="stmt"/>
        <line num="19" count="2" type="cond" truecount="3" falsecount="1"/>
        <line num="22" count="3" type="stmt"/>
        <line num="28" count="3" type="stmt"/>
        <line num="29" count="3" type="cond" truecount="3" falsecount="0"/>
        <line num="34" count="1" type="stmt"/>
        <line num="35" count="7" type="stmt"/>
        <line num="36" count="7" type="stmt"/>
        <line num="37" count="7" type="stmt"/>
        <line num="38" count="7" type="stmt"/>
        <line num="40" count="7" type="stmt"/>
        <line num="41" count="121" type="stmt"/>
        <line num="42" count="121" type="stmt"/>
        <line num="43" count="121" type="stmt"/>
        <line num="44" count="121" type="stmt"/>
        <line num="45" count="121" type="stmt"/>
        <line num="48" count="7" type="stmt"/>
        <line num="49" count="7" type="stmt"/>
        <line num="50" count="7" type="stmt"/>
        <line num="51" count="7" type="stmt"/>
        <line num="53" count="7" type="stmt"/>
        <line num="56" count="1" type="stmt"/>
        <line num="57" count="7" type="stmt"/>
        <line num="58" count="7" type="stmt"/>
        <line num="60" count="7" type="stmt"/>
        <line num="61" count="28" type="stmt"/>
        <line num="62" count="28" type="stmt"/>
        <line num="63" count="28" type="stmt"/>
        <line num="64" count="28" type="stmt"/>
        <line num="65" count="28" type="stmt"/>
        <line num="68" count="7" type="stmt"/>
        <line num="69" count="7" type="stmt"/>
        <line num="71" count="112" type="stmt"/>
        <line num="72" count="7" type="stmt"/>
        <line num="75" count="7" type="stmt"/>
        <line num="76" count="7" type="stmt"/>
        <line num="82" count="4" type="stmt"/>
        <line num="83" count="4" type="cond" truecount="2" falsecount="0"/>
        <line num="84" count="1" type="stmt"/>
      </file>
      <file name="supabase.ts" path="D:\Neura Agency\Trendy Wear\Trendy-wear\lib\supabase.ts">
        <metrics statements="9" coveredstatements="6" conditionals="0" coveredconditionals="0" methods="1" coveredmethods="0"/>
        <line num="2" count="4" type="stmt"/>
        <line num="4" count="4" type="stmt"/>
        <line num="5" count="4" type="stmt"/>
        <line num="8" count="4" type="stmt"/>
        <line num="11" count="916" type="stmt"/>
        <line num="23" count="916" type="stmt"/>
        <line num="45" count="0" type="stmt"/>
        <line num="46" count="0" type="stmt"/>
        <line num="47" count="0" type="stmt"/>
      </file>
      <file name="variantQuantities.ts" path="D:\Neura Agency\Trendy Wear\Trendy-wear\lib\variantQuantities.ts">
        <metrics statements="75" coveredstatements="75" conditionals="68" coveredconditionals="63" methods="21" coveredmethods="21"/>
        <line num="4" count="8" type="stmt"/>
        <line num="5" count="3233" type="stmt"/>
        <line num="6" count="3233" type="cond" truecount="2" falsecount="0"/>
        <line num="9" count="164" type="stmt"/>
        <line num="10" count="164" type="cond" truecount="5" falsecount="0"/>
        <line num="11" count="98" type="stmt"/>
        <line num="12" count="98" type="stmt"/>
        <line num="13" count="112" type="stmt"/>
        <line num="14" count="112" type="cond" truecount="2" falsecount="0"/>
        <line num="15" count="111" type="stmt"/>
        <line num="17" count="98" type="cond" truecount="2" falsecount="0"/>
        <line num="20" count="140" type="stmt"/>
        <line num="21" count="912" type="cond" truecount="5" falsecount="0"/>
        <line num="22" count="858" type="stmt"/>
        <line num="24" count="858" type="stmt"/>
        <line num="25" count="1354" type="stmt"/>
        <line num="26" count="1354" type="cond" truecount="5" falsecount="1"/>
        <line num="28" count="1354" type="stmt"/>
        <line num="29" count="1354" type="stmt"/>
        <line num="30" count="2235" type="stmt"/>
        <line num="31" count="2235" type="cond" truecount="1" falsecount="1"/>
        <line num="32" count="2235" type="stmt"/>
        <line num="35" count="1354" type="cond" truecount="1" falsecount="1"/>
        <line num="38" count="858" type="cond" truecount="2" falsecount="0"/>
        <line num="41" count="135" type="stmt"/>
        <line num="46" count="137" type="stmt"/>
        <line num="47" count="137" type="cond" truecount="2" falsecount="0"/>
        <line num="49" count="134" type="stmt"/>
        <line num="50" count="134" type="stmt"/>
        <line num="51" count="134" type="stmt"/>
        <line num="53" count="134" type="stmt"/>
        <line num="54" count="229" type="stmt"/>
        <line num="55" count="369" type="stmt"/>
        <line num="56" count="369" type="cond" truecount="2" falsecount="0"/>
        <line num="57" count="369" type="cond" truecount="2" falsecount="0"/>
        <line num="58" count="369" type="stmt"/>
        <line num="62" count="134" type="stmt"/>
        <line num="69" count="42" type="stmt"/>
        <line num="70" count="42" type="cond" truecount="2" falsecount="0"/>
        <line num="71" count="42" type="cond" truecount="2" falsecount="0"/>
        <line num="72" count="42" type="stmt"/>
        <line num="74" count="42" type="stmt"/>
        <line num="75" count="12" type="stmt"/>
        <line num="78" count="42" type="stmt"/>
        <line num="79" count="44" type="cond" truecount="2" falsecount="0"/>
        <line num="80" count="44" type="stmt"/>
        <line num="81" count="47" type="cond" truecount="2" falsecount="0"/>
        <line num="85" count="42" type="cond" truecount="2" falsecount="0"/>
        <line num="88" count="140" type="stmt"/>
        <line num="93" count="140" type="cond" truecount="2" falsecount="0"/>
        <line num="94" count="140" type="cond" truecount="2" falsecount="0"/>
        <line num="95" count="140" type="stmt"/>
        <line num="97" count="140" type="stmt"/>
        <line num="98" count="225" type="stmt"/>
        <line num="101" count="140" type="stmt"/>
        <line num="102" count="128" type="cond" truecount="2" falsecount="0"/>
        <line num="103" count="128" type="stmt"/>
        <line num="104" count="134" type="cond" truecount="2" falsecount="0"/>
        <line num="108" count="140" type="stmt"/>
        <line num="109" count="248" type="stmt"/>
        <line num="110" count="399" type="cond" truecount="2" falsecount="0"/>
        <line num="112" count="248" type="cond" truecount="2" falsecount="0"/>
        <line num="115" count="140" type="cond" truecount="2" falsecount="0"/>
        <line num="118" count="136" type="stmt"/>
        <line num="119" count="136" type="stmt"/>
        <line num="120" count="136" type="cond" truecount="2" falsecount="0"/>
        <line num="121" count="135" type="cond" truecount="2" falsecount="0"/>
        <line num="123" count="135" type="stmt"/>
        <line num="124" count="227" type="stmt"/>
        <line num="125" count="329" type="stmt"/>
        <line num="126" count="329" type="cond" truecount="2" falsecount="0"/>
        <line num="127" count="2" type="stmt"/>
        <line num="132" count="133" type="stmt"/>
        <line num="135" count="2" type="stmt"/>
        <line num="136" count="2" type="stmt"/>
      </file>
    </package>
    <package name="pages.api">
      <metrics statements="936" coveredstatements="416" conditionals="992" coveredconditionals="293" methods="64" coveredmethods="31"/>
      <file name="orders.ts" path="D:\Neura Agency\Trendy Wear\Trendy-wear\pages\api\orders.ts">
        <metrics statements="521" coveredstatements="352" conditionals="538" coveredconditionals="243" methods="32" coveredmethods="26"/>
        <line num="2" count="4" type="stmt"/>
        <line num="3" count="4" type="stmt"/>
        <line num="11" count="4" type="stmt"/>
        <line num="14" count="938" type="stmt"/>
        <line num="15" count="938" type="cond" truecount="2" falsecount="0"/>
        <line num="19" count="32" type="stmt"/>
        <line num="20" count="32" type="stmt"/>
        <line num="21" count="32" type="stmt"/>
        <line num="24" count="82" type="stmt"/>
        <line num="25" count="82" type="stmt"/>
        <line num="26" count="82" type="stmt"/>
        <line num="27" count="82" type="cond" truecount="1" falsecount="1"/>
        <line num="32" count="82" type="cond" truecount="1" falsecount="1"/>
        <line num="33" count="0" type="stmt"/>
        <line num="35" count="0" type="stmt"/>
        <line num="86" count="0" type="cond" truecount="0" falsecount="2"/>
        <line num="87" count="0" type="stmt"/>
        <line num="93" count="0" type="stmt"/>
        <line num="94" count="0" type="cond" truecount="0" falsecount="2"/>
        <line num="95" count="0" type="stmt"/>
        <line num="96" count="0" type="stmt"/>
        <line num="99" count="0" type="cond" truecount="0" falsecount="2"/>
        <line num="101" count="0" type="stmt"/>
        <line num="102" count="0" type="cond" truecount="0" falsecount="2"/>
        <line num="106" count="0" type="stmt"/>
        <line num="149" count="0" type="stmt"/>
        <line num="155" count="82" type="cond" truecount="2" falsecount="0"/>
        <line num="175" count="32" type="cond" truecount="1" falsecount="1"/>
        <line num="177" count="32" type="cond" truecount="1" falsecount="1"/>
        <line num="178" count="32" type="stmt"/>
        <line num="179" count="32" type="cond" truecount="1" falsecount="1"/>
        <line num="180" count="32" type="stmt"/>
        <line num="181" count="32" type="stmt"/>
        <line num="182" count="32" type="stmt"/>
        <line num="183" count="32" type="cond" truecount="1" falsecount="1"/>
        <line num="186" count="32" type="stmt"/>
        <line num="187" count="32" type="stmt"/>
        <line num="188" count="32" type="stmt"/>
        <line num="189" count="32" type="cond" truecount="1" falsecount="1"/>
        <line num="190" count="32" type="cond" truecount="1" falsecount="1"/>
        <line num="193" count="32" type="stmt"/>
        <line num="194" count="32" type="cond" truecount="1" falsecount="1"/>
        <line num="196" count="32" type="cond" truecount="1" falsecount="1"/>
        <line num="197" count="0" type="stmt"/>
        <line num="198" count="0" type="cond" truecount="0" falsecount="2"/>
        <line num="201" count="32" type="cond" truecount="1" falsecount="1"/>
        <line num="203" count="32" type="stmt"/>
        <line num="208" count="32" type="cond" truecount="1" falsecount="1"/>
        <line num="209" count="32" type="cond" truecount="1" falsecount="1"/>
        <line num="210" count="32" type="stmt"/>
        <line num="213" count="32" type="cond" truecount="1" falsecount="1"/>
        <line num="216" count="32" type="stmt"/>
        <line num="217" count="32" type="cond" truecount="2" falsecount="0"/>
        <line num="218" count="32" type="cond" truecount="1" falsecount="1"/>
        <line num="219" count="32" type="cond" truecount="1" falsecount="1"/>
        <line num="221" count="32" type="cond" truecount="2" falsecount="0"/>
        <line num="222" count="4" type="stmt"/>
        <line num="227" count="4" type="cond" truecount="1" falsecount="1"/>
        <line num="228" count="4" type="cond" truecount="1" falsecount="1"/>
        <line num="230" count="28" type="stmt"/>
        <line num="235" count="28" type="cond" truecount="1" falsecount="1"/>
        <line num="236" count="28" type="stmt"/>
        <line num="239" count="28" type="cond" truecount="1" falsecount="1"/>
        <line num="240" count="28" type="stmt"/>
        <line num="243" count="28" type="stmt"/>
        <line num="244" count="28" type="cond" truecount="1" falsecount="1"/>
        <line num="246" count="28" type="cond" truecount="3" falsecount="1"/>
        <line num="247" count="1" type="stmt"/>
        <line num="248" count="27" type="cond" truecount="2" falsecount="2"/>
        <line num="249" count="0" type="stmt"/>
        <line num="255" count="32" type="cond" truecount="1" falsecount="1"/>
        <line num="257" count="0" type="stmt"/>
        <line num="262" count="0" type="cond" truecount="0" falsecount="2"/>
        <line num="263" count="0" type="stmt"/>
        <line num="265" count="0" type="stmt"/>
        <line num="268" count="0" type="stmt"/>
        <line num="269" count="0" type="cond" truecount="0" falsecount="2"/>
        <line num="271" count="0" type="cond" truecount="0" falsecount="2"/>
        <line num="273" count="0" type="stmt"/>
        <line num="275" count="0" type="cond" truecount="0" falsecount="2"/>
        <line num="276" count="0" type="stmt"/>
        <line num="279" count="0" type="cond" truecount="0" falsecount="2"/>
        <line num="280" count="0" type="stmt"/>
        <line num="281" count="0" type="cond" truecount="0" falsecount="2"/>
        <line num="282" count="0" type="stmt"/>
        <line num="283" count="0" type="cond" truecount="0" falsecount="2"/>
        <line num="284" count="0" type="stmt"/>
        <line num="285" count="0" type="cond" truecount="0" falsecount="2"/>
        <line num="288" count="0" type="stmt"/>
        <line num="290" count="0" type="stmt"/>
        <line num="291" count="0" type="cond" truecount="0" falsecount="2"/>
        <line num="294" count="0" type="stmt"/>
        <line num="295" count="0" type="stmt"/>
        <line num="296" count="0" type="stmt"/>
        <line num="297" count="0" type="stmt"/>
        <line num="298" count="0" type="stmt"/>
        <line num="299" count="0" type="stmt"/>
        <line num="300" count="0" type="stmt"/>
        <line num="303" count="0" type="stmt"/>
        <line num="331" count="0" type="cond" truecount="0" falsecount="2"/>
        <line num="332" count="0" type="stmt"/>
        <line num="333" count="0" type="stmt"/>
        <line num="336" count="0" type="cond" truecount="0" falsecount="2"/>
        <line num="337" count="0" type="cond" truecount="0" falsecount="2"/>
        <line num="338" count="0" type="stmt"/>
        <line num="342" count="0" type="stmt"/>
        <line num="343" count="0" type="stmt"/>
        <line num="344" count="0" type="cond" truecount="0" falsecount="2"/>
        <line num="345" count="0" type="stmt"/>
        <line num="346" count="0" type="stmt"/>
        <line num="348" count="0" type="stmt"/>
        <line num="349" count="0" type="stmt"/>
        <line num="353" count="0" type="stmt"/>
        <line num="356" count="0" type="stmt"/>
        <line num="363" count="32" type="stmt"/>
        <line num="369" count="32" type="cond" truecount="2" falsecount="0"/>
        <line num="370" count="5" type="stmt"/>
        <line num="373" count="32" type="stmt"/>
        <line num="374" count="32" type="cond" truecount="1" falsecount="1"/>
        <line num="376" count="32" type="cond" truecount="1" falsecount="1"/>
        <line num="378" count="32" type="stmt"/>
        <line num="379" count="32" type="cond" truecount="1" falsecount="1"/>
        <line num="380" count="0" type="stmt"/>
        <line num="383" count="32" type="cond" truecount="1" falsecount="1"/>
        <line num="384" count="32" type="stmt"/>
        <line num="385" count="32" type="cond" truecount="1" falsecount="1"/>
        <line num="386" count="32" type="stmt"/>
        <line num="387" count="64" type="cond" truecount="1" falsecount="1"/>
        <line num="388" count="64" type="stmt"/>
        <line num="389" count="159" type="cond" truecount="2" falsecount="0"/>
        <line num="392" count="32" type="stmt"/>
        <line num="394" count="32" type="stmt"/>
        <line num="395" count="32" type="cond" truecount="1" falsecount="1"/>
        <line num="399" count="32" type="stmt"/>
        <line num="400" count="32" type="stmt"/>
        <line num="401" count="32" type="stmt"/>
        <line num="402" count="32" type="cond" truecount="1" falsecount="1"/>
        <line num="405" count="32" type="stmt"/>
        <line num="406" count="32" type="stmt"/>
        <line num="407" count="32" type="stmt"/>
        <line num="408" count="32" type="stmt"/>
        <line num="409" count="32" type="stmt"/>
        <line num="412" count="32" type="cond" truecount="4" falsecount="0"/>
        <line num="413" count="32" type="stmt"/>
        <line num="441" count="32" type="cond" truecount="1" falsecount="1"/>
        <line num="442" count="0" type="stmt"/>
        <line num="443" count="0" type="stmt"/>
        <line num="446" count="32" type="cond" truecount="1" falsecount="1"/>
        <line num="447" count="32" type="cond" truecount="1" falsecount="1"/>
        <line num="448" count="0" type="stmt"/>
        <line num="452" count="32" type="stmt"/>
        <line num="453" count="32" type="stmt"/>
        <line num="454" count="32" type="stmt"/>
        <line num="455" count="32" type="stmt"/>
        <line num="456" count="32" type="cond" truecount="1" falsecount="1"/>
        <line num="457" count="32" type="stmt"/>
        <line num="458" count="32" type="stmt"/>
        <line num="460" count="32" type="cond" truecount="1" falsecount="1"/>
        <line num="461" count="32" type="stmt"/>
        <line num="462" count="32" type="cond" truecount="1" falsecount="1"/>
        <line num="463" count="0" type="stmt"/>
        <line num="465" count="32" type="stmt"/>
        <line num="466" count="32" type="stmt"/>
        <line num="467" count="32" type="stmt"/>
        <line num="476" count="32" type="cond" truecount="1" falsecount="1"/>
        <line num="477" count="32" type="stmt"/>
        <line num="479" count="0" type="stmt"/>
        <line num="483" count="0" type="cond" truecount="0" falsecount="2"/>
        <line num="485" count="32" type="stmt"/>
        <line num="486" count="32" type="stmt"/>
        <line num="489" count="32" type="cond" truecount="1" falsecount="1"/>
        <line num="490" count="0" type="stmt"/>
        <line num="491" count="0" type="stmt"/>
        <line num="494" count="32" type="stmt"/>
        <line num="504" count="50" type="cond" truecount="2" falsecount="0"/>
        <line num="508" count="46" type="cond" truecount="1" falsecount="1"/>
        <line num="509" count="0" type="stmt"/>
        <line num="510" count="0" type="cond" truecount="0" falsecount="4"/>
        <line num="511" count="0" type="stmt"/>
        <line num="513" count="0" type="stmt"/>
        <line num="517" count="0" type="cond" truecount="0" falsecount="2"/>
        <line num="518" count="0" type="stmt"/>
        <line num="519" count="0" type="stmt"/>
        <line num="521" count="0" type="stmt"/>
        <line num="525" count="46" type="cond" truecount="2" falsecount="0"/>
        <line num="534" count="19" type="stmt"/>
        <line num="535" count="19" type="cond" truecount="1" falsecount="1"/>
        <line num="538" count="19" type="stmt"/>
        <line num="544" count="19" type="cond" truecount="3" falsecount="1"/>
        <line num="546" count="19" type="stmt"/>
        <line num="547" count="19" type="stmt"/>
        <line num="548" count="19" type="stmt"/>
        <line num="549" count="19" type="cond" truecount="1" falsecount="1"/>
        <line num="551" count="19" type="cond" truecount="1" falsecount="1"/>
        <line num="552" count="19" type="cond" truecount="1" falsecount="1"/>
        <line num="553" count="19" type="stmt"/>
        <line num="554" count="19" type="stmt"/>
        <line num="555" count="19" type="cond" truecount="1" falsecount="1"/>
        <line num="556" count="19" type="cond" truecount="1" falsecount="1"/>
        <line num="557" count="19" type="stmt"/>
        <line num="559" count="19" type="cond" truecount="1" falsecount="1"/>
        <line num="560" count="19" type="stmt"/>
        <line num="561" count="19" type="cond" truecount="1" falsecount="1"/>
        <line num="562" count="0" type="stmt"/>
        <line num="566" count="19" type="stmt"/>
        <line num="567" count="38" type="cond" truecount="2" falsecount="0"/>
        <line num="568" count="38" type="cond" truecount="1" falsecount="1"/>
        <line num="569" count="38" type="stmt"/>
        <line num="570" count="40" type="cond" truecount="2" falsecount="0"/>
        <line num="572" count="38" type="cond" truecount="1" falsecount="1"/>
        <line num="575" count="19" type="stmt"/>
        <line num="576" count="19" type="stmt"/>
        <line num="577" count="19" type="stmt"/>
        <line num="578" count="19" type="stmt"/>
        <line num="579" count="19" type="stmt"/>
        <line num="581" count="19" type="stmt"/>
        <line num="582" count="19" type="stmt"/>
        <line num="583" count="19" type="stmt"/>
        <line num="584" count="19" type="stmt"/>
        <line num="585" count="19" type="stmt"/>
        <line num="588" count="19" type="stmt"/>
        <line num="605" count="19" type="cond" truecount="1" falsecount="1"/>
        <line num="606" count="0" type="stmt"/>
        <line num="607" count="0" type="cond" truecount="0" falsecount="2"/>
        <line num="608" count="0" type="stmt"/>
        <line num="612" count="19" type="cond" truecount="1" falsecount="1"/>
        <line num="613" count="19" type="stmt"/>
        <line num="619" count="19" type="cond" truecount="3" falsecount="1"/>
        <line num="621" count="19" type="cond" truecount="1" falsecount="1"/>
        <line num="622" count="19" type="cond" truecount="1" falsecount="1"/>
        <line num="623" count="19" type="stmt"/>
        <line num="624" count="20" type="cond" truecount="2" falsecount="0"/>
        <line num="627" count="19" type="cond" truecount="1" falsecount="1"/>
        <line num="628" count="19" type="cond" truecount="1" falsecount="1"/>
        <line num="629" count="19" type="stmt"/>
        <line num="630" count="20" type="cond" truecount="1" falsecount="1"/>
        <line num="635" count="19" type="cond" truecount="2" falsecount="0"/>
        <line num="636" count="19" type="cond" truecount="1" falsecount="1"/>
        <line num="637" count="19" type="stmt"/>
        <line num="638" count="20" type="cond" truecount="2" falsecount="0"/>
        <line num="641" count="19" type="cond" truecount="2" falsecount="0"/>
        <line num="642" count="19" type="cond" truecount="1" falsecount="1"/>
        <line num="643" count="19" type="stmt"/>
        <line num="644" count="20" type="cond" truecount="2" falsecount="0"/>
        <line num="648" count="19" type="stmt"/>
        <line num="661" count="19" type="cond" truecount="1" falsecount="1"/>
        <line num="665" count="19" type="stmt"/>
        <line num="671" count="27" type="cond" truecount="2" falsecount="0"/>
        <line num="680" count="19" type="stmt"/>
        <line num="681" count="19" type="cond" truecount="1" falsecount="1"/>
        <line num="683" count="19" type="stmt"/>
        <line num="689" count="19" type="cond" truecount="3" falsecount="1"/>
        <line num="691" count="19" type="stmt"/>
        <line num="692" count="19" type="stmt"/>
        <line num="693" count="19" type="stmt"/>
        <line num="694" count="19" type="stmt"/>
        <line num="695" count="19" type="cond" truecount="2" falsecount="0"/>
        <line num="697" count="18" type="stmt"/>
        <line num="698" count="18" type="stmt"/>
        <line num="699" count="18" type="cond" truecount="1" falsecount="1"/>
        <line num="700" count="18" type="cond" truecount="1" falsecount="1"/>
        <line num="702" count="18" type="cond" truecount="1" falsecount="1"/>
        <line num="703" count="18" type="cond" truecount="1" falsecount="1"/>
        <line num="705" count="18" type="cond" truecount="1" falsecount="1"/>
        <line num="706" count="18" type="stmt"/>
        <line num="707" count="18" type="stmt"/>
        <line num="708" count="18" type="stmt"/>
        <line num="709" count="18" type="cond" truecount="1" falsecount="1"/>
        <line num="710" count="0" type="stmt"/>
        <line num="714" count="18" type="stmt"/>
        <line num="715" count="36" type="cond" truecount="2" falsecount="0"/>
        <line num="716" count="36" type="cond" truecount="1" falsecount="1"/>
        <line num="717" count="36" type="stmt"/>
        <line num="718" count="36" type="cond" truecount="2" falsecount="0"/>
        <line num="720" count="36" type="cond" truecount="1" falsecount="1"/>
        <line num="723" count="18" type="stmt"/>
        <line num="724" count="18" type="stmt"/>
        <line num="725" count="18" type="stmt"/>
        <line num="726" count="18" type="stmt"/>
        <line num="729" count="18" type="stmt"/>
        <line num="733" count="18" type="stmt"/>
        <line num="734" count="18" type="stmt"/>
        <line num="736" count="18" type="stmt"/>
        <line num="737" count="18" type="stmt"/>
        <line num="739" count="18" type="stmt"/>
        <line num="741" count="18" type="stmt"/>
        <line num="758" count="18" type="cond" truecount="1" falsecount="1"/>
        <line num="759" count="0" type="stmt"/>
        <line num="760" count="0" type="cond" truecount="0" falsecount="2"/>
        <line num="765" count="18" type="cond" truecount="1" falsecount="1"/>
        <line num="766" count="18" type="stmt"/>
        <line num="772" count="18" type="cond" truecount="3" falsecount="1"/>
        <line num="773" count="18" type="cond" truecount="2" falsecount="0"/>
        <line num="774" count="18" type="cond" truecount="4" falsecount="0"/>
        <line num="775" count="5" type="stmt"/>
        <line num="778" count="5" type="cond" truecount="1" falsecount="1"/>
        <line num="779" count="5" type="cond" truecount="1" falsecount="1"/>
        <line num="780" count="5" type="stmt"/>
        <line num="781" count="5" type="cond" truecount="2" falsecount="0"/>
        <line num="782" count="1" type="cond" truecount="1" falsecount="1"/>
        <line num="786" count="5" type="cond" truecount="1" falsecount="1"/>
        <line num="787" count="5" type="cond" truecount="1" falsecount="1"/>
        <line num="788" count="5" type="stmt"/>
        <line num="789" count="5" type="cond" truecount="2" falsecount="0"/>
        <line num="790" count="2" type="cond" truecount="1" falsecount="1"/>
        <line num="795" count="5" type="stmt"/>
        <line num="801" count="5" type="stmt"/>
        <line num="805" count="5" type="cond" truecount="2" falsecount="0"/>
        <line num="806" count="5" type="cond" truecount="2" falsecount="0"/>
        <line num="815" count="18" type="stmt"/>
        <line num="819" count="8" type="cond" truecount="2" falsecount="0"/>
        <line num="820" count="3" type="stmt"/>
        <line num="821" count="3" type="cond" truecount="1" falsecount="1"/>
        <line num="823" count="3" type="stmt"/>
        <line num="829" count="3" type="cond" truecount="3" falsecount="1"/>
        <line num="830" count="3" type="cond" truecount="1" falsecount="1"/>
        <line num="833" count="3" type="stmt"/>
        <line num="834" count="3" type="stmt"/>
        <line num="835" count="3" type="stmt"/>
        <line num="836" count="3" type="stmt"/>
        <line num="837" count="3" type="stmt"/>
        <line num="838" count="3" type="stmt"/>
        <line num="839" count="3" type="stmt"/>
        <line num="840" count="3" type="stmt"/>
        <line num="841" count="3" type="stmt"/>
        <line num="842" count="3" type="stmt"/>
        <line num="843" count="3" type="stmt"/>
        <line num="846" count="3" type="stmt"/>
        <line num="862" count="3" type="cond" truecount="1" falsecount="1"/>
        <line num="863" count="0" type="stmt"/>
        <line num="864" count="0" type="stmt"/>
        <line num="868" count="3" type="cond" truecount="1" falsecount="1"/>
        <line num="869" count="3" type="stmt"/>
        <line num="875" count="3" type="cond" truecount="3" falsecount="1"/>
        <line num="876" count="3" type="cond" truecount="1" falsecount="1"/>
        <line num="877" count="3" type="stmt"/>
        <line num="878" count="3" type="stmt"/>
        <line num="879" count="3" type="stmt"/>
        <line num="881" count="3" type="cond" truecount="1" falsecount="1"/>
        <line num="882" count="3" type="cond" truecount="1" falsecount="1"/>
        <line num="883" count="3" type="stmt"/>
        <line num="884" count="4" type="cond" truecount="1" falsecount="1"/>
        <line num="887" count="3" type="cond" truecount="1" falsecount="1"/>
        <line num="888" count="3" type="cond" truecount="1" falsecount="1"/>
        <line num="889" count="3" type="stmt"/>
        <line num="890" count="4" type="cond" truecount="1" falsecount="1"/>
        <line num="893" count="3" type="cond" truecount="1" falsecount="1"/>
        <line num="894" count="3" type="cond" truecount="1" falsecount="1"/>
        <line num="895" count="3" type="stmt"/>
        <line num="896" count="4" type="cond" truecount="1" falsecount="1"/>
        <line num="899" count="3" type="cond" truecount="2" falsecount="0"/>
        <line num="900" count="3" type="cond" truecount="1" falsecount="1"/>
        <line num="901" count="3" type="stmt"/>
        <line num="902" count="4" type="cond" truecount="2" falsecount="0"/>
        <line num="906" count="3" type="stmt"/>
        <line num="919" count="3" type="cond" truecount="1" falsecount="1"/>
        <line num="923" count="3" type="stmt"/>
        <line num="927" count="5" type="cond" truecount="2" falsecount="0"/>
        <line num="928" count="2" type="stmt"/>
        <line num="929" count="2" type="cond" truecount="1" falsecount="1"/>
        <line num="931" count="2" type="stmt"/>
        <line num="937" count="2" type="cond" truecount="3" falsecount="1"/>
        <line num="938" count="2" type="cond" truecount="1" falsecount="1"/>
        <line num="941" count="2" type="stmt"/>
        <line num="942" count="2" type="stmt"/>
        <line num="943" count="2" type="stmt"/>
        <line num="944" count="2" type="stmt"/>
        <line num="945" count="2" type="stmt"/>
        <line num="946" count="2" type="stmt"/>
        <line num="947" count="2" type="stmt"/>
        <line num="948" count="2" type="stmt"/>
        <line num="949" count="2" type="stmt"/>
        <line num="950" count="2" type="stmt"/>
        <line num="951" count="2" type="stmt"/>
        <line num="953" count="2" type="stmt"/>
        <line num="969" count="2" type="cond" truecount="1" falsecount="1"/>
        <line num="970" count="0" type="stmt"/>
        <line num="971" count="0" type="stmt"/>
        <line num="974" count="2" type="stmt"/>
        <line num="977" count="3" type="stmt"/>
        <line num="978" count="3" type="cond" truecount="3" falsecount="1"/>
        <line num="979" count="0" type="stmt"/>
        <line num="982" count="3" type="stmt"/>
        <line num="986" count="3" type="stmt"/>
        <line num="992" count="3" type="cond" truecount="3" falsecount="1"/>
        <line num="993" count="0" type="stmt"/>
        <line num="996" count="3" type="stmt"/>
        <line num="997" count="3" type="stmt"/>
        <line num="998" count="3" type="stmt"/>
        <line num="999" count="3" type="stmt"/>
        <line num="1001" count="3" type="stmt"/>
        <line num="1002" count="3" type="stmt"/>
        <line num="1003" count="3" type="stmt"/>
        <line num="1004" count="3" type="stmt"/>
        <line num="1005" count="3" type="stmt"/>
        <line num="1006" count="3" type="stmt"/>
        <line num="1007" count="3" type="stmt"/>
        <line num="1009" count="3" type="stmt"/>
        <line num="1019" count="3" type="cond" truecount="1" falsecount="1"/>
        <line num="1020" count="0" type="stmt"/>
        <line num="1021" count="0" type="stmt"/>
        <line num="1024" count="3" type="stmt"/>
        <line num="1030" count="4" type="cond" truecount="1" falsecount="1"/>
        <line num="1031" count="0" type="stmt"/>
        <line num="1032" count="0" type="cond" truecount="0" falsecount="2"/>
        <line num="1035" count="0" type="stmt"/>
        <line num="1041" count="0" type="cond" truecount="0" falsecount="4"/>
        <line num="1043" count="0" type="stmt"/>
        <line num="1044" count="0" type="stmt"/>
        <line num="1045" count="0" type="stmt"/>
        <line num="1046" count="0" type="stmt"/>
        <line num="1047" count="0" type="stmt"/>
        <line num="1048" count="0" type="stmt"/>
        <line num="1049" count="0" type="stmt"/>
        <line num="1050" count="0" type="stmt"/>
        <line num="1051" count="0" type="stmt"/>
        <line num="1052" count="0" type="stmt"/>
        <line num="1053" count="0" type="stmt"/>
        <line num="1054" count="0" type="stmt"/>
        <line num="1055" count="0" type="stmt"/>
        <line num="1056" count="0" type="stmt"/>
        <line num="1058" count="0" type="stmt"/>
        <line num="1077" count="0" type="cond" truecount="0" falsecount="2"/>
        <line num="1078" count="0" type="stmt"/>
        <line num="1079" count="0" type="stmt"/>
        <line num="1082" count="0" type="stmt"/>
        <line num="1088" count="4" type="cond" truecount="1" falsecount="1"/>
        <line num="1089" count="4" type="stmt"/>
        <line num="1090" count="4" type="cond" truecount="1" falsecount="1"/>
        <line num="1093" count="4" type="stmt"/>
        <line num="1109" count="4" type="cond" truecount="3" falsecount="1"/>
        <line num="1112" count="4" type="cond" truecount="2" falsecount="0"/>
        <line num="1113" count="2" type="stmt"/>
        <line num="1116" count="2" type="stmt"/>
        <line num="1117" count="2" type="stmt"/>
        <line num="1118" count="2" type="stmt"/>
        <line num="1119" count="2" type="stmt"/>
        <line num="1122" count="2" type="stmt"/>
        <line num="1123" count="4" type="cond" truecount="1" falsecount="1"/>
        <line num="1124" count="4" type="cond" truecount="1" falsecount="1"/>
        <line num="1125" count="4" type="stmt"/>
        <line num="1126" count="8" type="cond" truecount="2" falsecount="0"/>
        <line num="1128" count="4" type="cond" truecount="1" falsecount="1"/>
        <line num="1132" count="2" type="cond" truecount="1" falsecount="1"/>
        <line num="1133" count="0" type="stmt"/>
        <line num="1134" count="0" type="stmt"/>
        <line num="1135" count="0" type="stmt"/>
        <line num="1136" count="0" type="stmt"/>
        <line num="1137" count="0" type="stmt"/>
        <line num="1138" count="0" type="stmt"/>
        <line num="1139" count="0" type="stmt"/>
        <line num="1140" count="0" type="stmt"/>
        <line num="1142" count="0" type="stmt"/>
        <line num="1158" count="0" type="cond" truecount="0" falsecount="2"/>
        <line num="1159" count="0" type="stmt"/>
        <line num="1160" count="0" type="stmt"/>
        <line num="1165" count="2" type="cond" truecount="3" falsecount="1"/>
        <line num="1166" count="2" type="stmt"/>
        <line num="1167" count="2" type="cond" truecount="1" falsecount="1"/>
        <line num="1168" count="2" type="stmt"/>
        <line num="1169" count="2" type="stmt"/>
        <line num="1170" count="2" type="stmt"/>
        <line num="1171" count="2" type="stmt"/>
        <line num="1172" count="2" type="stmt"/>
        <line num="1173" count="2" type="stmt"/>
        <line num="1174" count="2" type="stmt"/>
        <line num="1175" count="2" type="stmt"/>
        <line num="1177" count="2" type="stmt"/>
        <line num="1193" count="2" type="cond" truecount="1" falsecount="1"/>
        <line num="1194" count="0" type="stmt"/>
        <line num="1195" count="0" type="stmt"/>
        <line num="1198" count="2" type="stmt"/>
        <line num="1199" count="2" type="stmt"/>
        <line num="1200" count="2" type="stmt"/>
        <line num="1202" count="2" type="stmt"/>
        <line num="1216" count="2" type="cond" truecount="1" falsecount="1"/>
        <line num="1217" count="0" type="stmt"/>
        <line num="1218" count="0" type="stmt"/>
        <line num="1220" count="0" type="cond" truecount="0" falsecount="2"/>
        <line num="1221" count="0" type="stmt"/>
        <line num="1222" count="0" type="stmt"/>
        <line num="1223" count="0" type="stmt"/>
        <line num="1224" count="0" type="stmt"/>
        <line num="1225" count="0" type="stmt"/>
        <line num="1226" count="0" type="stmt"/>
        <line num="1227" count="0" type="stmt"/>
        <line num="1228" count="0" type="stmt"/>
        <line num="1230" count="0" type="stmt"/>
        <line num="1246" count="0" type="cond" truecount="0" falsecount="2"/>
        <line num="1247" count="0" type="stmt"/>
        <line num="1248" count="0" type="stmt"/>
        <line num="1254" count="2" type="cond" truecount="2" falsecount="2"/>
        <line num="1255" count="0" type="stmt"/>
        <line num="1256" count="0" type="stmt"/>
        <line num="1257" count="0" type="cond" truecount="0" falsecount="2"/>
        <line num="1258" count="0" type="cond" truecount="0" falsecount="2"/>
        <line num="1260" count="0" type="stmt"/>
        <line num="1265" count="0" type="cond" truecount="0" falsecount="2"/>
        <line num="1266" count="0" type="stmt"/>
        <line num="1268" count="0" type="stmt"/>
        <line num="1271" count="0" type="stmt"/>
        <line num="1272" count="0" type="cond" truecount="0" falsecount="2"/>
        <line num="1273" count="0" type="stmt"/>
        <line num="1274" count="0" type="stmt"/>
        <line num="1277" count="0" type="cond" truecount="0" falsecount="4"/>
        <line num="1278" count="0" type="stmt"/>
        <line num="1279" count="0" type="stmt"/>
        <line num="1280" count="0" type="stmt"/>
        <line num="1281" count="0" type="stmt"/>
        <line num="1283" count="0" type="stmt"/>
        <line num="1293" count="0" type="cond" truecount="0" falsecount="2"/>
        <line num="1294" count="0" type="stmt"/>
        <line num="1295" count="0" type="stmt"/>
        <line num="1301" count="2" type="stmt"/>
        <line num="1306" count="2" type="cond" truecount="1" falsecount="1"/>
        <line num="1307" count="0" type="stmt"/>
        <line num="1308" count="0" type="stmt"/>
        <line num="1311" count="2" type="stmt"/>
        <line num="1314" count="0" type="stmt"/>
        <line num="1316" count="0" type="stmt"/>
        <line num="1317" count="0" type="cond" truecount="0" falsecount="2"/>
      </file>
      <file name="storeInventory.ts" path="D:\Neura Agency\Trendy Wear\Trendy-wear\pages\api\storeInventory.ts">
        <metrics statements="415" coveredstatements="64" conditionals="454" coveredconditionals="50" methods="32" coveredmethods="5"/>
        <line num="2" count="4" type="stmt"/>
        <line num="3" count="4" type="stmt"/>
        <line num="11" count="4" type="stmt"/>
        <line num="14" count="465" type="stmt"/>
        <line num="15" count="465" type="cond" truecount="2" falsecount="0"/>
        <line num="20" count="0" type="cond" truecount="0" falsecount="4"/>
        <line num="21" count="0" type="cond" truecount="0" falsecount="2"/>
        <line num="22" count="0" type="stmt"/>
        <line num="24" count="0" type="stmt"/>
        <line num="27" count="31" type="stmt"/>
        <line num="28" count="31" type="stmt"/>
        <line num="30" count="31" type="cond" truecount="1" falsecount="1"/>
        <line num="31" count="31" type="cond" truecount="3" falsecount="1"/>
        <line num="32" count="31" type="cond" truecount="1" falsecount="1"/>
        <line num="34" count="31" type="cond" truecount="1" falsecount="1"/>
        <line num="35" count="0" type="stmt"/>
        <line num="37" count="0" type="stmt"/>
        <line num="68" count="0" type="cond" truecount="0" falsecount="2"/>
        <line num="69" count="0" type="cond" truecount="0" falsecount="2"/>
        <line num="72" count="0" type="stmt"/>
        <line num="73" count="0" type="cond" truecount="0" falsecount="2"/>
        <line num="74" count="0" type="stmt"/>
        <line num="75" count="0" type="stmt"/>
        <line num="78" count="0" type="stmt"/>
        <line num="79" count="0" type="stmt"/>
        <line num="80" count="0" type="stmt"/>
        <line num="82" count="0" type="cond" truecount="0" falsecount="2"/>
        <line num="83" count="0" type="stmt"/>
        <line num="84" count="0" type="cond" truecount="0" falsecount="3"/>
        <line num="85" count="0" type="cond" truecount="0" falsecount="2"/>
        <line num="87" count="0" type="cond" truecount="0" falsecount="2"/>
        <line num="88" count="0" type="stmt"/>
        <line num="89" count="0" type="stmt"/>
        <line num="91" count="0" type="cond" truecount="0" falsecount="2"/>
        <line num="92" count="0" type="cond" truecount="0" falsecount="2"/>
        <line num="93" count="0" type="stmt"/>
        <line num="94" count="0" type="cond" truecount="0" falsecount="4"/>
        <line num="95" count="0" type="stmt"/>
        <line num="97" count="0" type="cond" truecount="0" falsecount="4"/>
        <line num="98" count="0" type="stmt"/>
        <line num="103" count="0" type="cond" truecount="0" falsecount="4"/>
        <line num="104" count="0" type="stmt"/>
        <line num="132" count="0" type="stmt"/>
        <line num="141" count="31" type="cond" truecount="1" falsecount="1"/>
        <line num="142" count="31" type="cond" truecount="1" falsecount="1"/>
        <line num="143" count="31" type="stmt"/>
        <line num="145" count="31" type="cond" truecount="3" falsecount="1"/>
        <line num="146" count="0" type="stmt"/>
        <line num="149" count="31" type="stmt"/>
        <line num="155" count="31" type="cond" truecount="1" falsecount="1"/>
        <line num="156" count="0" type="stmt"/>
        <line num="157" count="0" type="stmt"/>
        <line num="159" count="31" type="cond" truecount="1" falsecount="1"/>
        <line num="161" count="31" type="stmt"/>
        <line num="167" count="31" type="cond" truecount="1" falsecount="1"/>
        <line num="168" count="0" type="stmt"/>
        <line num="169" count="0" type="stmt"/>
        <line num="171" count="31" type="cond" truecount="1" falsecount="1"/>
        <line num="172" count="31" type="cond" truecount="1" falsecount="1"/>
        <line num="175" count="31" type="stmt"/>
        <line num="176" count="31" type="stmt"/>
        <line num="177" count="31" type="stmt"/>
        <line num="178" count="31" type="cond" truecount="1" falsecount="1"/>
        <line num="179" count="31" type="cond" truecount="1" falsecount="1"/>
        <line num="181" count="31" type="cond" truecount="1" falsecount="1"/>
        <line num="182" count="31" type="stmt"/>
        <line num="183" count="0" type="cond" truecount="0" falsecount="2"/>
        <line num="184" count="0" type="stmt"/>
        <line num="185" count="0" type="cond" truecount="0" falsecount="2"/>
        <line num="188" count="0" type="cond" truecount="0" falsecount="2"/>
        <line num="189" count="0" type="stmt"/>
        <line num="190" count="0" type="cond" truecount="0" falsecount="2"/>
        <line num="196" count="31" type="cond" truecount="3" falsecount="1"/>
        <line num="197" count="0" type="stmt"/>
        <line num="200" count="31" type="stmt"/>
        <line num="201" count="31" type="cond" truecount="1" falsecount="1"/>
        <line num="202" count="0" type="stmt"/>
        <line num="206" count="31" type="cond" truecount="3" falsecount="1"/>
        <line num="208" count="31" type="stmt"/>
        <line num="209" count="93" type="cond" truecount="1" falsecount="1"/>
        <line num="210" count="93" type="cond" truecount="1" falsecount="1"/>
        <line num="211" count="0" type="stmt"/>
        <line num="218" count="31" type="cond" truecount="3" falsecount="1"/>
        <line num="219" count="31" type="stmt"/>
        <line num="220" count="62" type="cond" truecount="1" falsecount="1"/>
        <line num="221" count="62" type="cond" truecount="1" falsecount="1"/>
        <line num="222" count="0" type="stmt"/>
        <line num="229" count="31" type="stmt"/>
        <line num="230" count="124" type="cond" truecount="3" falsecount="1"/>
        <line num="231" count="124" type="stmt"/>
        <line num="232" count="124" type="stmt"/>
        <line num="233" count="310" type="stmt"/>
        <line num="235" count="124" type="stmt"/>
        <line num="238" count="31" type="stmt"/>
        <line num="239" count="31" type="cond" truecount="1" falsecount="1"/>
        <line num="240" count="0" type="stmt"/>
        <line num="243" count="31" type="stmt"/>
        <line num="244" count="31" type="stmt"/>
        <line num="247" count="31" type="stmt"/>
        <line num="248" count="31" type="stmt"/>
        <line num="252" count="31" type="cond" truecount="3" falsecount="1"/>
        <line num="253" count="31" type="stmt"/>
        <line num="254" count="31" type="stmt"/>
        <line num="255" count="124" type="stmt"/>
        <line num="256" count="124" type="cond" truecount="3" falsecount="0"/>
        <line num="258" count="31" type="cond" truecount="1" falsecount="1"/>
        <line num="261" count="31" type="stmt"/>
        <line num="283" count="31" type="cond" truecount="1" falsecount="1"/>
        <line num="284" count="0" type="stmt"/>
        <line num="285" count="0" type="stmt"/>
        <line num="289" count="31" type="stmt"/>
        <line num="290" count="31" type="stmt"/>
        <line num="296" count="31" type="cond" truecount="1" falsecount="1"/>
        <line num="297" count="0" type="stmt"/>
        <line num="298" count="0" type="cond" truecount="0" falsecount="2"/>
        <line num="299" count="0" type="stmt"/>
        <line num="300" count="0" type="cond" truecount="0" falsecount="2"/>
        <line num="301" count="0" type="stmt"/>
        <line num="313" count="31" type="stmt"/>
        <line num="316" count="0" type="cond" truecount="0" falsecount="2"/>
        <line num="318" count="0" type="cond" truecount="0" falsecount="2"/>
        <line num="319" count="0" type="cond" truecount="0" falsecount="2"/>
        <line num="320" count="0" type="cond" truecount="0" falsecount="2"/>
        <line num="321" count="0" type="stmt"/>
        <line num="322" count="0" type="cond" truecount="0" falsecount="2"/>
        <line num="325" count="0" type="stmt"/>
        <line num="331" count="0" type="cond" truecount="0" falsecount="4"/>
        <line num="333" count="0" type="cond" truecount="0" falsecount="2"/>
        <line num="334" count="0" type="cond" truecount="0" falsecount="2"/>
        <line num="335" count="0" type="stmt"/>
        <line num="338" count="0" type="stmt"/>
        <line num="339" count="0" type="stmt"/>
        <line num="340" count="0" type="cond" truecount="0" falsecount="2"/>
        <line num="341" count="0" type="cond" truecount="0" falsecount="2"/>
        <line num="344" count="0" type="cond" truecount="0" falsecount="2"/>
        <line num="345" count="0" type="cond" truecount="0" falsecount="2"/>
        <line num="346" count="0" type="cond" truecount="0" falsecount="2"/>
        <line num="347" count="0" type="stmt"/>
        <line num="348" count="0" type="cond" truecount="0" falsecount="2"/>
        <line num="349" count="0" type="cond" truecount="0" falsecount="2"/>
        <line num="353" count="0" type="cond" truecount="0" falsecount="2"/>
        <line num="354" count="0" type="cond" truecount="0" falsecount="2"/>
        <line num="355" count="0" type="cond" truecount="0" falsecount="2"/>
        <line num="356" count="0" type="stmt"/>
        <line num="357" count="0" type="cond" truecount="0" falsecount="2"/>
        <line num="358" count="0" type="cond" truecount="0" falsecount="2"/>
        <line num="362" count="0" type="cond" truecount="0" falsecount="2"/>
        <line num="365" count="0" type="cond" truecount="0" falsecount="2"/>
        <line num="366" count="0" type="stmt"/>
        <line num="368" count="0" type="cond" truecount="0" falsecount="2"/>
        <line num="369" count="0" type="stmt"/>
        <line num="370" count="0" type="cond" truecount="0" falsecount="2"/>
        <line num="371" count="0" type="cond" truecount="0" falsecount="2"/>
        <line num="372" count="0" type="stmt"/>
        <line num="376" count="0" type="cond" truecount="0" falsecount="2"/>
        <line num="377" count="0" type="stmt"/>
        <line num="378" count="0" type="cond" truecount="0" falsecount="2"/>
        <line num="379" count="0" type="cond" truecount="0" falsecount="2"/>
        <line num="380" count="0" type="stmt"/>
        <line num="388" count="0" type="stmt"/>
        <line num="396" count="0" type="cond" truecount="0" falsecount="2"/>
        <line num="397" count="0" type="cond" truecount="0" falsecount="2"/>
        <line num="402" count="0" type="cond" truecount="0" falsecount="2"/>
        <line num="403" count="0" type="stmt"/>
        <line num="404" count="0" type="stmt"/>
        <line num="408" count="0" type="cond" truecount="0" falsecount="2"/>
        <line num="409" count="0" type="stmt"/>
        <line num="415" count="0" type="cond" truecount="0" falsecount="4"/>
        <line num="416" count="0" type="cond" truecount="0" falsecount="2"/>
        <line num="417" count="0" type="cond" truecount="0" falsecount="2"/>
        <line num="418" count="0" type="stmt"/>
        <line num="419" count="0" type="cond" truecount="0" falsecount="2"/>
        <line num="422" count="0" type="cond" truecount="0" falsecount="2"/>
        <line num="423" count="0" type="cond" truecount="0" falsecount="2"/>
        <line num="424" count="0" type="stmt"/>
        <line num="425" count="0" type="cond" truecount="0" falsecount="2"/>
        <line num="429" count="0" type="stmt"/>
        <line num="439" count="0" type="cond" truecount="0" falsecount="2"/>
        <line num="443" count="0" type="stmt"/>
        <line num="447" count="0" type="cond" truecount="0" falsecount="2"/>
        <line num="449" count="0" type="cond" truecount="0" falsecount="2"/>
        <line num="450" count="0" type="cond" truecount="0" falsecount="4"/>
        <line num="453" count="0" type="stmt"/>
        <line num="454" count="0" type="cond" truecount="0" falsecount="2"/>
        <line num="455" count="0" type="cond" truecount="0" falsecount="2"/>
        <line num="456" count="0" type="cond" truecount="0" falsecount="2"/>
        <line num="457" count="0" type="cond" truecount="0" falsecount="2"/>
        <line num="458" count="0" type="cond" truecount="0" falsecount="2"/>
        <line num="462" count="0" type="stmt"/>
        <line num="468" count="0" type="cond" truecount="0" falsecount="2"/>
        <line num="469" count="0" type="stmt"/>
        <line num="470" count="0" type="stmt"/>
        <line num="472" count="0" type="cond" truecount="0" falsecount="2"/>
        <line num="475" count="0" type="stmt"/>
        <line num="481" count="0" type="cond" truecount="0" falsecount="2"/>
        <line num="482" count="0" type="stmt"/>
        <line num="483" count="0" type="stmt"/>
        <line num="486" count="0" type="cond" truecount="0" falsecount="2"/>
        <line num="489" count="0" type="stmt"/>
        <line num="495" count="0" type="cond" truecount="0" falsecount="2"/>
        <line num="496" count="0" type="stmt"/>
        <line num="497" count="0" type="stmt"/>
        <line num="499" count="0" type="cond" truecount="0" falsecount="2"/>
        <line num="501" count="0" type="stmt"/>
        <line num="502" count="0" type="stmt"/>
        <line num="503" count="0" type="stmt"/>
        <line num="504" count="0" type="stmt"/>
        <line num="506" count="0" type="cond" truecount="0" falsecount="2"/>
        <line num="507" count="0" type="stmt"/>
        <line num="511" count="0" type="stmt"/>
        <line num="512" count="0" type="cond" truecount="0" falsecount="4"/>
        <line num="513" count="0" type="stmt"/>
        <line num="519" count="0" type="stmt"/>
        <line num="522" count="0" type="cond" truecount="0" falsecount="2"/>
        <line num="523" count="0" type="stmt"/>
        <line num="524" count="0" type="cond" truecount="0" falsecount="2"/>
        <line num="526" count="0" type="stmt"/>
        <line num="532" count="0" type="cond" truecount="0" falsecount="2"/>
        <line num="533" count="0" type="stmt"/>
        <line num="534" count="0" type="stmt"/>
        <line num="536" count="0" type="cond" truecount="0" falsecount="2"/>
        <line num="538" count="0" type="stmt"/>
        <line num="544" count="0" type="cond" truecount="0" falsecount="2"/>
        <line num="545" count="0" type="stmt"/>
        <line num="546" count="0" type="stmt"/>
        <line num="548" count="0" type="cond" truecount="0" falsecount="2"/>
        <line num="550" count="0" type="stmt"/>
        <line num="551" count="0" type="cond" truecount="0" falsecount="2"/>
        <line num="553" count="0" type="stmt"/>
        <line num="559" count="0" type="cond" truecount="0" falsecount="2"/>
        <line num="560" count="0" type="stmt"/>
        <line num="561" count="0" type="stmt"/>
        <line num="564" count="0" type="cond" truecount="0" falsecount="2"/>
        <line num="565" count="0" type="stmt"/>
        <line num="566" count="0" type="cond" truecount="0" falsecount="2"/>
        <line num="567" count="0" type="cond" truecount="0" falsecount="2"/>
        <line num="568" count="0" type="stmt"/>
        <line num="569" count="0" type="cond" truecount="0" falsecount="2"/>
        <line num="570" count="0" type="stmt"/>
        <line num="571" count="0" type="cond" truecount="0" falsecount="2"/>
        <line num="576" count="0" type="stmt"/>
        <line num="577" count="0" type="stmt"/>
        <line num="578" count="0" type="stmt"/>
        <line num="579" count="0" type="stmt"/>
        <line num="580" count="0" type="cond" truecount="0" falsecount="2"/>
        <line num="581" count="0" type="stmt"/>
        <line num="586" count="0" type="cond" truecount="0" falsecount="2"/>
        <line num="587" count="0" type="stmt"/>
        <line num="588" count="0" type="stmt"/>
        <line num="589" count="0" type="stmt"/>
        <line num="590" count="0" type="stmt"/>
        <line num="591" count="0" type="stmt"/>
        <line num="593" count="0" type="stmt"/>
        <line num="594" count="0" type="stmt"/>
        <line num="595" count="0" type="cond" truecount="0" falsecount="2"/>
        <line num="596" count="0" type="stmt"/>
        <line num="600" count="0" type="cond" truecount="0" falsecount="2"/>
        <line num="601" count="0" type="cond" truecount="0" falsecount="2"/>
        <line num="602" count="0" type="stmt"/>
        <line num="603" count="0" type="stmt"/>
        <line num="604" count="0" type="stmt"/>
        <line num="605" count="0" type="stmt"/>
        <line num="606" count="0" type="stmt"/>
        <line num="607" count="0" type="stmt"/>
        <line num="612" count="0" type="stmt"/>
        <line num="613" count="0" type="stmt"/>
        <line num="614" count="0" type="stmt"/>
        <line num="615" count="0" type="stmt"/>
        <line num="616" count="0" type="stmt"/>
        <line num="617" count="0" type="stmt"/>
        <line num="621" count="0" type="stmt"/>
        <line num="622" count="0" type="stmt"/>
        <line num="623" count="0" type="stmt"/>
        <line num="624" count="0" type="stmt"/>
        <line num="625" count="0" type="stmt"/>
        <line num="626" count="0" type="stmt"/>
        <line num="627" count="0" type="stmt"/>
        <line num="628" count="0" type="stmt"/>
        <line num="631" count="0" type="cond" truecount="0" falsecount="2"/>
        <line num="633" count="0" type="cond" truecount="0" falsecount="2"/>
        <line num="636" count="0" type="stmt"/>
        <line num="642" count="0" type="cond" truecount="0" falsecount="2"/>
        <line num="643" count="0" type="stmt"/>
        <line num="644" count="0" type="stmt"/>
        <line num="646" count="0" type="cond" truecount="0" falsecount="2"/>
        <line num="649" count="0" type="stmt"/>
        <line num="655" count="0" type="cond" truecount="0" falsecount="2"/>
        <line num="656" count="0" type="stmt"/>
        <line num="657" count="0" type="stmt"/>
        <line num="661" count="0" type="stmt"/>
        <line num="667" count="0" type="cond" truecount="0" falsecount="2"/>
        <line num="668" count="0" type="stmt"/>
        <line num="669" count="0" type="stmt"/>
        <line num="671" count="0" type="cond" truecount="0" falsecount="2"/>
        <line num="673" count="0" type="cond" truecount="0" falsecount="2"/>
        <line num="676" count="0" type="stmt"/>
        <line num="677" count="0" type="cond" truecount="0" falsecount="2"/>
        <line num="678" count="0" type="cond" truecount="0" falsecount="2"/>
        <line num="679" count="0" type="cond" truecount="0" falsecount="4"/>
        <line num="683" count="0" type="cond" truecount="0" falsecount="2"/>
        <line num="684" count="0" type="cond" truecount="0" falsecount="2"/>
        <line num="685" count="0" type="stmt"/>
        <line num="686" count="0" type="stmt"/>
        <line num="687" count="0" type="cond" truecount="0" falsecount="4"/>
        <line num="691" count="0" type="stmt"/>
        <line num="692" count="0" type="stmt"/>
        <line num="693" count="0" type="cond" truecount="0" falsecount="2"/>
        <line num="694" count="0" type="cond" truecount="0" falsecount="2"/>
        <line num="695" count="0" type="cond" truecount="0" falsecount="2"/>
        <line num="696" count="0" type="cond" truecount="0" falsecount="2"/>
        <line num="697" count="0" type="stmt"/>
        <line num="699" count="0" type="cond" truecount="0" falsecount="2"/>
        <line num="700" count="0" type="stmt"/>
        <line num="703" count="0" type="stmt"/>
        <line num="704" count="0" type="stmt"/>
        <line num="706" count="0" type="cond" truecount="0" falsecount="2"/>
        <line num="707" count="0" type="cond" truecount="0" falsecount="2"/>
        <line num="709" count="0" type="stmt"/>
        <line num="715" count="0" type="cond" truecount="0" falsecount="2"/>
        <line num="716" count="0" type="stmt"/>
        <line num="717" count="0" type="stmt"/>
        <line num="719" count="0" type="cond" truecount="0" falsecount="2"/>
        <line num="721" count="0" type="stmt"/>
        <line num="727" count="0" type="cond" truecount="0" falsecount="2"/>
        <line num="728" count="0" type="stmt"/>
        <line num="729" count="0" type="stmt"/>
        <line num="732" count="0" type="stmt"/>
        <line num="738" count="0" type="cond" truecount="0" falsecount="2"/>
        <line num="739" count="0" type="stmt"/>
        <line num="740" count="0" type="stmt"/>
        <line num="742" count="0" type="cond" truecount="0" falsecount="2"/>
        <line num="744" count="0" type="cond" truecount="0" falsecount="2"/>
        <line num="745" count="0" type="stmt"/>
        <line num="746" count="0" type="cond" truecount="0" falsecount="2"/>
        <line num="747" count="0" type="cond" truecount="0" falsecount="2"/>
        <line num="748" count="0" type="cond" truecount="0" falsecount="4"/>
        <line num="752" count="0" type="cond" truecount="0" falsecount="2"/>
        <line num="753" count="0" type="cond" truecount="0" falsecount="2"/>
        <line num="754" count="0" type="stmt"/>
        <line num="755" count="0" type="stmt"/>
        <line num="756" count="0" type="cond" truecount="0" falsecount="4"/>
        <line num="760" count="0" type="stmt"/>
        <line num="761" count="0" type="stmt"/>
        <line num="762" count="0" type="cond" truecount="0" falsecount="2"/>
        <line num="763" count="0" type="cond" truecount="0" falsecount="2"/>
        <line num="764" count="0" type="cond" truecount="0" falsecount="2"/>
        <line num="765" count="0" type="cond" truecount="0" falsecount="2"/>
        <line num="766" count="0" type="stmt"/>
        <line num="768" count="0" type="cond" truecount="0" falsecount="2"/>
        <line num="769" count="0" type="stmt"/>
        <line num="772" count="0" type="stmt"/>
        <line num="773" count="0" type="stmt"/>
        <line num="775" count="0" type="cond" truecount="0" falsecount="2"/>
        <line num="776" count="0" type="cond" truecount="0" falsecount="2"/>
        <line num="777" count="0" type="stmt"/>
        <line num="781" count="0" type="cond" truecount="0" falsecount="2"/>
        <line num="782" count="0" type="stmt"/>
        <line num="787" count="0" type="cond" truecount="0" falsecount="2"/>
        <line num="788" count="0" type="stmt"/>
        <line num="789" count="0" type="stmt"/>
        <line num="791" count="0" type="cond" truecount="0" falsecount="2"/>
        <line num="792" count="0" type="stmt"/>
        <line num="795" count="0" type="cond" truecount="0" falsecount="2"/>
        <line num="798" count="0" type="cond" truecount="0" falsecount="2"/>
        <line num="799" count="0" type="stmt"/>
        <line num="801" count="0" type="stmt"/>
        <line num="807" count="0" type="cond" truecount="0" falsecount="2"/>
        <line num="808" count="0" type="stmt"/>
        <line num="809" count="0" type="stmt"/>
        <line num="811" count="0" type="cond" truecount="0" falsecount="2"/>
        <line num="813" count="0" type="cond" truecount="0" falsecount="2"/>
        <line num="814" count="0" type="stmt"/>
        <line num="815" count="0" type="cond" truecount="0" falsecount="4"/>
        <line num="816" count="0" type="stmt"/>
        <line num="822" count="0" type="cond" truecount="0" falsecount="2"/>
        <line num="823" count="0" type="stmt"/>
        <line num="824" count="0" type="stmt"/>
        <line num="826" count="0" type="cond" truecount="0" falsecount="2"/>
        <line num="828" count="0" type="stmt"/>
        <line num="829" count="0" type="cond" truecount="0" falsecount="2"/>
        <line num="830" count="0" type="cond" truecount="0" falsecount="2"/>
        <line num="833" count="0" type="stmt"/>
        <line num="839" count="0" type="stmt"/>
        <line num="840" count="0" type="cond" truecount="0" falsecount="2"/>
        <line num="841" count="0" type="stmt"/>
        <line num="842" count="0" type="cond" truecount="0" falsecount="2"/>
        <line num="843" count="0" type="stmt"/>
        <line num="853" count="0" type="cond" truecount="0" falsecount="2"/>
        <line num="855" count="0" type="stmt"/>
        <line num="862" count="0" type="cond" truecount="0" falsecount="2"/>
        <line num="865" count="0" type="stmt"/>
        <line num="872" count="0" type="cond" truecount="0" falsecount="2"/>
        <line num="873" count="0" type="stmt"/>
        <line num="874" count="0" type="stmt"/>
        <line num="877" count="0" type="stmt"/>
        <line num="880" count="0" type="cond" truecount="0" falsecount="2"/>
        <line num="882" count="0" type="cond" truecount="0" falsecount="2"/>
        <line num="883" count="0" type="cond" truecount="0" falsecount="2"/>
        <line num="886" count="0" type="stmt"/>
        <line num="892" count="0" type="cond" truecount="0" falsecount="4"/>
        <line num="893" count="0" type="stmt"/>
        <line num="896" count="0" type="cond" truecount="0" falsecount="2"/>
        <line num="899" count="0" type="cond" truecount="0" falsecount="4"/>
        <line num="900" count="0" type="stmt"/>
        <line num="906" count="0" type="cond" truecount="0" falsecount="4"/>
        <line num="907" count="0" type="cond" truecount="0" falsecount="2"/>
        <line num="908" count="0" type="stmt"/>
        <line num="916" count="0" type="stmt"/>
        <line num="921" count="0" type="cond" truecount="0" falsecount="2"/>
        <line num="922" count="0" type="stmt"/>
        <line num="923" count="0" type="stmt"/>
        <line num="926" count="0" type="stmt"/>
        <line num="929" count="0" type="stmt"/>
        <line num="931" count="0" type="stmt"/>
        <line num="932" count="0" type="cond" truecount="0" falsecount="2"/>
      </file>
    </package>
  </project>
</coverage>
