{"D:\\Neura Agency\\Trendy Wear\\Trendy-wear\\components\\Badge.tsx": {"path":"D:\\Neura Agency\\Trendy Wear\\Trendy-wear\\components\\Badge.tsx","statementMap":{"0":{"start":{"line":4,"column":24},"end":{"line":4,"column":30}},"1":{"start":{"line":1,"column":18},"end":{"line":1,"column":null}},"2":{"start":{"line":5,"column":43},"end":{"line":13,"column":null}},"3":{"start":{"line":14,"column":16},"end":{"line":14,"column":43}}},"fnMap":{"0":{"name":"Badge","decl":{"start":{"line":4,"column":24},"end":{"line":4,"column":30}},"loc":{"start":{"line":4,"column":81},"end":{"line":20,"column":null}}}},"branchMap":{"0":{"loc":{"start":{"line":4,"column":32},"end":{"line":4,"column":45}},"type":"default-arg","locations":[{"start":{"line":4,"column":39},"end":{"line":4,"column":45}}]},"1":{"loc":{"start":{"line":4,"column":57},"end":{"line":4,"column":67}},"type":"default-arg","locations":[{"start":{"line":4,"column":65},"end":{"line":4,"column":67}}]},"2":{"loc":{"start":{"line":14,"column":16},"end":{"line":14,"column":43}},"type":"binary-expr","locations":[{"start":{"line":14,"column":16},"end":{"line":14,"column":28}},{"start":{"line":14,"column":32},"end":{"line":14,"column":43}}]}},"s":{"0":7,"1":1,"2":7,"3":7},"f":{"0":7},"b":{"0":[0],"1":[6],"2":[7,0]}}
,"D:\\Neura Agency\\Trendy Wear\\Trendy-wear\\components\\CustomSelect.tsx": {"path":"D:\\Neura Agency\\Trendy Wear\\Trendy-wear\\components\\CustomSelect.tsx","statementMap":{"0":{"start":{"line":16,"column":24},"end":{"line":16,"column":37}},"1":{"start":{"line":1,"column":51},"end":{"line":1,"column":null}},"2":{"start":{"line":17,"column":30},"end":{"line":17,"column":null}},"3":{"start":{"line":18,"column":40},"end":{"line":18,"column":null}},"4":{"start":{"line":19,"column":23},"end":{"line":19,"column":null}},"5":{"start":{"line":20,"column":21},"end":{"line":20,"column":null}},"6":{"start":{"line":22,"column":28},"end":{"line":23,"column":null}},"7":{"start":{"line":23,"column":4},"end":{"line":23,"column":null}},"8":{"start":{"line":26,"column":25},"end":{"line":26,"column":96}},"9":{"start":{"line":26,"column":55},"end":{"line":26,"column":76}},"10":{"start":{"line":28,"column":2},"end":{"line":36,"column":null}},"11":{"start":{"line":29,"column":31},"end":{"line":33,"column":null}},"12":{"start":{"line":30,"column":6},"end":{"line":32,"column":null}},"13":{"start":{"line":31,"column":8},"end":{"line":31,"column":null}},"14":{"start":{"line":34,"column":4},"end":{"line":34,"column":null}},"15":{"start":{"line":35,"column":4},"end":{"line":35,"column":null}},"16":{"start":{"line":35,"column":17},"end":{"line":35,"column":null}},"17":{"start":{"line":38,"column":2},"end":{"line":42,"column":null}},"18":{"start":{"line":39,"column":4},"end":{"line":40,"column":null}},"19":{"start":{"line":39,"column":16},"end":{"line":39,"column":null}},"20":{"start":{"line":39,"column":64},"end":{"line":39,"column":null}},"21":{"start":{"line":40,"column":9},"end":{"line":40,"column":null}},"22":{"start":{"line":44,"column":20},"end":{"line":76,"column":null}},"23":{"start":{"line":45,"column":4},"end":{"line":49,"column":null}},"24":{"start":{"line":46,"column":6},"end":{"line":46,"column":null}},"25":{"start":{"line":47,"column":6},"end":{"line":47,"column":null}},"26":{"start":{"line":48,"column":6},"end":{"line":48,"column":null}},"27":{"start":{"line":51,"column":4},"end":{"line":75,"column":null}},"28":{"start":{"line":52,"column":6},"end":{"line":74,"column":null}},"29":{"start":{"line":53,"column":8},"end":{"line":53,"column":null}},"30":{"start":{"line":54,"column":8},"end":{"line":57,"column":null}},"31":{"start":{"line":55,"column":23},"end":{"line":55,"column":null}},"32":{"start":{"line":56,"column":10},"end":{"line":56,"column":null}},"33":{"start":{"line":58,"column":13},"end":{"line":74,"column":null}},"34":{"start":{"line":59,"column":8},"end":{"line":59,"column":null}},"35":{"start":{"line":60,"column":8},"end":{"line":63,"column":null}},"36":{"start":{"line":61,"column":23},"end":{"line":61,"column":null}},"37":{"start":{"line":62,"column":10},"end":{"line":62,"column":null}},"38":{"start":{"line":64,"column":13},"end":{"line":74,"column":null}},"39":{"start":{"line":65,"column":8},"end":{"line":65,"column":null}},"40":{"start":{"line":66,"column":8},"end":{"line":70,"column":null}},"41":{"start":{"line":67,"column":22},"end":{"line":67,"column":52}},"42":{"start":{"line":68,"column":10},"end":{"line":68,"column":null}},"43":{"start":{"line":69,"column":10},"end":{"line":69,"column":null}},"44":{"start":{"line":71,"column":13},"end":{"line":74,"column":null}},"45":{"start":{"line":72,"column":8},"end":{"line":72,"column":null}},"46":{"start":{"line":73,"column":8},"end":{"line":73,"column":null}},"47":{"start":{"line":104,"column":23},"end":{"line":104,"column":null}},"48":{"start":{"line":156,"column":31},"end":{"line":156,"column":null}},"49":{"start":{"line":157,"column":34},"end":{"line":157,"column":null}},"50":{"start":{"line":158,"column":12},"end":{"line":161,"column":null}},"51":{"start":{"line":165,"column":18},"end":{"line":165,"column":null}},"52":{"start":{"line":166,"column":18},"end":{"line":166,"column":null}},"53":{"start":{"line":168,"column":36},"end":{"line":168,"column":null}}},"fnMap":{"0":{"name":"CustomSelect","decl":{"start":{"line":16,"column":24},"end":{"line":16,"column":37}},"loc":{"start":{"line":16,"column":108},"end":{"line":207,"column":null}}},"1":{"name":"(anonymous_6)","decl":{"start":{"line":22,"column":40},"end":{"line":22,"column":null}},"loc":{"start":{"line":23,"column":4},"end":{"line":23,"column":null}}},"2":{"name":"(anonymous_7)","decl":{"start":{"line":26,"column":48},"end":{"line":26,"column":55}},"loc":{"start":{"line":26,"column":55},"end":{"line":26,"column":76}}},"3":{"name":"(anonymous_8)","decl":{"start":{"line":28,"column":12},"end":{"line":28,"column":null}},"loc":{"start":{"line":28,"column":12},"end":{"line":36,"column":5}}},"4":{"name":"(anonymous_9)","decl":{"start":{"line":29,"column":31},"end":{"line":29,"column":32}},"loc":{"start":{"line":29,"column":32},"end":{"line":33,"column":null}}},"5":{"name":"(anonymous_10)","decl":{"start":{"line":35,"column":11},"end":{"line":35,"column":17}},"loc":{"start":{"line":35,"column":17},"end":{"line":35,"column":null}}},"6":{"name":"(anonymous_11)","decl":{"start":{"line":38,"column":12},"end":{"line":38,"column":null}},"loc":{"start":{"line":38,"column":12},"end":{"line":42,"column":5}}},"7":{"name":"(anonymous_12)","decl":{"start":{"line":39,"column":59},"end":{"line":39,"column":64}},"loc":{"start":{"line":39,"column":64},"end":{"line":39,"column":null}}},"8":{"name":"(anonymous_13)","decl":{"start":{"line":44,"column":20},"end":{"line":44,"column":21}},"loc":{"start":{"line":44,"column":21},"end":{"line":76,"column":null}}},"9":{"name":"(anonymous_14)","decl":{"start":{"line":54,"column":23},"end":{"line":54,"column":null}},"loc":{"start":{"line":54,"column":23},"end":{"line":57,"column":null}}},"10":{"name":"(anonymous_15)","decl":{"start":{"line":60,"column":23},"end":{"line":60,"column":null}},"loc":{"start":{"line":60,"column":23},"end":{"line":63,"column":null}}},"11":{"name":"(anonymous_16)","decl":{"start":{"line":104,"column":17},"end":{"line":104,"column":23}},"loc":{"start":{"line":104,"column":23},"end":{"line":104,"column":null}}},"12":{"name":"(anonymous_17)","decl":{"start":{"line":155,"column":33},"end":{"line":155,"column":34}},"loc":{"start":{"line":155,"column":39},"end":{"line":188,"column":null}}},"13":{"name":"(anonymous_18)","decl":{"start":{"line":164,"column":25},"end":{"line":164,"column":null}},"loc":{"start":{"line":164,"column":25},"end":{"line":167,"column":null}}},"14":{"name":"(anonymous_19)","decl":{"start":{"line":168,"column":30},"end":{"line":168,"column":36}},"loc":{"start":{"line":168,"column":36},"end":{"line":168,"column":null}}}},"branchMap":{"0":{"loc":{"start":{"line":16,"column":72},"end":{"line":16,"column":87}},"type":"default-arg","locations":[{"start":{"line":16,"column":81},"end":{"line":16,"column":87}}]},"1":{"loc":{"start":{"line":23,"column":4},"end":{"line":23,"column":null}},"type":"cond-expr","locations":[{"start":{"line":23,"column":30},"end":{"line":23,"column":56}},{"start":{"line":23,"column":56},"end":{"line":23,"column":null}}]},"2":{"loc":{"start":{"line":26,"column":25},"end":{"line":26,"column":96}},"type":"binary-expr","locations":[{"start":{"line":26,"column":25},"end":{"line":26,"column":76}},{"start":{"line":26,"column":76},"end":{"line":26,"column":96}}]},"3":{"loc":{"start":{"line":30,"column":6},"end":{"line":32,"column":null}},"type":"if","locations":[{"start":{"line":30,"column":6},"end":{"line":32,"column":null}},{"start":{},"end":{}}]},"4":{"loc":{"start":{"line":30,"column":10},"end":{"line":30,"column":88}},"type":"binary-expr","locations":[{"start":{"line":30,"column":10},"end":{"line":30,"column":30}},{"start":{"line":30,"column":34},"end":{"line":30,"column":88}}]},"5":{"loc":{"start":{"line":39,"column":4},"end":{"line":40,"column":null}},"type":"if","locations":[{"start":{"line":39,"column":4},"end":{"line":40,"column":null}},{"start":{"line":40,"column":9},"end":{"line":40,"column":null}}]},"6":{"loc":{"start":{"line":45,"column":4},"end":{"line":49,"column":null}},"type":"if","locations":[{"start":{"line":45,"column":4},"end":{"line":49,"column":null}},{"start":{},"end":{}}]},"7":{"loc":{"start":{"line":45,"column":8},"end":{"line":45,"column":82}},"type":"binary-expr","locations":[{"start":{"line":45,"column":8},"end":{"line":45,"column":20}},{"start":{"line":45,"column":20},"end":{"line":45,"column":45}},{"start":{"line":45,"column":45},"end":{"line":45,"column":66}},{"start":{"line":45,"column":66},"end":{"line":45,"column":78}}]},"8":{"loc":{"start":{"line":51,"column":4},"end":{"line":75,"column":null}},"type":"if","locations":[{"start":{"line":51,"column":4},"end":{"line":75,"column":null}},{"start":{},"end":{}}]},"9":{"loc":{"start":{"line":52,"column":6},"end":{"line":74,"column":null}},"type":"if","locations":[{"start":{"line":52,"column":6},"end":{"line":74,"column":null}},{"start":{"line":58,"column":13},"end":{"line":74,"column":null}}]},"10":{"loc":{"start":{"line":55,"column":24},"end":{"line":55,"column":48}},"type":"cond-expr","locations":[{"start":{"line":55,"column":40},"end":{"line":55,"column":45}},{"start":{"line":55,"column":45},"end":{"line":55,"column":48}}]},"11":{"loc":{"start":{"line":56,"column":17},"end":{"line":56,"column":null}},"type":"cond-expr","locations":[{"start":{"line":56,"column":52},"end":{"line":56,"column":83}},{"start":{"line":56,"column":83},"end":{"line":56,"column":null}}]},"12":{"loc":{"start":{"line":58,"column":13},"end":{"line":74,"column":null}},"type":"if","locations":[{"start":{"line":58,"column":13},"end":{"line":74,"column":null}},{"start":{"line":64,"column":13},"end":{"line":74,"column":null}}]},"13":{"loc":{"start":{"line":61,"column":24},"end":{"line":61,"column":70}},"type":"cond-expr","locations":[{"start":{"line":61,"column":40},"end":{"line":61,"column":64}},{"start":{"line":61,"column":67},"end":{"line":61,"column":70}}]},"14":{"loc":{"start":{"line":62,"column":17},"end":{"line":62,"column":null}},"type":"cond-expr","locations":[{"start":{"line":62,"column":28},"end":{"line":62,"column":32}},{"start":{"line":62,"column":32},"end":{"line":62,"column":null}}]},"15":{"loc":{"start":{"line":64,"column":13},"end":{"line":74,"column":null}},"type":"if","locations":[{"start":{"line":64,"column":13},"end":{"line":74,"column":null}},{"start":{"line":71,"column":13},"end":{"line":74,"column":null}}]},"16":{"loc":{"start":{"line":66,"column":8},"end":{"line":70,"column":null}},"type":"if","locations":[{"start":{"line":66,"column":8},"end":{"line":70,"column":null}},{"start":{},"end":{}}]},"17":{"loc":{"start":{"line":71,"column":13},"end":{"line":74,"column":null}},"type":"if","locations":[{"start":{"line":71,"column":13},"end":{"line":74,"column":null}},{"start":{},"end":{}}]},"18":{"loc":{"start":{"line":85,"column":16},"end":{"line":85,"column":null}},"type":"cond-expr","locations":[{"start":{"line":85,"column":25},"end":{"line":85,"column":32}},{"start":{"line":85,"column":32},"end":{"line":85,"column":null}}]},"19":{"loc":{"start":{"line":88,"column":7},"end":{"line":88,"column":null}},"type":"binary-expr","locations":[{"start":{"line":88,"column":7},"end":{"line":88,"column":null}}]},"20":{"loc":{"start":{"line":103,"column":44},"end":{"line":103,"column":66}},"type":"cond-expr","locations":[{"start":{"line":103,"column":53},"end":{"line":103,"column":62}},{"start":{"line":103,"column":62},"end":{"line":103,"column":66}}]},"21":{"loc":{"start":{"line":128,"column":21},"end":{"line":128,"column":null}},"type":"cond-expr","locations":[{"start":{"line":128,"column":30},"end":{"line":128,"column":49}},{"start":{"line":128,"column":49},"end":{"line":128,"column":null}}]},"22":{"loc":{"start":{"line":135,"column":7},"end":{"line":135,"column":null}},"type":"binary-expr","locations":[{"start":{"line":135,"column":7},"end":{"line":135,"column":null}}]},"23":{"loc":{"start":{"line":139,"column":33},"end":{"line":139,"column":null}},"type":"cond-expr","locations":[{"start":{"line":139,"column":56},"end":{"line":139,"column":76}},{"start":{"line":139,"column":79},"end":{"line":139,"column":null}}]},"24":{"loc":{"start":{"line":173,"column":30},"end":{"line":173,"column":null}},"type":"cond-expr","locations":[{"start":{"line":173,"column":43},"end":{"line":173,"column":64}},{"start":{"line":173,"column":64},"end":{"line":173,"column":null}}]},"25":{"loc":{"start":{"line":173,"column":64},"end":{"line":173,"column":null}},"type":"cond-expr","locations":[{"start":{"line":173,"column":80},"end":{"line":173,"column":100}},{"start":{"line":173,"column":100},"end":{"line":173,"column":null}}]},"26":{"loc":{"start":{"line":174,"column":25},"end":{"line":174,"column":null}},"type":"cond-expr","locations":[{"start":{"line":174,"column":38},"end":{"line":174,"column":53}},{"start":{"line":174,"column":53},"end":{"line":174,"column":null}}]},"27":{"loc":{"start":{"line":175,"column":30},"end":{"line":175,"column":null}},"type":"cond-expr","locations":[{"start":{"line":175,"column":43},"end":{"line":175,"column":49}},{"start":{"line":175,"column":49},"end":{"line":175,"column":null}}]},"28":{"loc":{"start":{"line":183,"column":17},"end":{"line":183,"column":null}},"type":"binary-expr","locations":[{"start":{"line":183,"column":17},"end":{"line":183,"column":null}}]}},"s":{"0":6,"1":1,"2":14,"3":14,"4":14,"5":14,"6":14,"7":41,"8":14,"9":15,"10":14,"11":6,"12":0,"13":0,"14":6,"15":6,"16":6,"17":14,"18":10,"19":3,"20":3,"21":7,"22":14,"23":0,"24":0,"25":0,"26":0,"27":0,"28":0,"29":0,"30":0,"31":0,"32":0,"33":0,"34":0,"35":0,"36":0,"37":0,"38":0,"39":0,"40":0,"41":0,"42":0,"43":0,"44":0,"45":0,"46":0,"47":3,"48":18,"49":18,"50":18,"51":1,"52":1,"53":0},"f":{"0":14,"1":41,"2":15,"3":6,"4":0,"5":6,"6":10,"7":3,"8":0,"9":0,"10":0,"11":3,"12":18,"13":1,"14":0},"b":{"0":[14],"1":[39,2],"2":[14,0],"3":[0,0],"4":[0,0],"5":[3,7],"6":[0,0],"7":[0,0,0,0],"8":[0,0],"9":[0,0],"10":[0,0],"11":[0,0],"12":[0,0],"13":[0,0],"14":[0,0],"15":[0,0],"16":[0,0],"17":[0,0],"18":[6,8],"19":[14],"20":[6,8],"21":[6,8],"22":[14],"23":[3,3],"24":[6,12],"25":[0,12],"26":[6,12],"27":[6,12],"28":[18]}}
,"D:\\Neura Agency\\Trendy Wear\\Trendy-wear\\components\\Login.tsx": {"path":"D:\\Neura Agency\\Trendy Wear\\Trendy-wear\\components\\Login.tsx","statementMap":{"0":{"start":{"line":9,"column":24},"end":{"line":9,"column":30}},"1":{"start":{"line":1,"column":25},"end":{"line":1,"column":null}},"2":{"start":{"line":10,"column":28},"end":{"line":10,"column":null}},"3":{"start":{"line":11,"column":32},"end":{"line":11,"column":null}},"4":{"start":{"line":12,"column":28},"end":{"line":12,"column":null}},"5":{"start":{"line":13,"column":42},"end":{"line":13,"column":null}},"6":{"start":{"line":15,"column":23},"end":{"line":32,"column":null}},"7":{"start":{"line":16,"column":4},"end":{"line":16,"column":null}},"8":{"start":{"line":17,"column":4},"end":{"line":17,"column":22}},"9":{"start":{"line":17,"column":22},"end":{"line":17,"column":null}},"10":{"start":{"line":18,"column":4},"end":{"line":31,"column":null}},"11":{"start":{"line":19,"column":18},"end":{"line":23,"column":null}},"12":{"start":{"line":24,"column":6},"end":{"line":24,"column":null}},"13":{"start":{"line":24,"column":21},"end":{"line":24,"column":64}},"14":{"start":{"line":24,"column":64},"end":{"line":24,"column":72}},"15":{"start":{"line":25,"column":19},"end":{"line":25,"column":null}},"16":{"start":{"line":26,"column":6},"end":{"line":26,"column":null}},"17":{"start":{"line":28,"column":6},"end":{"line":28,"column":null}},"18":{"start":{"line":30,"column":6},"end":{"line":30,"column":null}},"19":{"start":{"line":68,"column":70},"end":{"line":68,"column":null}},"20":{"start":{"line":68,"column":85},"end":{"line":68,"column":null}},"21":{"start":{"line":80,"column":34},"end":{"line":80,"column":74}},"22":{"start":{"line":80,"column":74},"end":{"line":80,"column":136}},"23":{"start":{"line":81,"column":33},"end":{"line":81,"column":73}},"24":{"start":{"line":81,"column":73},"end":{"line":81,"column":108}},"25":{"start":{"line":92,"column":72},"end":{"line":92,"column":null}},"26":{"start":{"line":92,"column":87},"end":{"line":92,"column":null}},"27":{"start":{"line":104,"column":36},"end":{"line":104,"column":76}},"28":{"start":{"line":104,"column":76},"end":{"line":104,"column":138}},"29":{"start":{"line":105,"column":35},"end":{"line":105,"column":75}},"30":{"start":{"line":105,"column":75},"end":{"line":105,"column":110}},"31":{"start":{"line":109,"column":33},"end":{"line":109,"column":null}},"32":{"start":{"line":109,"column":54},"end":{"line":109,"column":null}},"33":{"start":{"line":175,"column":37},"end":{"line":175,"column":92}},"34":{"start":{"line":176,"column":36},"end":{"line":176,"column":91}}},"fnMap":{"0":{"name":"Login","decl":{"start":{"line":9,"column":24},"end":{"line":9,"column":30}},"loc":{"start":{"line":9,"column":53},"end":{"line":224,"column":null}}},"1":{"name":"(anonymous_2)","decl":{"start":{"line":15,"column":23},"end":{"line":15,"column":30}},"loc":{"start":{"line":15,"column":30},"end":{"line":32,"column":null}}},"2":{"name":"(anonymous_3)","decl":{"start":{"line":68,"column":26},"end":{"line":68,"column":27}},"loc":{"start":{"line":68,"column":70},"end":{"line":68,"column":null}}},"3":{"name":"(anonymous_4)","decl":{"start":{"line":68,"column":79},"end":{"line":68,"column":85}},"loc":{"start":{"line":68,"column":85},"end":{"line":68,"column":null}}},"4":{"name":"(anonymous_5)","decl":{"start":{"line":80,"column":25},"end":{"line":80,"column":26}},"loc":{"start":{"line":80,"column":26},"end":{"line":80,"column":null}}},"5":{"name":"(anonymous_6)","decl":{"start":{"line":81,"column":24},"end":{"line":81,"column":25}},"loc":{"start":{"line":81,"column":25},"end":{"line":81,"column":null}}},"6":{"name":"(anonymous_7)","decl":{"start":{"line":92,"column":28},"end":{"line":92,"column":29}},"loc":{"start":{"line":92,"column":72},"end":{"line":92,"column":null}}},"7":{"name":"(anonymous_8)","decl":{"start":{"line":92,"column":81},"end":{"line":92,"column":87}},"loc":{"start":{"line":92,"column":87},"end":{"line":92,"column":null}}},"8":{"name":"(anonymous_9)","decl":{"start":{"line":104,"column":27},"end":{"line":104,"column":28}},"loc":{"start":{"line":104,"column":28},"end":{"line":104,"column":null}}},"9":{"name":"(anonymous_10)","decl":{"start":{"line":105,"column":26},"end":{"line":105,"column":27}},"loc":{"start":{"line":105,"column":27},"end":{"line":105,"column":null}}},"10":{"name":"(anonymous_11)","decl":{"start":{"line":109,"column":27},"end":{"line":109,"column":33}},"loc":{"start":{"line":109,"column":33},"end":{"line":109,"column":null}}},"11":{"name":"(anonymous_12)","decl":{"start":{"line":109,"column":49},"end":{"line":109,"column":54}},"loc":{"start":{"line":109,"column":54},"end":{"line":109,"column":null}}},"12":{"name":"(anonymous_13)","decl":{"start":{"line":175,"column":27},"end":{"line":175,"column":28}},"loc":{"start":{"line":175,"column":28},"end":{"line":175,"column":null}}},"13":{"name":"(anonymous_14)","decl":{"start":{"line":176,"column":26},"end":{"line":176,"column":27}},"loc":{"start":{"line":176,"column":27},"end":{"line":176,"column":null}}}},"branchMap":{"0":{"loc":{"start":{"line":24,"column":6},"end":{"line":24,"column":null}},"type":"if","locations":[{"start":{"line":24,"column":6},"end":{"line":24,"column":null}},{"start":{},"end":{}}]},"1":{"loc":{"start":{"line":89,"column":24},"end":{"line":89,"column":null}},"type":"cond-expr","locations":[{"start":{"line":89,"column":39},"end":{"line":89,"column":48}},{"start":{"line":89,"column":48},"end":{"line":89,"column":null}}]},"2":{"loc":{"start":{"line":124,"column":30},"end":{"line":124,"column":null}},"type":"cond-expr","locations":[{"start":{"line":124,"column":45},"end":{"line":124,"column":63}},{"start":{"line":124,"column":63},"end":{"line":124,"column":null}}]},"3":{"loc":{"start":{"line":128,"column":20},"end":{"line":134,"column":31}},"type":"cond-expr","locations":[{"start":{"line":128,"column":20},"end":{"line":134,"column":31}}]},"4":{"loc":{"start":{"line":144,"column":13},"end":{"line":144,"column":null}},"type":"binary-expr","locations":[{"start":{"line":144,"column":13},"end":{"line":144,"column":null}}]},"5":{"loc":{"start":{"line":178,"column":15},"end":{"line":178,"column":null}},"type":"cond-expr","locations":[{"start":{"line":178,"column":25},"end":{"line":178,"column":47}},{"start":{"line":178,"column":47},"end":{"line":178,"column":null}}]}},"s":{"0":5,"1":1,"2":15,"3":15,"4":15,"5":15,"6":15,"7":2,"8":2,"9":2,"10":2,"11":2,"12":1,"13":0,"14":0,"15":1,"16":1,"17":1,"18":2,"19":2,"20":2,"21":5,"22":5,"23":0,"24":0,"25":2,"26":2,"27":0,"28":0,"29":0,"30":0,"31":2,"32":2,"33":0,"34":0},"f":{"0":15,"1":2,"2":2,"3":2,"4":5,"5":0,"6":2,"7":2,"8":0,"9":0,"10":2,"11":2,"12":0,"13":0},"b":{"0":[0,1],"1":[1,14],"2":[1,14],"3":[1],"4":[15],"5":[2,13]}}
,"D:\\Neura Agency\\Trendy Wear\\Trendy-wear\\lib\\catalog.ts": {"path":"D:\\Neura Agency\\Trendy Wear\\Trendy-wear\\lib\\catalog.ts","statementMap":{"0":{"start":{"line":75,"column":13},"end":{"line":75,"column":43}},"1":{"start":{"line":56,"column":13},"end":{"line":56,"column":38}},"2":{"start":{"line":22,"column":13},"end":{"line":22,"column":35}},"3":{"start":{"line":82,"column":13},"end":{"line":82,"column":38}},"4":{"start":{"line":5,"column":13},"end":{"line":5,"column":30}},"5":{"start":{"line":3,"column":13},"end":{"line":3,"column":37}},"6":{"start":{"line":13,"column":13},"end":{"line":13,"column":37}},"7":{"start":{"line":3,"column":37},"end":{"line":3,"column":null}},"8":{"start":{"line":3,"column":56},"end":{"line":3,"column":null}},"9":{"start":{"line":5,"column":30},"end":{"line":8,"column":null}},"10":{"start":{"line":6,"column":18},"end":{"line":6,"column":null}},"11":{"start":{"line":7,"column":2},"end":{"line":7,"column":null}},"12":{"start":{"line":10,"column":24},"end":{"line":11,"column":null}},"13":{"start":{"line":11,"column":2},"end":{"line":11,"column":null}},"14":{"start":{"line":13,"column":37},"end":{"line":20,"column":null}},"15":{"start":{"line":14,"column":26},"end":{"line":14,"column":null}},"16":{"start":{"line":15,"column":18},"end":{"line":15,"column":null}},"17":{"start":{"line":15,"column":45},"end":{"line":15,"column":null}},"18":{"start":{"line":16,"column":2},"end":{"line":16,"column":null}},"19":{"start":{"line":16,"column":28},"end":{"line":16,"column":null}},"20":{"start":{"line":18,"column":20},"end":{"line":18,"column":null}},"21":{"start":{"line":18,"column":44},"end":{"line":18,"column":null}},"22":{"start":{"line":19,"column":2},"end":{"line":19,"column":null}},"23":{"start":{"line":22,"column":35},"end":{"line":31,"column":null}},"24":{"start":{"line":28,"column":2},"end":{"line":31,"column":null}},"25":{"start":{"line":29,"column":4},"end":{"line":31,"column":null}},"26":{"start":{"line":34,"column":26},"end":{"line":54,"column":null}},"27":{"start":{"line":35,"column":11},"end":{"line":35,"column":null}},"28":{"start":{"line":36,"column":11},"end":{"line":36,"column":null}},"29":{"start":{"line":37,"column":11},"end":{"line":37,"column":null}},"30":{"start":{"line":38,"column":11},"end":{"line":38,"column":null}},"31":{"start":{"line":40,"column":2},"end":{"line":46,"column":null}},"32":{"start":{"line":40,"column":15},"end":{"line":40,"column":18}},"33":{"start":{"line":41,"column":14},"end":{"line":41,"column":null}},"34":{"start":{"line":42,"column":4},"end":{"line":42,"column":null}},"35":{"start":{"line":43,"column":4},"end":{"line":43,"column":null}},"36":{"start":{"line":44,"column":4},"end":{"line":44,"column":null}},"37":{"start":{"line":45,"column":4},"end":{"line":45,"column":null}},"38":{"start":{"line":48,"column":2},"end":{"line":48,"column":null}},"39":{"start":{"line":49,"column":2},"end":{"line":49,"column":null}},"40":{"start":{"line":50,"column":2},"end":{"line":50,"column":null}},"41":{"start":{"line":51,"column":2},"end":{"line":51,"column":null}},"42":{"start":{"line":53,"column":2},"end":{"line":53,"column":null}},"43":{"start":{"line":56,"column":38},"end":{"line":73,"column":null}},"44":{"start":{"line":57,"column":16},"end":{"line":57,"column":null}},"45":{"start":{"line":58,"column":16},"end":{"line":58,"column":null}},"46":{"start":{"line":60,"column":2},"end":{"line":66,"column":null}},"47":{"start":{"line":61,"column":19},"end":{"line":61,"column":null}},"48":{"start":{"line":62,"column":4},"end":{"line":62,"column":null}},"49":{"start":{"line":63,"column":4},"end":{"line":63,"column":null}},"50":{"start":{"line":64,"column":4},"end":{"line":64,"column":null}},"51":{"start":{"line":65,"column":4},"end":{"line":65,"column":null}},"52":{"start":{"line":68,"column":2},"end":{"line":68,"column":null}},"53":{"start":{"line":69,"column":2},"end":{"line":69,"column":null}},"54":{"start":{"line":71,"column":14},"end":{"line":71,"column":null}},"55":{"start":{"line":71,"column":40},"end":{"line":71,"column":76}},"56":{"start":{"line":72,"column":2},"end":{"line":72,"column":null}},"57":{"start":{"line":75,"column":43},"end":{"line":80,"column":null}},"58":{"start":{"line":76,"column":2},"end":{"line":80,"column":null}},"59":{"start":{"line":82,"column":38},"end":{"line":85,"column":null}},"60":{"start":{"line":83,"column":2},"end":{"line":83,"column":null}},"61":{"start":{"line":83,"column":11},"end":{"line":83,"column":null}},"62":{"start":{"line":84,"column":2},"end":{"line":84,"column":null}}},"fnMap":{"0":{"name":"(anonymous_8)","decl":{"start":{"line":3,"column":37},"end":{"line":3,"column":38}},"loc":{"start":{"line":3,"column":56},"end":{"line":3,"column":null}}},"1":{"name":"(anonymous_9)","decl":{"start":{"line":5,"column":30},"end":{"line":5,"column":31}},"loc":{"start":{"line":5,"column":31},"end":{"line":8,"column":null}}},"2":{"name":"(anonymous_10)","decl":{"start":{"line":10,"column":24},"end":{"line":10,"column":25}},"loc":{"start":{"line":11,"column":2},"end":{"line":11,"column":null}}},"3":{"name":"(anonymous_11)","decl":{"start":{"line":13,"column":37},"end":{"line":13,"column":38}},"loc":{"start":{"line":13,"column":70},"end":{"line":20,"column":null}}},"4":{"name":"(anonymous_12)","decl":{"start":{"line":15,"column":34},"end":{"line":15,"column":45}},"loc":{"start":{"line":15,"column":45},"end":{"line":15,"column":null}}},"5":{"name":"(anonymous_13)","decl":{"start":{"line":18,"column":33},"end":{"line":18,"column":44}},"loc":{"start":{"line":18,"column":44},"end":{"line":18,"column":null}}},"6":{"name":"(anonymous_14)","decl":{"start":{"line":22,"column":35},"end":{"line":22,"column":null}},"loc":{"start":{"line":28,"column":2},"end":{"line":31,"column":null}}},"7":{"name":"(anonymous_15)","decl":{"start":{"line":28,"column":16},"end":{"line":28,"column":null}},"loc":{"start":{"line":29,"column":4},"end":{"line":31,"column":null}}},"8":{"name":"(anonymous_16)","decl":{"start":{"line":34,"column":26},"end":{"line":34,"column":27}},"loc":{"start":{"line":34,"column":27},"end":{"line":54,"column":null}}},"9":{"name":"(anonymous_17)","decl":{"start":{"line":56,"column":38},"end":{"line":56,"column":39}},"loc":{"start":{"line":56,"column":39},"end":{"line":73,"column":null}}},"10":{"name":"(anonymous_18)","decl":{"start":{"line":60,"column":16},"end":{"line":60,"column":17}},"loc":{"start":{"line":60,"column":23},"end":{"line":66,"column":null}}},"11":{"name":"(anonymous_19)","decl":{"start":{"line":71,"column":32},"end":{"line":71,"column":40}},"loc":{"start":{"line":71,"column":40},"end":{"line":71,"column":76}}},"12":{"name":"(anonymous_20)","decl":{"start":{"line":75,"column":43},"end":{"line":75,"column":44}},"loc":{"start":{"line":76,"column":2},"end":{"line":80,"column":null}}},"13":{"name":"(anonymous_21)","decl":{"start":{"line":82,"column":38},"end":{"line":82,"column":39}},"loc":{"start":{"line":82,"column":39},"end":{"line":85,"column":null}}}},"branchMap":{"0":{"loc":{"start":{"line":3,"column":63},"end":{"line":3,"column":76}},"type":"binary-expr","locations":[{"start":{"line":3,"column":63},"end":{"line":3,"column":72}},{"start":{"line":3,"column":72},"end":{"line":3,"column":76}}]},"1":{"loc":{"start":{"line":6,"column":25},"end":{"line":6,"column":38}},"type":"binary-expr","locations":[{"start":{"line":6,"column":25},"end":{"line":6,"column":34}},{"start":{"line":6,"column":34},"end":{"line":6,"column":38}}]},"2":{"loc":{"start":{"line":7,"column":9},"end":{"line":7,"column":null}},"type":"binary-expr","locations":[{"start":{"line":7,"column":9},"end":{"line":7,"column":22}},{"start":{"line":7,"column":22},"end":{"line":7,"column":null}}]},"3":{"loc":{"start":{"line":11,"column":9},"end":{"line":11,"column":null}},"type":"binary-expr","locations":[{"start":{"line":11,"column":9},"end":{"line":11,"column":28}},{"start":{"line":11,"column":32},"end":{"line":11,"column":51}},{"start":{"line":11,"column":55},"end":{"line":11,"column":null}}]},"4":{"loc":{"start":{"line":16,"column":2},"end":{"line":16,"column":null}},"type":"if","locations":[{"start":{"line":16,"column":2},"end":{"line":16,"column":null}},{"start":{},"end":{}}]},"5":{"loc":{"start":{"line":16,"column":42},"end":{"line":16,"column":59}},"type":"binary-expr","locations":[{"start":{"line":16,"column":42},"end":{"line":16,"column":55}},{"start":{"line":16,"column":55},"end":{"line":16,"column":59}}]},"6":{"loc":{"start":{"line":19,"column":16},"end":{"line":19,"column":153}},"type":"cond-expr","locations":[{"start":{"line":19,"column":28},"end":{"line":19,"column":84}},{"start":{"line":19,"column":84},"end":{"line":19,"column":153}}]},"7":{"loc":{"start":{"line":19,"column":84},"end":{"line":19,"column":153}},"type":"binary-expr","locations":[{"start":{"line":19,"column":84},"end":{"line":19,"column":142}},{"start":{"line":19,"column":142},"end":{"line":19,"column":153}}]},"8":{"loc":{"start":{"line":29,"column":4},"end":{"line":31,"column":null}},"type":"binary-expr","locations":[{"start":{"line":29,"column":4},"end":{"line":29,"column":null}},{"start":{"line":30,"column":4},"end":{"line":30,"column":null}},{"start":{"line":31,"column":4},"end":{"line":31,"column":null}}]},"9":{"loc":{"start":{"line":83,"column":2},"end":{"line":83,"column":null}},"type":"if","locations":[{"start":{"line":83,"column":2},"end":{"line":83,"column":null}},{"start":{},"end":{}}]}},"s":{"0":7,"1":0,"2":3,"3":4,"4":4,"5":5,"6":4,"7":1,"8":49,"9":1,"10":6,"11":6,"12":1,"13":18,"14":1,"15":4,"16":4,"17":9,"18":4,"19":2,"20":2,"21":2,"22":2,"23":1,"24":3,"25":3,"26":1,"27":7,"28":7,"29":7,"30":7,"31":7,"32":7,"33":121,"34":121,"35":121,"36":121,"37":121,"38":7,"39":7,"40":7,"41":7,"42":7,"43":1,"44":7,"45":7,"46":7,"47":28,"48":28,"49":28,"50":28,"51":28,"52":7,"53":7,"54":7,"55":112,"56":7,"57":1,"58":7,"59":1,"60":4,"61":3,"62":1},"f":{"0":49,"1":6,"2":18,"3":4,"4":9,"5":2,"6":3,"7":3,"8":7,"9":7,"10":28,"11":112,"12":7,"13":4},"b":{"0":[49,3],"1":[6,1],"2":[6,5],"3":[18,0,0],"4":[2,2],"5":[2,0],"6":[1,1],"7":[1,0],"8":[3,1,1],"9":[3,1]}}
,"D:\\Neura Agency\\Trendy Wear\\Trendy-wear\\lib\\supabase.ts": {"path":"D:\\Neura Agency\\Trendy Wear\\Trendy-wear\\lib\\supabase.ts","statementMap":{"0":{"start":{"line":23,"column":13},"end":{"line":23,"column":22}},"1":{"start":{"line":45,"column":16},"end":{"line":45,"column":36}},"2":{"start":{"line":8,"column":13},"end":{"line":8,"column":24}},"3":{"start":{"line":11,"column":13},"end":{"line":11,"column":29}},"4":{"start":{"line":2,"column":29},"end":{"line":2,"column":null}},"5":{"start":{"line":4,"column":20},"end":{"line":4,"column":56}},"6":{"start":{"line":5,"column":24},"end":{"line":5,"column":65}},"7":{"start":{"line":8,"column":24},"end":{"line":8,"column":null}},"8":{"start":{"line":11,"column":29},"end":{"line":19,"column":null}},"9":{"start":{"line":23,"column":22},"end":{"line":42,"column":null}},"10":{"start":{"line":46,"column":2},"end":{"line":46,"column":null}},"11":{"start":{"line":47,"column":2},"end":{"line":47,"column":null}}},"fnMap":{"0":{"name":"handleSupabaseError","decl":{"start":{"line":45,"column":16},"end":{"line":45,"column":36}},"loc":{"start":{"line":45,"column":65},"end":{"line":48,"column":null}}}},"branchMap":{},"s":{"0":916,"1":0,"2":0,"3":916,"4":4,"5":4,"6":4,"7":4,"8":4,"9":4,"10":0,"11":0},"f":{"0":0},"b":{}}
,"D:\\Neura Agency\\Trendy Wear\\Trendy-wear\\lib\\variantQuantities.ts": {"path":"D:\\Neura Agency\\Trendy Wear\\Trendy-wear\\lib\\variantQuantities.ts","statementMap":{"0":{"start":{"line":88,"column":16},"end":{"line":88,"column":null}},"1":{"start":{"line":69,"column":16},"end":{"line":69,"column":39}},"2":{"start":{"line":9,"column":16},"end":{"line":9,"column":40}},"3":{"start":{"line":20,"column":16},"end":{"line":20,"column":43}},"4":{"start":{"line":41,"column":16},"end":{"line":41,"column":40}},"5":{"start":{"line":4,"column":16},"end":{"line":4,"column":25}},"6":{"start":{"line":118,"column":16},"end":{"line":118,"column":39}},"7":{"start":{"line":135,"column":16},"end":{"line":135,"column":29}},"8":{"start":{"line":5,"column":12},"end":{"line":5,"column":null}},"9":{"start":{"line":6,"column":2},"end":{"line":6,"column":null}},"10":{"start":{"line":10,"column":2},"end":{"line":10,"column":null}},"11":{"start":{"line":10,"column":67},"end":{"line":10,"column":null}},"12":{"start":{"line":11,"column":37},"end":{"line":11,"column":null}},"13":{"start":{"line":12,"column":2},"end":{"line":16,"column":null}},"14":{"start":{"line":13,"column":21},"end":{"line":13,"column":null}},"15":{"start":{"line":14,"column":4},"end":{"line":14,"column":null}},"16":{"start":{"line":14,"column":19},"end":{"line":14,"column":null}},"17":{"start":{"line":15,"column":4},"end":{"line":15,"column":null}},"18":{"start":{"line":17,"column":2},"end":{"line":17,"column":null}},"19":{"start":{"line":21,"column":2},"end":{"line":21,"column":null}},"20":{"start":{"line":21,"column":67},"end":{"line":21,"column":null}},"21":{"start":{"line":22,"column":40},"end":{"line":22,"column":null}},"22":{"start":{"line":24,"column":2},"end":{"line":36,"column":null}},"23":{"start":{"line":25,"column":23},"end":{"line":25,"column":null}},"24":{"start":{"line":26,"column":4},"end":{"line":26,"column":null}},"25":{"start":{"line":26,"column":84},"end":{"line":26,"column":null}},"26":{"start":{"line":28,"column":44},"end":{"line":28,"column":null}},"27":{"start":{"line":29,"column":4},"end":{"line":33,"column":null}},"28":{"start":{"line":30,"column":24},"end":{"line":30,"column":null}},"29":{"start":{"line":31,"column":6},"end":{"line":31,"column":null}},"30":{"start":{"line":31,"column":22},"end":{"line":31,"column":null}},"31":{"start":{"line":32,"column":6},"end":{"line":32,"column":null}},"32":{"start":{"line":35,"column":4},"end":{"line":35,"column":null}},"33":{"start":{"line":35,"column":45},"end":{"line":35,"column":null}},"34":{"start":{"line":38,"column":2},"end":{"line":38,"column":null}},"35":{"start":{"line":46,"column":19},"end":{"line":46,"column":null}},"36":{"start":{"line":47,"column":2},"end":{"line":47,"column":null}},"37":{"start":{"line":47,"column":17},"end":{"line":47,"column":null}},"38":{"start":{"line":49,"column":41},"end":{"line":49,"column":null}},"39":{"start":{"line":50,"column":42},"end":{"line":50,"column":null}},"40":{"start":{"line":51,"column":14},"end":{"line":51,"column":null}},"41":{"start":{"line":53,"column":2},"end":{"line":60,"column":null}},"42":{"start":{"line":54,"column":4},"end":{"line":59,"column":null}},"43":{"start":{"line":55,"column":16},"end":{"line":55,"column":null}},"44":{"start":{"line":56,"column":6},"end":{"line":56,"column":null}},"45":{"start":{"line":57,"column":6},"end":{"line":57,"column":null}},"46":{"start":{"line":58,"column":6},"end":{"line":58,"column":null}},"47":{"start":{"line":62,"column":2},"end":{"line":66,"column":null}},"48":{"start":{"line":70,"column":19},"end":{"line":70,"column":null}},"49":{"start":{"line":71,"column":19},"end":{"line":71,"column":null}},"50":{"start":{"line":72,"column":36},"end":{"line":72,"column":null}},"51":{"start":{"line":74,"column":2},"end":{"line":76,"column":null}},"52":{"start":{"line":75,"column":4},"end":{"line":75,"column":null}},"53":{"start":{"line":78,"column":2},"end":{"line":83,"column":null}},"54":{"start":{"line":79,"column":4},"end":{"line":79,"column":null}},"55":{"start":{"line":79,"column":24},"end":{"line":79,"column":null}},"56":{"start":{"line":80,"column":4},"end":{"line":82,"column":null}},"57":{"start":{"line":81,"column":6},"end":{"line":81,"column":null}},"58":{"start":{"line":85,"column":2},"end":{"line":85,"column":null}},"59":{"start":{"line":93,"column":15},"end":{"line":93,"column":null}},"60":{"start":{"line":94,"column":16},"end":{"line":94,"column":null}},"61":{"start":{"line":95,"column":34},"end":{"line":95,"column":null}},"62":{"start":{"line":97,"column":2},"end":{"line":99,"column":null}},"63":{"start":{"line":98,"column":4},"end":{"line":98,"column":null}},"64":{"start":{"line":101,"column":2},"end":{"line":106,"column":null}},"65":{"start":{"line":102,"column":4},"end":{"line":102,"column":null}},"66":{"start":{"line":102,"column":22},"end":{"line":102,"column":null}},"67":{"start":{"line":103,"column":4},"end":{"line":105,"column":null}},"68":{"start":{"line":104,"column":6},"end":{"line":104,"column":null}},"69":{"start":{"line":108,"column":2},"end":{"line":113,"column":null}},"70":{"start":{"line":109,"column":4},"end":{"line":111,"column":null}},"71":{"start":{"line":110,"column":6},"end":{"line":110,"column":null}},"72":{"start":{"line":110,"column":34},"end":{"line":110,"column":null}},"73":{"start":{"line":112,"column":4},"end":{"line":112,"column":null}},"74":{"start":{"line":112,"column":42},"end":{"line":112,"column":null}},"75":{"start":{"line":115,"column":2},"end":{"line":115,"column":null}},"76":{"start":{"line":119,"column":20},"end":{"line":119,"column":null}},"77":{"start":{"line":120,"column":2},"end":{"line":120,"column":null}},"78":{"start":{"line":120,"column":18},"end":{"line":120,"column":null}},"79":{"start":{"line":121,"column":20},"end":{"line":121,"column":null}},"80":{"start":{"line":123,"column":2},"end":{"line":130,"column":null}},"81":{"start":{"line":124,"column":4},"end":{"line":129,"column":null}},"82":{"start":{"line":125,"column":27},"end":{"line":125,"column":null}},"83":{"start":{"line":126,"column":6},"end":{"line":128,"column":null}},"84":{"start":{"line":127,"column":8},"end":{"line":127,"column":null}},"85":{"start":{"line":132,"column":2},"end":{"line":132,"column":null}},"86":{"start":{"line":136,"column":2},"end":{"line":136,"column":null}}},"fnMap":{"0":{"name":"toNumber","decl":{"start":{"line":4,"column":16},"end":{"line":4,"column":25}},"loc":{"start":{"line":4,"column":39},"end":{"line":7,"column":null}}},"1":{"name":"normalizeFlatQuantities","decl":{"start":{"line":9,"column":16},"end":{"line":9,"column":40}},"loc":{"start":{"line":9,"column":54},"end":{"line":18,"column":null}}},"2":{"name":"(anonymous_11)","decl":{"start":{"line":12,"column":59},"end":{"line":12,"column":60}},"loc":{"start":{"line":12,"column":70},"end":{"line":16,"column":null}}},"3":{"name":"normalizeVariantQuantities","decl":{"start":{"line":20,"column":16},"end":{"line":20,"column":43}},"loc":{"start":{"line":20,"column":57},"end":{"line":39,"column":null}}},"4":{"name":"(anonymous_13)","decl":{"start":{"line":24,"column":59},"end":{"line":24,"column":60}},"loc":{"start":{"line":24,"column":74},"end":{"line":36,"column":null}}},"5":{"name":"(anonymous_14)","decl":{"start":{"line":29,"column":61},"end":{"line":29,"column":62}},"loc":{"start":{"line":29,"column":73},"end":{"line":33,"column":null}}},"6":{"name":"rollupVariantQuantities","decl":{"start":{"line":41,"column":16},"end":{"line":41,"column":40}},"loc":{"start":{"line":41,"column":54},"end":{"line":67,"column":null}}},"7":{"name":"(anonymous_16)","decl":{"start":{"line":53,"column":35},"end":{"line":53,"column":36}},"loc":{"start":{"line":53,"column":50},"end":{"line":60,"column":null}}},"8":{"name":"(anonymous_17)","decl":{"start":{"line":54,"column":34},"end":{"line":54,"column":35}},"loc":{"start":{"line":54,"column":46},"end":{"line":59,"column":null}}},"9":{"name":"mergeVariantQuantities","decl":{"start":{"line":69,"column":16},"end":{"line":69,"column":39}},"loc":{"start":{"line":69,"column":85},"end":{"line":86,"column":null}}},"10":{"name":"(anonymous_19)","decl":{"start":{"line":74,"column":35},"end":{"line":74,"column":36}},"loc":{"start":{"line":74,"column":50},"end":{"line":76,"column":null}}},"11":{"name":"(anonymous_20)","decl":{"start":{"line":78,"column":35},"end":{"line":78,"column":36}},"loc":{"start":{"line":78,"column":50},"end":{"line":83,"column":null}}},"12":{"name":"(anonymous_21)","decl":{"start":{"line":80,"column":34},"end":{"line":80,"column":35}},"loc":{"start":{"line":80,"column":46},"end":{"line":82,"column":null}}},"13":{"name":"adjustVariantQuantities","decl":{"start":{"line":88,"column":16},"end":{"line":88,"column":null}},"loc":{"start":{"line":91,"column":19},"end":{"line":116,"column":null}}},"14":{"name":"(anonymous_23)","decl":{"start":{"line":97,"column":31},"end":{"line":97,"column":32}},"loc":{"start":{"line":97,"column":46},"end":{"line":99,"column":null}}},"15":{"name":"(anonymous_24)","decl":{"start":{"line":101,"column":32},"end":{"line":101,"column":33}},"loc":{"start":{"line":101,"column":47},"end":{"line":106,"column":null}}},"16":{"name":"(anonymous_25)","decl":{"start":{"line":103,"column":34},"end":{"line":103,"column":35}},"loc":{"start":{"line":103,"column":46},"end":{"line":105,"column":null}}},"17":{"name":"(anonymous_26)","decl":{"start":{"line":108,"column":28},"end":{"line":108,"column":29}},"loc":{"start":{"line":108,"column":29},"end":{"line":113,"column":null}}},"18":{"name":"(anonymous_27)","decl":{"start":{"line":109,"column":37},"end":{"line":109,"column":38}},"loc":{"start":{"line":109,"column":38},"end":{"line":111,"column":null}}},"19":{"name":"validateVariantRequest","decl":{"start":{"line":118,"column":16},"end":{"line":118,"column":39}},"loc":{"start":{"line":118,"column":87},"end":{"line":133,"column":null}}},"20":{"name":"variantTotal","decl":{"start":{"line":135,"column":16},"end":{"line":135,"column":29}},"loc":{"start":{"line":135,"column":43},"end":{"line":137,"column":null}}}},"branchMap":{"0":{"loc":{"start":{"line":6,"column":9},"end":{"line":6,"column":null}},"type":"cond-expr","locations":[{"start":{"line":6,"column":30},"end":{"line":6,"column":34}},{"start":{"line":6,"column":34},"end":{"line":6,"column":null}}]},"1":{"loc":{"start":{"line":10,"column":2},"end":{"line":10,"column":null}},"type":"if","locations":[{"start":{"line":10,"column":2},"end":{"line":10,"column":null}},{"start":{},"end":{}}]},"2":{"loc":{"start":{"line":10,"column":6},"end":{"line":10,"column":67}},"type":"binary-expr","locations":[{"start":{"line":10,"column":6},"end":{"line":10,"column":16}},{"start":{"line":10,"column":16},"end":{"line":10,"column":45}},{"start":{"line":10,"column":45},"end":{"line":10,"column":67}}]},"3":{"loc":{"start":{"line":14,"column":4},"end":{"line":14,"column":null}},"type":"if","locations":[{"start":{"line":14,"column":4},"end":{"line":14,"column":null}},{"start":{},"end":{}}]},"4":{"loc":{"start":{"line":17,"column":9},"end":{"line":17,"column":null}},"type":"cond-expr","locations":[{"start":{"line":17,"column":42},"end":{"line":17,"column":55}},{"start":{"line":17,"column":55},"end":{"line":17,"column":null}}]},"5":{"loc":{"start":{"line":21,"column":2},"end":{"line":21,"column":null}},"type":"if","locations":[{"start":{"line":21,"column":2},"end":{"line":21,"column":null}},{"start":{},"end":{}}]},"6":{"loc":{"start":{"line":21,"column":6},"end":{"line":21,"column":67}},"type":"binary-expr","locations":[{"start":{"line":21,"column":6},"end":{"line":21,"column":16}},{"start":{"line":21,"column":16},"end":{"line":21,"column":45}},{"start":{"line":21,"column":45},"end":{"line":21,"column":67}}]},"7":{"loc":{"start":{"line":26,"column":4},"end":{"line":26,"column":null}},"type":"if","locations":[{"start":{"line":26,"column":4},"end":{"line":26,"column":null}},{"start":{},"end":{}}]},"8":{"loc":{"start":{"line":26,"column":8},"end":{"line":26,"column":84}},"type":"binary-expr","locations":[{"start":{"line":26,"column":8},"end":{"line":26,"column":23}},{"start":{"line":26,"column":23},"end":{"line":26,"column":33}},{"start":{"line":26,"column":33},"end":{"line":26,"column":62}},{"start":{"line":26,"column":62},"end":{"line":26,"column":84}}]},"9":{"loc":{"start":{"line":31,"column":6},"end":{"line":31,"column":null}},"type":"if","locations":[{"start":{"line":31,"column":6},"end":{"line":31,"column":null}},{"start":{},"end":{}}]},"10":{"loc":{"start":{"line":35,"column":4},"end":{"line":35,"column":null}},"type":"if","locations":[{"start":{"line":35,"column":4},"end":{"line":35,"column":null}},{"start":{},"end":{}}]},"11":{"loc":{"start":{"line":38,"column":9},"end":{"line":38,"column":null}},"type":"cond-expr","locations":[{"start":{"line":38,"column":42},"end":{"line":38,"column":55}},{"start":{"line":38,"column":55},"end":{"line":38,"column":null}}]},"12":{"loc":{"start":{"line":47,"column":2},"end":{"line":47,"column":null}},"type":"if","locations":[{"start":{"line":47,"column":2},"end":{"line":47,"column":null}},{"start":{},"end":{}}]},"13":{"loc":{"start":{"line":56,"column":32},"end":{"line":56,"column":63}},"type":"binary-expr","locations":[{"start":{"line":56,"column":32},"end":{"line":56,"column":54}},{"start":{"line":56,"column":58},"end":{"line":56,"column":63}}]},"14":{"loc":{"start":{"line":57,"column":30},"end":{"line":57,"column":59}},"type":"binary-expr","locations":[{"start":{"line":57,"column":30},"end":{"line":57,"column":50}},{"start":{"line":57,"column":54},"end":{"line":57,"column":59}}]},"15":{"loc":{"start":{"line":63,"column":20},"end":{"line":63,"column":null}},"type":"cond-expr","locations":[{"start":{"line":63,"column":57},"end":{"line":63,"column":74}},{"start":{"line":63,"column":74},"end":{"line":63,"column":null}}]},"16":{"loc":{"start":{"line":64,"column":21},"end":{"line":64,"column":null}},"type":"cond-expr","locations":[{"start":{"line":64,"column":59},"end":{"line":64,"column":77}},{"start":{"line":64,"column":77},"end":{"line":64,"column":null}}]},"17":{"loc":{"start":{"line":70,"column":19},"end":{"line":70,"column":null}},"type":"binary-expr","locations":[{"start":{"line":70,"column":19},"end":{"line":70,"column":64}},{"start":{"line":70,"column":64},"end":{"line":70,"column":null}}]},"18":{"loc":{"start":{"line":71,"column":19},"end":{"line":71,"column":null}},"type":"binary-expr","locations":[{"start":{"line":71,"column":19},"end":{"line":71,"column":64}},{"start":{"line":71,"column":64},"end":{"line":71,"column":null}}]},"19":{"loc":{"start":{"line":79,"column":4},"end":{"line":79,"column":null}},"type":"if","locations":[{"start":{"line":79,"column":4},"end":{"line":79,"column":null}},{"start":{},"end":{}}]},"20":{"loc":{"start":{"line":81,"column":29},"end":{"line":81,"column":57}},"type":"binary-expr","locations":[{"start":{"line":81,"column":29},"end":{"line":81,"column":48}},{"start":{"line":81,"column":52},"end":{"line":81,"column":57}}]},"21":{"loc":{"start":{"line":85,"column":9},"end":{"line":85,"column":null}},"type":"cond-expr","locations":[{"start":{"line":85,"column":38},"end":{"line":85,"column":47}},{"start":{"line":85,"column":47},"end":{"line":85,"column":null}}]},"22":{"loc":{"start":{"line":93,"column":15},"end":{"line":93,"column":null}},"type":"binary-expr","locations":[{"start":{"line":93,"column":15},"end":{"line":93,"column":56}},{"start":{"line":93,"column":56},"end":{"line":93,"column":null}}]},"23":{"loc":{"start":{"line":94,"column":16},"end":{"line":94,"column":null}},"type":"binary-expr","locations":[{"start":{"line":94,"column":16},"end":{"line":94,"column":58}},{"start":{"line":94,"column":58},"end":{"line":94,"column":null}}]},"24":{"loc":{"start":{"line":102,"column":4},"end":{"line":102,"column":null}},"type":"if","locations":[{"start":{"line":102,"column":4},"end":{"line":102,"column":null}},{"start":{},"end":{}}]},"25":{"loc":{"start":{"line":104,"column":39},"end":{"line":104,"column":65}},"type":"binary-expr","locations":[{"start":{"line":104,"column":39},"end":{"line":104,"column":56}},{"start":{"line":104,"column":60},"end":{"line":104,"column":65}}]},"26":{"loc":{"start":{"line":110,"column":6},"end":{"line":110,"column":null}},"type":"if","locations":[{"start":{"line":110,"column":6},"end":{"line":110,"column":null}},{"start":{},"end":{}}]},"27":{"loc":{"start":{"line":112,"column":4},"end":{"line":112,"column":null}},"type":"if","locations":[{"start":{"line":112,"column":4},"end":{"line":112,"column":null}},{"start":{},"end":{}}]},"28":{"loc":{"start":{"line":115,"column":9},"end":{"line":115,"column":null}},"type":"cond-expr","locations":[{"start":{"line":115,"column":36},"end":{"line":115,"column":43}},{"start":{"line":115,"column":43},"end":{"line":115,"column":null}}]},"29":{"loc":{"start":{"line":120,"column":2},"end":{"line":120,"column":null}},"type":"if","locations":[{"start":{"line":120,"column":2},"end":{"line":120,"column":null}},{"start":{},"end":{}}]},"30":{"loc":{"start":{"line":121,"column":20},"end":{"line":121,"column":null}},"type":"binary-expr","locations":[{"start":{"line":121,"column":20},"end":{"line":121,"column":66}},{"start":{"line":121,"column":66},"end":{"line":121,"column":null}}]},"31":{"loc":{"start":{"line":126,"column":6},"end":{"line":128,"column":null}},"type":"if","locations":[{"start":{"line":126,"column":6},"end":{"line":128,"column":null}},{"start":{},"end":{}}]}},"s":{"0":140,"1":42,"2":164,"3":140,"4":135,"5":8,"6":136,"7":2,"8":3233,"9":3233,"10":164,"11":66,"12":98,"13":98,"14":112,"15":112,"16":1,"17":111,"18":98,"19":912,"20":54,"21":858,"22":858,"23":1354,"24":1354,"25":0,"26":1354,"27":1354,"28":2235,"29":2235,"30":0,"31":2235,"32":1354,"33":1354,"34":858,"35":137,"36":137,"37":3,"38":134,"39":134,"40":134,"41":134,"42":229,"43":369,"44":369,"45":369,"46":369,"47":134,"48":42,"49":42,"50":42,"51":42,"52":12,"53":42,"54":44,"55":38,"56":44,"57":47,"58":42,"59":140,"60":140,"61":140,"62":140,"63":225,"64":140,"65":128,"66":23,"67":128,"68":134,"69":140,"70":248,"71":399,"72":78,"73":248,"74":17,"75":140,"76":136,"77":136,"78":1,"79":135,"80":135,"81":227,"82":329,"83":329,"84":2,"85":133,"86":2},"f":{"0":3233,"1":164,"2":112,"3":912,"4":1354,"5":2235,"6":137,"7":229,"8":369,"9":42,"10":12,"11":44,"12":47,"13":140,"14":225,"15":128,"16":134,"17":248,"18":399,"19":136,"20":2},"b":{"0":[3227,6],"1":[66,98],"2":[164,100,98],"3":[1,111],"4":[97,1],"5":[54,858],"6":[912,858,858],"7":[0,1354],"8":[1354,1354,1354,1354],"9":[0,2235],"10":[1354,0],"11":[809,49],"12":[3,134],"13":[369,229],"14":[369,252],"15":[134,0],"16":[134,0],"17":[42,32],"18":[42,2],"19":[38,6],"20":[47,42],"21":[41,1],"22":[140,16],"23":[140,46],"24":[23,105],"25":[134,40],"26":[78,321],"27":[17,231],"28":[136,4],"29":[1,135],"30":[135,1],"31":[2,327]}}
,"D:\\Neura Agency\\Trendy Wear\\Trendy-wear\\pages\\api\\orders.ts": {"path":"D:\\Neura Agency\\Trendy Wear\\Trendy-wear\\pages\\api\\orders.ts","statementMap":{"0":{"start":{"line":24,"column":30},"end":{"line":24,"column":38}},"1":{"start":{"line":2,"column":38},"end":{"line":2,"column":null}},"2":{"start":{"line":3,"column":65},"end":{"line":3,"column":null}},"3":{"start":{"line":11,"column":7},"end":{"line":11,"column":null}},"4":{"start":{"line":14,"column":12},"end":{"line":14,"column":null}},"5":{"start":{"line":15,"column":2},"end":{"line":15,"column":null}},"6":{"start":{"line":19,"column":13},"end":{"line":19,"column":null}},"7":{"start":{"line":20,"column":15},"end":{"line":20,"column":null}},"8":{"start":{"line":21,"column":2},"end":{"line":21,"column":null}},"9":{"start":{"line":25,"column":2},"end":{"line":1318,"column":null}},"10":{"start":{"line":26,"column":20},"end":{"line":26,"column":null}},"11":{"start":{"line":27,"column":4},"end":{"line":27,"column":null}},"12":{"start":{"line":27,"column":18},"end":{"line":27,"column":null}},"13":{"start":{"line":32,"column":4},"end":{"line":150,"column":null}},"14":{"start":{"line":33,"column":30},"end":{"line":33,"column":null}},"15":{"start":{"line":35,"column":18},"end":{"line":84,"column":null}},"16":{"start":{"line":86,"column":6},"end":{"line":91,"column":null}},"17":{"start":{"line":87,"column":8},"end":{"line":89,"column":null}},"18":{"start":{"line":93,"column":30},"end":{"line":93,"column":null}},"19":{"start":{"line":94,"column":6},"end":{"line":97,"column":null}},"20":{"start":{"line":95,"column":8},"end":{"line":95,"column":null}},"21":{"start":{"line":96,"column":8},"end":{"line":96,"column":null}},"22":{"start":{"line":99,"column":21},"end":{"line":147,"column":null}},"23":{"start":{"line":101,"column":35},"end":{"line":101,"column":null}},"24":{"start":{"line":102,"column":26},"end":{"line":104,"column":33}},"25":{"start":{"line":106,"column":8},"end":{"line":146,"column":null}},"26":{"start":{"line":149,"column":6},"end":{"line":149,"column":null}},"27":{"start":{"line":155,"column":4},"end":{"line":499,"column":null}},"28":{"start":{"line":175,"column":10},"end":{"line":175,"column":null}},"29":{"start":{"line":177,"column":6},"end":{"line":177,"column":null}},"30":{"start":{"line":177,"column":24},"end":{"line":177,"column":null}},"31":{"start":{"line":178,"column":18},"end":{"line":178,"column":null}},"32":{"start":{"line":179,"column":6},"end":{"line":179,"column":null}},"33":{"start":{"line":179,"column":19},"end":{"line":179,"column":null}},"34":{"start":{"line":180,"column":23},"end":{"line":180,"column":null}},"35":{"start":{"line":181,"column":28},"end":{"line":181,"column":null}},"36":{"start":{"line":182,"column":20},"end":{"line":182,"column":null}},"37":{"start":{"line":183,"column":6},"end":{"line":183,"column":null}},"38":{"start":{"line":183,"column":22},"end":{"line":183,"column":null}},"39":{"start":{"line":186,"column":30},"end":{"line":186,"column":null}},"40":{"start":{"line":187,"column":38},"end":{"line":187,"column":null}},"41":{"start":{"line":188,"column":34},"end":{"line":188,"column":null}},"42":{"start":{"line":189,"column":38},"end":{"line":189,"column":null}},"43":{"start":{"line":190,"column":39},"end":{"line":190,"column":null}},"44":{"start":{"line":193,"column":35},"end":{"line":193,"column":null}},"45":{"start":{"line":194,"column":38},"end":{"line":194,"column":null}},"46":{"start":{"line":196,"column":6},"end":{"line":211,"column":null}},"47":{"start":{"line":197,"column":8},"end":{"line":197,"column":null}},"48":{"start":{"line":198,"column":8},"end":{"line":198,"column":null}},"49":{"start":{"line":201,"column":8},"end":{"line":201,"column":null}},"50":{"start":{"line":201,"column":24},"end":{"line":201,"column":null}},"51":{"start":{"line":203,"column":49},"end":{"line":207,"column":null}},"52":{"start":{"line":208,"column":8},"end":{"line":208,"column":null}},"53":{"start":{"line":208,"column":22},"end":{"line":208,"column":null}},"54":{"start":{"line":209,"column":8},"end":{"line":209,"column":null}},"55":{"start":{"line":209,"column":20},"end":{"line":209,"column":null}},"56":{"start":{"line":210,"column":8},"end":{"line":210,"column":null}},"57":{"start":{"line":213,"column":6},"end":{"line":213,"column":null}},"58":{"start":{"line":213,"column":20},"end":{"line":213,"column":null}},"59":{"start":{"line":216,"column":45},"end":{"line":216,"column":null}},"60":{"start":{"line":217,"column":34},"end":{"line":217,"column":null}},"61":{"start":{"line":218,"column":34},"end":{"line":218,"column":null}},"62":{"start":{"line":219,"column":36},"end":{"line":219,"column":null}},"63":{"start":{"line":221,"column":6},"end":{"line":251,"column":null}},"64":{"start":{"line":222,"column":53},"end":{"line":226,"column":null}},"65":{"start":{"line":227,"column":8},"end":{"line":227,"column":null}},"66":{"start":{"line":227,"column":24},"end":{"line":227,"column":null}},"67":{"start":{"line":228,"column":8},"end":{"line":228,"column":null}},"68":{"start":{"line":230,"column":27},"end":{"line":233,"column":null}},"69":{"start":{"line":235,"column":8},"end":{"line":237,"column":null}},"70":{"start":{"line":236,"column":10},"end":{"line":236,"column":null}},"71":{"start":{"line":239,"column":8},"end":{"line":241,"column":null}},"72":{"start":{"line":240,"column":10},"end":{"line":240,"column":null}},"73":{"start":{"line":243,"column":54},"end":{"line":243,"column":null}},"74":{"start":{"line":244,"column":8},"end":{"line":244,"column":null}},"75":{"start":{"line":244,"column":24},"end":{"line":244,"column":null}},"76":{"start":{"line":246,"column":8},"end":{"line":250,"column":null}},"77":{"start":{"line":247,"column":10},"end":{"line":247,"column":null}},"78":{"start":{"line":248,"column":15},"end":{"line":250,"column":null}},"79":{"start":{"line":249,"column":10},"end":{"line":249,"column":null}},"80":{"start":{"line":255,"column":6},"end":{"line":361,"column":null}},"81":{"start":{"line":257,"column":23},"end":{"line":260,"column":null}},"82":{"start":{"line":262,"column":8},"end":{"line":266,"column":null}},"83":{"start":{"line":263,"column":10},"end":{"line":263,"column":null}},"84":{"start":{"line":265,"column":10},"end":{"line":265,"column":null}},"85":{"start":{"line":268,"column":51},"end":{"line":268,"column":null}},"86":{"start":{"line":269,"column":8},"end":{"line":269,"column":null}},"87":{"start":{"line":269,"column":21},"end":{"line":269,"column":null}},"88":{"start":{"line":271,"column":30},"end":{"line":271,"column":null}},"89":{"start":{"line":271,"column":66},"end":{"line":271,"column":null}},"90":{"start":{"line":273,"column":40},"end":{"line":273,"column":null}},"91":{"start":{"line":273,"column":84},"end":{"line":273,"column":115}},"92":{"start":{"line":275,"column":8},"end":{"line":277,"column":null}},"93":{"start":{"line":276,"column":10},"end":{"line":276,"column":null}},"94":{"start":{"line":279,"column":8},"end":{"line":292,"column":null}},"95":{"start":{"line":280,"column":35},"end":{"line":289,"column":null}},"96":{"start":{"line":281,"column":29},"end":{"line":281,"column":null}},"97":{"start":{"line":282,"column":12},"end":{"line":287,"column":null}},"98":{"start":{"line":283,"column":14},"end":{"line":283,"column":null}},"99":{"start":{"line":283,"column":31},"end":{"line":283,"column":null}},"100":{"start":{"line":284,"column":14},"end":{"line":286,"column":null}},"101":{"start":{"line":285,"column":16},"end":{"line":285,"column":null}},"102":{"start":{"line":288,"column":12},"end":{"line":288,"column":null}},"103":{"start":{"line":290,"column":34},"end":{"line":290,"column":null}},"104":{"start":{"line":291,"column":10},"end":{"line":291,"column":null}},"105":{"start":{"line":291,"column":31},"end":{"line":291,"column":null}},"106":{"start":{"line":294,"column":36},"end":{"line":294,"column":52}},"107":{"start":{"line":295,"column":26},"end":{"line":295,"column":null}},"108":{"start":{"line":296,"column":34},"end":{"line":296,"column":null}},"109":{"start":{"line":297,"column":33},"end":{"line":297,"column":null}},"110":{"start":{"line":298,"column":28},"end":{"line":298,"column":null}},"111":{"start":{"line":299,"column":26},"end":{"line":299,"column":null}},"112":{"start":{"line":300,"column":23},"end":{"line":300,"column":null}},"113":{"start":{"line":303,"column":49},"end":{"line":329,"column":null}},"114":{"start":{"line":331,"column":8},"end":{"line":334,"column":null}},"115":{"start":{"line":332,"column":10},"end":{"line":332,"column":null}},"116":{"start":{"line":333,"column":10},"end":{"line":333,"column":null}},"117":{"start":{"line":336,"column":28},"end":{"line":336,"column":null}},"118":{"start":{"line":337,"column":8},"end":{"line":339,"column":null}},"119":{"start":{"line":338,"column":10},"end":{"line":338,"column":null}},"120":{"start":{"line":342,"column":24},"end":{"line":342,"column":null}},"121":{"start":{"line":343,"column":8},"end":{"line":354,"column":null}},"122":{"start":{"line":344,"column":10},"end":{"line":344,"column":null}},"123":{"start":{"line":344,"column":30},"end":{"line":344,"column":null}},"124":{"start":{"line":345,"column":25},"end":{"line":345,"column":null}},"125":{"start":{"line":346,"column":25},"end":{"line":346,"column":null}},"126":{"start":{"line":348,"column":53},"end":{"line":348,"column":null}},"127":{"start":{"line":349,"column":10},"end":{"line":352,"column":null}},"128":{"start":{"line":353,"column":10},"end":{"line":353,"column":null}},"129":{"start":{"line":356,"column":8},"end":{"line":360,"column":null}},"130":{"start":{"line":363,"column":26},"end":{"line":367,"column":null}},"131":{"start":{"line":369,"column":6},"end":{"line":371,"column":null}},"132":{"start":{"line":370,"column":8},"end":{"line":370,"column":null}},"133":{"start":{"line":373,"column":47},"end":{"line":373,"column":null}},"134":{"start":{"line":374,"column":6},"end":{"line":374,"column":null}},"135":{"start":{"line":374,"column":18},"end":{"line":374,"column":null}},"136":{"start":{"line":376,"column":19},"end":{"line":376,"column":null}},"137":{"start":{"line":376,"column":54},"end":{"line":376,"column":null}},"138":{"start":{"line":378,"column":29},"end":{"line":378,"column":null}},"139":{"start":{"line":378,"column":64},"end":{"line":378,"column":95}},"140":{"start":{"line":379,"column":6},"end":{"line":381,"column":null}},"141":{"start":{"line":380,"column":8},"end":{"line":380,"column":null}},"142":{"start":{"line":383,"column":6},"end":{"line":396,"column":null}},"143":{"start":{"line":384,"column":33},"end":{"line":393,"column":null}},"144":{"start":{"line":385,"column":27},"end":{"line":385,"column":null}},"145":{"start":{"line":386,"column":10},"end":{"line":391,"column":null}},"146":{"start":{"line":387,"column":12},"end":{"line":387,"column":null}},"147":{"start":{"line":387,"column":29},"end":{"line":387,"column":null}},"148":{"start":{"line":388,"column":12},"end":{"line":390,"column":null}},"149":{"start":{"line":389,"column":14},"end":{"line":389,"column":null}},"150":{"start":{"line":392,"column":10},"end":{"line":392,"column":null}},"151":{"start":{"line":394,"column":32},"end":{"line":394,"column":null}},"152":{"start":{"line":395,"column":8},"end":{"line":395,"column":null}},"153":{"start":{"line":395,"column":29},"end":{"line":395,"column":null}},"154":{"start":{"line":399,"column":25},"end":{"line":399,"column":32}},"155":{"start":{"line":400,"column":32},"end":{"line":400,"column":null}},"156":{"start":{"line":401,"column":24},"end":{"line":401,"column":null}},"157":{"start":{"line":402,"column":47},"end":{"line":402,"column":null}},"158":{"start":{"line":405,"column":26},"end":{"line":405,"column":null}},"159":{"start":{"line":406,"column":29},"end":{"line":406,"column":null}},"160":{"start":{"line":407,"column":31},"end":{"line":407,"column":null}},"161":{"start":{"line":408,"column":24},"end":{"line":408,"column":null}},"162":{"start":{"line":409,"column":21},"end":{"line":409,"column":null}},"163":{"start":{"line":412,"column":29},"end":{"line":412,"column":null}},"164":{"start":{"line":413,"column":47},"end":{"line":439,"column":null}},"165":{"start":{"line":441,"column":6},"end":{"line":444,"column":null}},"166":{"start":{"line":442,"column":8},"end":{"line":442,"column":null}},"167":{"start":{"line":443,"column":8},"end":{"line":443,"column":null}},"168":{"start":{"line":446,"column":25},"end":{"line":446,"column":null}},"169":{"start":{"line":447,"column":6},"end":{"line":449,"column":null}},"170":{"start":{"line":448,"column":8},"end":{"line":448,"column":null}},"171":{"start":{"line":452,"column":22},"end":{"line":452,"column":null}},"172":{"start":{"line":453,"column":30},"end":{"line":453,"column":null}},"173":{"start":{"line":454,"column":25},"end":{"line":454,"column":null}},"174":{"start":{"line":455,"column":6},"end":{"line":487,"column":null}},"175":{"start":{"line":456,"column":8},"end":{"line":456,"column":null}},"176":{"start":{"line":456,"column":28},"end":{"line":456,"column":null}},"177":{"start":{"line":457,"column":23},"end":{"line":457,"column":null}},"178":{"start":{"line":458,"column":23},"end":{"line":458,"column":null}},"179":{"start":{"line":460,"column":8},"end":{"line":484,"column":null}},"180":{"start":{"line":461,"column":34},"end":{"line":461,"column":null}},"181":{"start":{"line":462,"column":10},"end":{"line":464,"column":null}},"182":{"start":{"line":463,"column":12},"end":{"line":463,"column":null}},"183":{"start":{"line":465,"column":31},"end":{"line":465,"column":null}},"184":{"start":{"line":466,"column":26},"end":{"line":466,"column":null}},"185":{"start":{"line":467,"column":36},"end":{"line":475,"column":null}},"186":{"start":{"line":476,"column":10},"end":{"line":476,"column":null}},"187":{"start":{"line":476,"column":22},"end":{"line":476,"column":null}},"188":{"start":{"line":477,"column":10},"end":{"line":477,"column":null}},"189":{"start":{"line":479,"column":36},"end":{"line":482,"column":null}},"190":{"start":{"line":483,"column":10},"end":{"line":483,"column":null}},"191":{"start":{"line":483,"column":22},"end":{"line":483,"column":null}},"192":{"start":{"line":485,"column":8},"end":{"line":485,"column":null}},"193":{"start":{"line":486,"column":8},"end":{"line":486,"column":null}},"194":{"start":{"line":489,"column":6},"end":{"line":492,"column":null}},"195":{"start":{"line":490,"column":8},"end":{"line":490,"column":null}},"196":{"start":{"line":491,"column":8},"end":{"line":491,"column":null}},"197":{"start":{"line":494,"column":6},"end":{"line":498,"column":null}},"198":{"start":{"line":504,"column":4},"end":{"line":1025,"column":null}},"199":{"start":{"line":508,"column":6},"end":{"line":522,"column":null}},"200":{"start":{"line":509,"column":39},"end":{"line":509,"column":47}},"201":{"start":{"line":510,"column":8},"end":{"line":512,"column":null}},"202":{"start":{"line":511,"column":10},"end":{"line":511,"column":null}},"203":{"start":{"line":513,"column":36},"end":{"line":516,"column":null}},"204":{"start":{"line":517,"column":8},"end":{"line":520,"column":null}},"205":{"start":{"line":518,"column":10},"end":{"line":518,"column":null}},"206":{"start":{"line":519,"column":10},"end":{"line":519,"column":null}},"207":{"start":{"line":521,"column":8},"end":{"line":521,"column":null}},"208":{"start":{"line":525,"column":6},"end":{"line":666,"column":null}},"209":{"start":{"line":534,"column":12},"end":{"line":534,"column":20}},"210":{"start":{"line":535,"column":8},"end":{"line":535,"column":null}},"211":{"start":{"line":535,"column":17},"end":{"line":535,"column":null}},"212":{"start":{"line":538,"column":49},"end":{"line":542,"column":null}},"213":{"start":{"line":544,"column":8},"end":{"line":544,"column":null}},"214":{"start":{"line":544,"column":32},"end":{"line":544,"column":null}},"215":{"start":{"line":546,"column":28},"end":{"line":546,"column":null}},"216":{"start":{"line":547,"column":35},"end":{"line":547,"column":null}},"217":{"start":{"line":548,"column":29},"end":{"line":548,"column":null}},"218":{"start":{"line":549,"column":8},"end":{"line":549,"column":null}},"219":{"start":{"line":549,"column":30},"end":{"line":549,"column":null}},"220":{"start":{"line":551,"column":23},"end":{"line":551,"column":null}},"221":{"start":{"line":552,"column":8},"end":{"line":552,"column":null}},"222":{"start":{"line":552,"column":24},"end":{"line":552,"column":null}},"223":{"start":{"line":553,"column":41},"end":{"line":553,"column":null}},"224":{"start":{"line":554,"column":37},"end":{"line":554,"column":null}},"225":{"start":{"line":555,"column":46},"end":{"line":555,"column":null}},"226":{"start":{"line":556,"column":47},"end":{"line":556,"column":null}},"227":{"start":{"line":557,"column":43},"end":{"line":557,"column":null}},"228":{"start":{"line":559,"column":8},"end":{"line":564,"column":null}},"229":{"start":{"line":560,"column":41},"end":{"line":560,"column":null}},"230":{"start":{"line":561,"column":10},"end":{"line":563,"column":null}},"231":{"start":{"line":562,"column":12},"end":{"line":562,"column":null}},"232":{"start":{"line":566,"column":36},"end":{"line":573,"column":null}},"233":{"start":{"line":567,"column":23},"end":{"line":567,"column":null}},"234":{"start":{"line":568,"column":28},"end":{"line":568,"column":null}},"235":{"start":{"line":569,"column":10},"end":{"line":571,"column":null}},"236":{"start":{"line":570,"column":12},"end":{"line":570,"column":null}},"237":{"start":{"line":572,"column":10},"end":{"line":572,"column":null}},"238":{"start":{"line":575,"column":43},"end":{"line":575,"column":null}},"239":{"start":{"line":576,"column":44},"end":{"line":576,"column":null}},"240":{"start":{"line":577,"column":46},"end":{"line":577,"column":null}},"241":{"start":{"line":578,"column":29},"end":{"line":578,"column":null}},"242":{"start":{"line":579,"column":30},"end":{"line":579,"column":null}},"243":{"start":{"line":581,"column":31},"end":{"line":581,"column":null}},"244":{"start":{"line":582,"column":31},"end":{"line":582,"column":null}},"245":{"start":{"line":583,"column":36},"end":{"line":583,"column":null}},"246":{"start":{"line":584,"column":35},"end":{"line":584,"column":null}},"247":{"start":{"line":585,"column":32},"end":{"line":585,"column":null}},"248":{"start":{"line":588,"column":34},"end":{"line":603,"column":null}},"249":{"start":{"line":605,"column":8},"end":{"line":609,"column":null}},"250":{"start":{"line":606,"column":10},"end":{"line":606,"column":null}},"251":{"start":{"line":607,"column":26},"end":{"line":607,"column":null}},"252":{"start":{"line":608,"column":10},"end":{"line":608,"column":null}},"253":{"start":{"line":612,"column":8},"end":{"line":663,"column":null}},"254":{"start":{"line":613,"column":52},"end":{"line":617,"column":null}},"255":{"start":{"line":619,"column":10},"end":{"line":662,"column":null}},"256":{"start":{"line":621,"column":31},"end":{"line":621,"column":null}},"257":{"start":{"line":622,"column":12},"end":{"line":626,"column":null}},"258":{"start":{"line":623,"column":14},"end":{"line":625,"column":null}},"259":{"start":{"line":624,"column":16},"end":{"line":624,"column":null}},"260":{"start":{"line":627,"column":32},"end":{"line":627,"column":null}},"261":{"start":{"line":628,"column":12},"end":{"line":632,"column":null}},"262":{"start":{"line":629,"column":14},"end":{"line":631,"column":null}},"263":{"start":{"line":630,"column":16},"end":{"line":630,"column":null}},"264":{"start":{"line":635,"column":35},"end":{"line":635,"column":null}},"265":{"start":{"line":636,"column":12},"end":{"line":640,"column":null}},"266":{"start":{"line":637,"column":14},"end":{"line":639,"column":null}},"267":{"start":{"line":638,"column":16},"end":{"line":638,"column":null}},"268":{"start":{"line":641,"column":36},"end":{"line":641,"column":null}},"269":{"start":{"line":642,"column":12},"end":{"line":646,"column":null}},"270":{"start":{"line":643,"column":14},"end":{"line":645,"column":null}},"271":{"start":{"line":644,"column":16},"end":{"line":644,"column":null}},"272":{"start":{"line":648,"column":41},"end":{"line":660,"column":null}},"273":{"start":{"line":661,"column":12},"end":{"line":661,"column":null}},"274":{"start":{"line":661,"column":27},"end":{"line":661,"column":null}},"275":{"start":{"line":665,"column":8},"end":{"line":665,"column":null}},"276":{"start":{"line":671,"column":6},"end":{"line":816,"column":null}},"277":{"start":{"line":680,"column":12},"end":{"line":680,"column":20}},"278":{"start":{"line":681,"column":8},"end":{"line":681,"column":null}},"279":{"start":{"line":681,"column":17},"end":{"line":681,"column":null}},"280":{"start":{"line":683,"column":49},"end":{"line":687,"column":null}},"281":{"start":{"line":689,"column":8},"end":{"line":689,"column":null}},"282":{"start":{"line":689,"column":32},"end":{"line":689,"column":null}},"283":{"start":{"line":691,"column":28},"end":{"line":691,"column":null}},"284":{"start":{"line":692,"column":35},"end":{"line":692,"column":null}},"285":{"start":{"line":693,"column":35},"end":{"line":693,"column":null}},"286":{"start":{"line":694,"column":29},"end":{"line":694,"column":null}},"287":{"start":{"line":695,"column":8},"end":{"line":695,"column":null}},"288":{"start":{"line":695,"column":30},"end":{"line":695,"column":null}},"289":{"start":{"line":697,"column":41},"end":{"line":697,"column":null}},"290":{"start":{"line":698,"column":37},"end":{"line":698,"column":null}},"291":{"start":{"line":699,"column":46},"end":{"line":699,"column":null}},"292":{"start":{"line":700,"column":47},"end":{"line":700,"column":null}},"293":{"start":{"line":702,"column":23},"end":{"line":702,"column":null}},"294":{"start":{"line":703,"column":8},"end":{"line":703,"column":null}},"295":{"start":{"line":703,"column":24},"end":{"line":703,"column":null}},"296":{"start":{"line":705,"column":8},"end":{"line":712,"column":null}},"297":{"start":{"line":706,"column":33},"end":{"line":706,"column":null}},"298":{"start":{"line":707,"column":45},"end":{"line":707,"column":null}},"299":{"start":{"line":708,"column":41},"end":{"line":708,"column":null}},"300":{"start":{"line":709,"column":10},"end":{"line":711,"column":null}},"301":{"start":{"line":710,"column":12},"end":{"line":710,"column":null}},"302":{"start":{"line":714,"column":36},"end":{"line":721,"column":null}},"303":{"start":{"line":715,"column":23},"end":{"line":715,"column":null}},"304":{"start":{"line":716,"column":28},"end":{"line":716,"column":null}},"305":{"start":{"line":717,"column":10},"end":{"line":719,"column":null}},"306":{"start":{"line":718,"column":12},"end":{"line":718,"column":null}},"307":{"start":{"line":720,"column":10},"end":{"line":720,"column":null}},"308":{"start":{"line":723,"column":43},"end":{"line":723,"column":null}},"309":{"start":{"line":724,"column":44},"end":{"line":724,"column":null}},"310":{"start":{"line":725,"column":46},"end":{"line":725,"column":null}},"311":{"start":{"line":726,"column":29},"end":{"line":726,"column":null}},"312":{"start":{"line":729,"column":29},"end":{"line":729,"column":null}},"313":{"start":{"line":733,"column":31},"end":{"line":733,"column":null}},"314":{"start":{"line":734,"column":31},"end":{"line":734,"column":null}},"315":{"start":{"line":736,"column":36},"end":{"line":736,"column":null}},"316":{"start":{"line":737,"column":35},"end":{"line":737,"column":null}},"317":{"start":{"line":739,"column":32},"end":{"line":739,"column":null}},"318":{"start":{"line":741,"column":34},"end":{"line":756,"column":null}},"319":{"start":{"line":758,"column":8},"end":{"line":761,"column":null}},"320":{"start":{"line":759,"column":10},"end":{"line":759,"column":null}},"321":{"start":{"line":760,"column":10},"end":{"line":760,"column":null}},"322":{"start":{"line":765,"column":8},"end":{"line":812,"column":null}},"323":{"start":{"line":766,"column":52},"end":{"line":770,"column":null}},"324":{"start":{"line":772,"column":10},"end":{"line":811,"column":null}},"325":{"start":{"line":773,"column":31},"end":{"line":773,"column":null}},"326":{"start":{"line":774,"column":12},"end":{"line":810,"column":null}},"327":{"start":{"line":775,"column":31},"end":{"line":775,"column":null}},"328":{"start":{"line":778,"column":37},"end":{"line":778,"column":null}},"329":{"start":{"line":779,"column":14},"end":{"line":785,"column":null}},"330":{"start":{"line":780,"column":16},"end":{"line":784,"column":null}},"331":{"start":{"line":781,"column":18},"end":{"line":783,"column":null}},"332":{"start":{"line":782,"column":20},"end":{"line":782,"column":null}},"333":{"start":{"line":786,"column":38},"end":{"line":786,"column":null}},"334":{"start":{"line":787,"column":14},"end":{"line":793,"column":null}},"335":{"start":{"line":788,"column":16},"end":{"line":792,"column":null}},"336":{"start":{"line":789,"column":18},"end":{"line":791,"column":null}},"337":{"start":{"line":790,"column":20},"end":{"line":790,"column":null}},"338":{"start":{"line":795,"column":40},"end":{"line":798,"column":null}},"339":{"start":{"line":801,"column":14},"end":{"line":809,"column":null}},"340":{"start":{"line":805,"column":90},"end":{"line":805,"column":99}},"341":{"start":{"line":806,"column":92},"end":{"line":806,"column":101}},"342":{"start":{"line":815,"column":8},"end":{"line":815,"column":null}},"343":{"start":{"line":819,"column":6},"end":{"line":924,"column":null}},"344":{"start":{"line":820,"column":23},"end":{"line":820,"column":31}},"345":{"start":{"line":821,"column":8},"end":{"line":821,"column":null}},"346":{"start":{"line":821,"column":17},"end":{"line":821,"column":null}},"347":{"start":{"line":823,"column":49},"end":{"line":827,"column":null}},"348":{"start":{"line":829,"column":8},"end":{"line":829,"column":null}},"349":{"start":{"line":829,"column":32},"end":{"line":829,"column":null}},"350":{"start":{"line":830,"column":8},"end":{"line":830,"column":null}},"351":{"start":{"line":830,"column":41},"end":{"line":830,"column":null}},"352":{"start":{"line":833,"column":20},"end":{"line":833,"column":null}},"353":{"start":{"line":834,"column":22},"end":{"line":834,"column":null}},"354":{"start":{"line":835,"column":21},"end":{"line":835,"column":null}},"355":{"start":{"line":836,"column":21},"end":{"line":836,"column":null}},"356":{"start":{"line":837,"column":20},"end":{"line":837,"column":null}},"357":{"start":{"line":838,"column":35},"end":{"line":838,"column":null}},"358":{"start":{"line":839,"column":29},"end":{"line":839,"column":null}},"359":{"start":{"line":840,"column":22},"end":{"line":840,"column":null}},"360":{"start":{"line":841,"column":27},"end":{"line":841,"column":null}},"361":{"start":{"line":842,"column":26},"end":{"line":842,"column":null}},"362":{"start":{"line":843,"column":23},"end":{"line":843,"column":null}},"363":{"start":{"line":846,"column":34},"end":{"line":860,"column":null}},"364":{"start":{"line":862,"column":8},"end":{"line":865,"column":null}},"365":{"start":{"line":863,"column":10},"end":{"line":863,"column":null}},"366":{"start":{"line":864,"column":10},"end":{"line":864,"column":null}},"367":{"start":{"line":868,"column":8},"end":{"line":921,"column":null}},"368":{"start":{"line":869,"column":52},"end":{"line":873,"column":null}},"369":{"start":{"line":875,"column":10},"end":{"line":920,"column":null}},"370":{"start":{"line":876,"column":27},"end":{"line":876,"column":null}},"371":{"start":{"line":877,"column":29},"end":{"line":877,"column":57}},"372":{"start":{"line":878,"column":30},"end":{"line":878,"column":59}},"373":{"start":{"line":879,"column":32},"end":{"line":879,"column":null}},"374":{"start":{"line":881,"column":31},"end":{"line":881,"column":null}},"375":{"start":{"line":882,"column":12},"end":{"line":886,"column":null}},"376":{"start":{"line":883,"column":1
[...]
,"column":82},"end":{"line":687,"column":116}},{"start":{"line":687,"column":116},"end":{"line":687,"column":null}}]},"166":{"loc":{"start":{"line":693,"column":31},"end":{"line":693,"column":null}},"type":"binary-expr","locations":[{"start":{"line":693,"column":31},"end":{"line":693,"column":52}},{"start":{"line":693,"column":52},"end":{"line":693,"column":null}}]},"167":{"loc":{"start":{"line":694,"column":31},"end":{"line":694,"column":null}},"type":"binary-expr","locations":[{"start":{"line":694,"column":31},"end":{"line":694,"column":51}},{"start":{"line":694,"column":55},"end":{"line":694,"column":null}}]},"168":{"loc":{"start":{"line":695,"column":33},"end":{"line":695,"column":null}},"type":"binary-expr","locations":[{"start":{"line":695,"column":33},"end":{"line":695,"column":61}},{"start":{"line":695,"column":65},"end":{"line":695,"column":null}}]},"169":{"loc":{"start":{"line":696,"column":10},"end":{"line":698,"column":null}},"type":"if","locations":[{"start":{"line":696,"column":10},"end":{"line":698,"column":null}},{"start":{},"end":{}}]},"170":{"loc":{"start":{"line":699,"column":26},"end":{"line":699,"column":null}},"type":"binary-expr","locations":[{"start":{"line":699,"column":26},"end":{"line":699,"column":43}},{"start":{"line":699,"column":47},"end":{"line":699,"column":null}}]},"171":{"loc":{"start":{"line":706,"column":6},"end":{"line":774,"column":null}},"type":"if","locations":[{"start":{"line":706,"column":6},"end":{"line":774,"column":null}},{"start":{},"end":{}}]},"172":{"loc":{"start":{"line":707,"column":8},"end":{"line":707,"column":null}},"type":"if","locations":[{"start":{"line":707,"column":8},"end":{"line":707,"column":null}},{"start":{},"end":{}}]},"173":{"loc":{"start":{"line":715,"column":8},"end":{"line":718,"column":null}},"type":"if","locations":[{"start":{"line":715,"column":8},"end":{"line":718,"column":null}},{"start":{},"end":{}}]},"174":{"loc":{"start":{"line":719,"column":8},"end":{"line":719,"column":null}},"type":"if","locations":[{"start":{"line":719,"column":8},"end":{"line":719,"column":null}},{"start":{},"end":{}}]},"175":{"loc":{"start":{"line":727,"column":8},"end":{"line":730,"column":null}},"type":"if","locations":[{"start":{"line":727,"column":8},"end":{"line":730,"column":null}},{"start":{},"end":{}}]},"176":{"loc":{"start":{"line":738,"column":8},"end":{"line":741,"column":null}},"type":"if","locations":[{"start":{"line":738,"column":8},"end":{"line":741,"column":null}},{"start":{},"end":{}}]},"177":{"loc":{"start":{"line":742,"column":8},"end":{"line":742,"column":null}},"type":"if","locations":[{"start":{"line":742,"column":8},"end":{"line":742,"column":null}},{"start":{},"end":{}}]},"178":{"loc":{"start":{"line":744,"column":32},"end":{"line":744,"column":null}},"type":"binary-expr","locations":[{"start":{"line":744,"column":32},"end":{"line":744,"column":64}},{"start":{"line":744,"column":68},"end":{"line":744,"column":null}}]},"179":{"loc":{"start":{"line":746,"column":10},"end":{"line":746,"column":39}},"type":"binary-expr","locations":[{"start":{"line":746,"column":10},"end":{"line":746,"column":37}},{"start":{"line":746,"column":37},"end":{"line":746,"column":39}}]},"180":{"loc":{"start":{"line":747,"column":21},"end":{"line":747,"column":null}},"type":"binary-expr","locations":[{"start":{"line":747,"column":21},"end":{"line":747,"column":48}},{"start":{"line":747,"column":52},"end":{"line":747,"column":null}}]},"181":{"loc":{"start":{"line":748,"column":81},"end":{"line":748,"column":117}},"type":"binary-expr","locations":[{"start":{"line":748,"column":81},"end":{"line":748,"column":107}},{"start":{"line":748,"column":111},"end":{"line":748,"column":117}}]},"182":{"loc":{"start":{"line":748,"column":117},"end":{"line":748,"column":133}},"type":"binary-expr","locations":[{"start":{"line":748,"column":117},"end":{"line":748,"column":130}},{"start":{"line":748,"column":130},"end":{"line":748,"column":133}}]},"183":{"loc":{"start":{"line":752,"column":34},"end":{"line":752,"column":null}},"type":"binary-expr","locations":[{"start":{"line":752,"column":34},"end":{"line":752,"column":80}},{"start":{"line":752,"column":84},"end":{"line":752,"column":null}}]},"184":{"loc":{"start":{"line":753,"column":35},"end":{"line":753,"column":null}},"type":"binary-expr","locations":[{"start":{"line":753,"column":35},"end":{"line":753,"column":82}},{"start":{"line":753,"column":86},"end":{"line":753,"column":null}}]},"185":{"loc":{"start":{"line":756,"column":45},"end":{"line":756,"column":86}},"type":"binary-expr","locations":[{"start":{"line":756,"column":45},"end":{"line":756,"column":80}},{"start":{"line":756,"column":80},"end":{"line":756,"column":86}}]},"186":{"loc":{"start":{"line":756,"column":86},"end":{"line":756,"column":null}},"type":"binary-expr","locations":[{"start":{"line":756,"column":86},"end":{"line":756,"column":122}},{"start":{"line":756,"column":122},"end":{"line":756,"column":null}}]},"187":{"loc":{"start":{"line":762,"column":31},"end":{"line":762,"column":null}},"type":"binary-expr","locations":[{"start":{"line":762,"column":31},"end":{"line":762,"column":52}},{"start":{"line":762,"column":52},"end":{"line":762,"column":null}}]},"188":{"loc":{"start":{"line":763,"column":31},"end":{"line":763,"column":null}},"type":"binary-expr","locations":[{"start":{"line":763,"column":31},"end":{"line":763,"column":53}},{"start":{"line":763,"column":57},"end":{"line":763,"column":null}}]},"189":{"loc":{"start":{"line":764,"column":33},"end":{"line":764,"column":null}},"type":"binary-expr","locations":[{"start":{"line":764,"column":33},"end":{"line":764,"column":63}},{"start":{"line":764,"column":67},"end":{"line":764,"column":null}}]},"190":{"loc":{"start":{"line":765,"column":10},"end":{"line":767,"column":null}},"type":"if","locations":[{"start":{"line":765,"column":10},"end":{"line":767,"column":null}},{"start":{},"end":{}}]},"191":{"loc":{"start":{"line":768,"column":26},"end":{"line":768,"column":null}},"type":"binary-expr","locations":[{"start":{"line":768,"column":26},"end":{"line":768,"column":45}},{"start":{"line":768,"column":49},"end":{"line":768,"column":null}}]},"192":{"loc":{"start":{"line":775,"column":6},"end":{"line":778,"column":null}},"type":"if","locations":[{"start":{"line":775,"column":6},"end":{"line":778,"column":null}},{"start":{},"end":{}}]},"193":{"loc":{"start":{"line":776,"column":8},"end":{"line":776,"column":null}},"type":"if","locations":[{"start":{"line":776,"column":8},"end":{"line":776,"column":null}},{"start":{},"end":{}}]},"194":{"loc":{"start":{"line":781,"column":6},"end":{"line":793,"column":null}},"type":"if","locations":[{"start":{"line":781,"column":6},"end":{"line":793,"column":null}},{"start":{},"end":{}}]},"195":{"loc":{"start":{"line":787,"column":8},"end":{"line":790,"column":null}},"type":"if","locations":[{"start":{"line":787,"column":8},"end":{"line":790,"column":null}},{"start":{},"end":{}}]},"196":{"loc":{"start":{"line":791,"column":8},"end":{"line":791,"column":null}},"type":"if","locations":[{"start":{"line":791,"column":8},"end":{"line":791,"column":null}},{"start":{},"end":{}}]},"197":{"loc":{"start":{"line":795,"column":6},"end":{"line":795,"column":null}},"type":"if","locations":[{"start":{"line":795,"column":6},"end":{"line":795,"column":null}},{"start":{},"end":{}}]},"198":{"loc":{"start":{"line":798,"column":6},"end":{"line":863,"column":null}},"type":"if","locations":[{"start":{"line":798,"column":6},"end":{"line":863,"column":null}},{"start":{},"end":{}}]},"199":{"loc":{"start":{"line":807,"column":8},"end":{"line":810,"column":null}},"type":"if","locations":[{"start":{"line":807,"column":8},"end":{"line":810,"column":null}},{"start":{},"end":{}}]},"200":{"loc":{"start":{"line":811,"column":8},"end":{"line":811,"column":null}},"type":"if","locations":[{"start":{"line":811,"column":8},"end":{"line":811,"column":null}},{"start":{},"end":{}}]},"201":{"loc":{"start":{"line":813,"column":33},"end":{"line":813,"column":null}},"type":"binary-expr","locations":[{"start":{"line":813,"column":33},"end":{"line":813,"column":70}},{"start":{"line":813,"column":74},"end":{"line":813,"column":null}}]},"202":{"loc":{"start":{"line":815,"column":8},"end":{"line":860,"column":null}},"type":"if","locations":[{"start":{"line":815,"column":8},"end":{"line":860,"column":null}},{"start":{},"end":{}}]},"203":{"loc":{"start":{"line":815,"column":12},"end":{"line":815,"column":55}},"type":"binary-expr","locations":[{"start":{"line":815,"column":12},"end":{"line":815,"column":27}},{"start":{"line":815,"column":27},"end":{"line":815,"column":55}}]},"204":{"loc":{"start":{"line":822,"column":10},"end":{"line":825,"column":null}},"type":"if","locations":[{"start":{"line":822,"column":10},"end":{"line":825,"column":null}},{"start":{},"end":{}}]},"205":{"loc":{"start":{"line":826,"column":10},"end":{"line":826,"column":null}},"type":"if","locations":[{"start":{"line":826,"column":10},"end":{"line":826,"column":null}},{"start":{},"end":{}}]},"206":{"loc":{"start":{"line":829,"column":10},"end":{"line":859,"column":null}},"type":"if","locations":[{"start":{"line":829,"column":10},"end":{"line":859,"column":null}},{"start":{"line":853,"column":17},"end":{"line":859,"column":null}}]},"207":{"loc":{"start":{"line":830,"column":12},"end":{"line":830,"column":null}},"type":"if","locations":[{"start":{"line":830,"column":12},"end":{"line":830,"column":null}},{"start":{},"end":{}}]},"208":{"loc":{"start":{"line":840,"column":32},"end":{"line":840,"column":null}},"type":"binary-expr","locations":[{"start":{"line":840,"column":32},"end":{"line":840,"column":74}},{"start":{"line":840,"column":74},"end":{"line":840,"column":null}}]},"209":{"loc":{"start":{"line":842,"column":12},"end":{"line":852,"column":null}},"type":"if","locations":[{"start":{"line":842,"column":12},"end":{"line":852,"column":null}},{"start":{},"end":{}}]},"210":{"loc":{"start":{"line":853,"column":17},"end":{"line":859,"column":null}},"type":"if","locations":[{"start":{"line":853,"column":17},"end":{"line":859,"column":null}},{"start":{},"end":{}}]},"211":{"loc":{"start":{"line":862,"column":31},"end":{"line":862,"column":null}},"type":"binary-expr","locations":[{"start":{"line":862,"column":31},"end":{"line":862,"column":43}},{"start":{"line":862,"column":43},"end":{"line":862,"column":null}}]},"212":{"loc":{"start":{"line":872,"column":6},"end":{"line":875,"column":null}},"type":"if","locations":[{"start":{"line":872,"column":6},"end":{"line":875,"column":null}},{"start":{},"end":{}}]},"213":{"loc":{"start":{"line":880,"column":4},"end":{"line":927,"column":null}},"type":"if","locations":[{"start":{"line":880,"column":4},"end":{"line":927,"column":null}},{"start":{},"end":{}}]},"214":{"loc":{"start":{"line":882,"column":21},"end":{"line":882,"column":null}},"type":"binary-expr","locations":[{"start":{"line":882,"column":21},"end":{"line":882,"column":29}},{"start":{"line":882,"column":33},"end":{"line":882,"column":null}}]},"215":{"loc":{"start":{"line":883,"column":6},"end":{"line":883,"column":null}},"type":"if","locations":[{"start":{"line":883,"column":6},"end":{"line":883,"column":null}},{"start":{},"end":{}}]},"216":{"loc":{"start":{"line":892,"column":6},"end":{"line":894,"column":null}},"type":"if","locations":[{"start":{"line":892,"column":6},"end":{"line":894,"column":null}},{"start":{},"end":{}}]},"217":{"loc":{"start":{"line":892,"column":10},"end":{"line":892,"column":28}},"type":"binary-expr","locations":[{"start":{"line":892,"column":10},"end":{"line":892,"column":22}},{"start":{"line":892,"column":22},"end":{"line":892,"column":28}}]},"218":{"loc":{"start":{"line":896,"column":21},"end":{"line":896,"column":null}},"type":"binary-expr","locations":[{"start":{"line":896,"column":21},"end":{"line":896,"column":55}},{"start":{"line":896,"column":55},"end":{"line":896,"column":null}}]},"219":{"loc":{"start":{"line":899,"column":6},"end":{"line":913,"column":null}},"type":"if","locations":[{"start":{"line":899,"column":6},"end":{"line":913,"column":null}},{"start":{},"end":{}}]},"220":{"loc":{"start":{"line":899,"column":10},"end":{"line":899,"column":40}},"type":"binary-expr","locations":[{"start":{"line":899,"column":10},"end":{"line":899,"column":24}},{"start":{"line":899,"column":24},"end":{"line":899,"column":40}}]},"221":{"loc":{"start":{"line":906,"column":8},"end":{"line":912,"column":null}},"type":"if","locations":[{"start":{"line":906,"column":8},"end":{"line":912,"column":null}},{"start":{},"end":{}}]},"222":{"loc":{"start":{"line":906,"column":12},"end":{"line":906,"column":36}},"type":"binary-expr","locations":[{"start":{"line":906,"column":12},"end":{"line":906,"column":28}},{"start":{"line":906,"column":28},"end":{"line":906,"column":36}}]},"223":{"loc":{"start":{"line":907,"column":26},"end":{"line":907,"column":68}},"type":"binary-expr","locations":[{"start":{"line":907,"column":26},"end":{"line":907,"column":63}},{"start":{"line":907,"column":63},"end":{"line":907,"column":68}}]},"224":{"loc":{"start":{"line":921,"column":6},"end":{"line":924,"column":null}},"type":"if","locations":[{"start":{"line":921,"column":6},"end":{"line":924,"column":null}},{"start":{},"end":{}}]},"225":{"loc":{"start":{"line":932,"column":41},"end":{"line":932,"column":79}},"type":"binary-expr","locations":[{"start":{"line":932,"column":41},"end":{"line":932,"column":55}},{"start":{"line":932,"column":55},"end":{"line":932,"column":79}}]}},"s":{"0":31,"1":4,"2":4,"3":4,"4":465,"5":465,"6":0,"7":0,"8":0,"9":0,"10":0,"11":0,"12":0,"13":31,"14":31,"15":31,"16":31,"17":0,"18":31,"19":0,"20":0,"21":0,"22":0,"23":0,"24":0,"25":0,"26":0,"27":0,"28":0,"29":0,"30":0,"31":0,"32":0,"33":0,"34":0,"35":0,"36":0,"37":0,"38":0,"39":0,"40":0,"41":0,"42":0,"43":0,"44":0,"45":0,"46":0,"47":0,"48":0,"49":31,"50":31,"51":31,"52":31,"53":0,"54":31,"55":31,"56":0,"57":0,"58":31,"59":0,"60":31,"61":31,"62":0,"63":0,"64":31,"65":0,"66":31,"67":0,"68":31,"69":31,"70":31,"71":31,"72":31,"73":31,"74":31,"75":0,"76":0,"77":0,"78":0,"79":0,"80":0,"81":31,"82":0,"83":31,"84":31,"85":0,"86":31,"87":31,"88":93,"89":93,"90":0,"91":31,"92":31,"93":62,"94":62,"95":0,"96":31,"97":124,"98":0,"99":124,"100":124,"101":310,"102":124,"103":31,"104":31,"105":0,"106":31,"107":31,"108":31,"109":31,"110":31,"111":31,"112":31,"113":124,"114":124,"115":31,"116":0,"117":31,"118":31,"119":0,"120":0,"121":31,"122":31,"123":31,"124":0,"125":0,"126":0,"127":0,"128":0,"129":31,"130":0,"131":0,"132":0,"133":0,"134":0,"135":0,"136":0,"137":0,"138":0,"139":0,"140":0,"141":0,"142":0,"143":0,"144":0,"145":0,"146":0,"147":0,"148":0,"149":0,"150":0,"151":0,"152":0,"153":0,"154":0,"155":0,"156":0,"157":0,"158":0,"159":0,"160":0,"161":0,"162":0,"163":0,"164":0,"165":0,"166":0,"167":0,"168":0,"169":0,"170":0,"171":0,"172":0,"173":0,"174":0,"175":0,"176":0,"177":0,"178":0,"179":0,"180":0,"181":0,"182":0,"183":0,"184":0,"185":0,"186":0,"187":0,"188":0,"189":0,"190":0,"191":0,"192":0,"193":0,"194":0,"195":0,"196":0,"197":0,"198":0,"199":0,"200":0,"201":0,"202":0,"203":0,"204":0,"205":0,"206":0,"207":0,"208":0,"209":0,"210":0,"211":0,"212":0,"213":0,"214":0,"215":0,"216":0,"217":0,"218":0,"219":0,"220":0,"221":0,"222":0,"223":0,"224":0,"225":0,"226":0,"227":0,"228":0,"229":0,"230":0,"231":0,"232":0,"233":0,"234":0,"235":0,"236":0,"237":0,"238":0,"239":0,"240":0,"241":0,"242":0,"243":0,"244":0,"245":0,"246":0,"247":0,"248":0,"249":0,"250":0,"251":0,"252":0,"253":0,"254":0,"255":0,"256":0,"257":0,"258":0,"259":0,"260":0,"261":0,"262":0,"263":0,"264":0,"265":0,"266":0,"267":0,"268":0,"269":0,"270":0,"271":0,"272":0,"273":0,"274":0,"275":0,"276":0,"277":0,"278":0,"279":0,"280":0,"281":0,"282":0,"283":0,"284":0,"285":0,"286":0,"287":0,"288":0,"289":0,"290":0,"291":0,"292":0,"293":0,"294":0,"295":0,"296":0,"297":0,"298":0,"299":0,"300":0,"301":0,"302":0,"303":0,"304":0,"305":0,"306":0,"307":0,"308":0,"309":0,"310":0,"311":0,"312":0,"313":0,"314":0,"315":0,"316":0,"317":0,"318":0,"319":0,"320":0,"321":0,"322":0,"323":0,"324":0,"325":0,"326":0,"327":0,"328":0,"329":0,"330":0,"331":0,"332":0,"333":0,"334":0,"335":0,"336":0,"337":0,"338":0,"339":0,"340":0,"341":0,"342":0,"343":0,"344":0,"345":0,"346":0,"347":0,"348":0,"349":0,"350":0,"351":0,"352":0,"353":0,"354":0,"355":0,"356":0,"357":0,"358":0,"359":0,"360":0,"361":0,"362":0,"363":0,"364":0,"365":0,"366":0,"367":0,"368":0,"369":0,"370":0,"371":0,"372":0,"373":0,"374":0,"375":0,"376":0,"377":0,"378":0,"379":0,"380":0,"381":0,"382":0,"383":0,"384":0,"385":0,"386":0,"387":0,"388":0,"389":0,"390":0,"391":0,"392":0,"393":0,"394":0,"395":0,"396":0,"397":0,"398":0,"399":0,"400":0,"401":0,"402":0,"403":0,"404":0,"405":0,"406":0,"407":0,"408":0,"409":0,"410":0,"411":0,"412":0,"413":0,"414":0,"415":0,"416":0,"417":0,"418":0,"419":0,"420":0,"421":0,"422":0,"423":0,"424":0,"425":0,"426":0,"427":0,"428":0,"429":0,"430":0,"431":0,"432":0,"433":0,"434":0,"435":0,"436":0,"437":0,"438":0,"439":0,"440":0,"441":0,"442":0,"443":0,"444":0,"445":0,"446":0,"447":0,"448":0,"449":0,"450":0,"451":0,"452":0,"453":0,"454":0,"455":0,"456":0,"457":0,"458":0,"459":0},"f":{"0":465,"1":0,"2":31,"3":0,"4":0,"5":0,"6":124,"7":310,"8":124,"9":0,"10":0,"11":0,"12":0,"13":0,"14":0,"15":0,"16":0,"17":0,"18":0,"19":0,"20":0,"21":0,"22":0,"23":0,"24":0,"25":0,"26":0,"27":0,"28":0,"29":0,"30":0,"31":0},"b":{"0":[434,31],"1":[0,0],"2":[0,0],"3":[0,0],"4":[31,0],"5":[0,31],"6":[31,31],"7":[0,31],"8":[0,31],"9":[0,0],"10":[0,0],"11":[0,0],"12":[0,0],"13":[0,0,0],"14":[0,0],"15":[0,0],"16":[0,0],"17":[0,0],"18":[0,0],"19":[0,0],"20":[0,0],"21":[0,0],"22":[0,0],"23":[0,0],"24":[0,0],"25":[0,0],"26":[0,0],"27":[0,0],"28":[31,0],"29":[31,0],"30":[0,31],"31":[31,31],"32":[0,31],"33":[0,31],"34":[0,31],"35":[0,31],"36":[0,31],"37":[31,0],"38":[31,0],"39":[31,0],"40":[0,0],"41":[0,0],"42":[0,0],"43":[0,0],"44":[0,31],"45":[31,31],"46":[0,31],"47":[31,0],"48":[31,31],"49":[93,0],"50":[0,93],"51":[31,0],"52":[31,31],"53":[62,0],"54":[0,62],"55":[0,124],"56":[124,124],"57":[0,31],"58":[31,0],"59":[31,31],"60":[124,124,124],"61":[0,31],"62":[31,31],"63":[0,31],"64":[0,31],"65":[0,0],"66":[0,0],"67":[0,0],"68":[0,0],"69":[0,0],"70":[0,0],"71":[0,0],"72":[0,0],"73":[0,0],"74":[0,0],"75":[0,0],"76":[0,0],"77":[0,0],"78":[0,0],"79":[0,0],"80":[0,0],"81":[0,0],"82":[0,0],"83":[0,0],"84":[0,0],"85":[0,0],"86":[0,0],"87":[0,0],"88":[0,0],"89":[0,0],"90":[0,0],"91":[0,0],"92":[0,0],"93":[0,0],"94":[0,0],"95":[0,0],"96":[0,0],"97":[0,0],"98":[0,0],"99":[0,0],"100":[0,0],"101":[0,0],"102":[0,0],"103":[0,0],"104":[0,0],"105":[0,0],"106":[0,0],"107":[0,0],"108":[0,0],"109":[0,0],"110":[0,0],"111":[0,0],"112":[0,0],"113":[0,0],"114":[0,0],"115":[0,0],"116":[0,0],"117":[0,0],"118":[0,0],"119":[0,0],"120":[0,0],"121":[0,0],"122":[0,0],"123":[0,0],"124":[0,0],"125":[0,0],"126":[0,0],"127":[0,0],"128":[0,0],"129":[0,0],"130":[0,0],"131":[0,0],"132":[0,0],"133":[0,0],"134":[0,0],"135":[0,0],"136":[0,0],"137":[0,0],"138":[0,0],"139":[0,0],"140":[0,0],"141":[0,0],"142":[0,0],"143":[0,0],"144":[0,0],"145":[0,0],"146":[0,0],"147":[0,0],"148":[0,0],"149":[0,0],"150":[0,0],"151":[0,0],"152":[0,0],"153":[0,0],"154":[0,0],"155":[0,0],"156":[0,0],"157":[0,0],"158":[0,0],"159":[0,0],"160":[0,0],"161":[0,0],"162":[0,0],"163":[0,0],"164":[0,0],"165":[0,0],"166":[0,0],"167":[0,0],"168":[0,0],"169":[0,0],"170":[0,0],"171":[0,0],"172":[0,0],"173":[0,0],"174":[0,0],"175":[0,0],"176":[0,0],"177":[0,0],"178":[0,0],"179":[0,0],"180":[0,0],"181":[0,0],"182":[0,0],"183":[0,0],"184":[0,0],"185":[0,0],"186":[0,0],"187":[0,0],"188":[0,0],"189":[0,0],"190":[0,0],"191":[0,0],"192":[0,0],"193":[0,0],"194":[0,0],"195":[0,0],"196":[0,0],"197":[0,0],"198":[0,0],"199":[0,0],"200":[0,0],"201":[0,0],"202":[0,0],"203":[0,0],"204":[0,0],"205":[0,0],"206":[0,0],"207":[0,0],"208":[0,0],"209":[0,0],"210":[0,0],"211":[0,0],"212":[0,0],"213":[0,0],"214":[0,0],"215":[0,0],"216":[0,0],"217":[0,0],"218":[0,0],"219":[0,0],"220":[0,0],"221":[0,0],"222":[0,0],"223":[0,0],"224":[0,0],"225":[0,0]}}
}
