TN:
SF:components\Badge.tsx
FN:4,Badge
FNF:1
FNH:1
FNDA:7,Badge
DA:1,1
DA:4,7
DA:5,7
DA:14,7
LF:4
LH:4
BRDA:4,0,0,0
BRDA:4,1,0,6
BRDA:14,2,0,7
BRDA:14,2,1,0
BRF:4
BRH:2
end_of_record
TN:
SF:components\CustomSelect.tsx
FN:16,CustomSelect
FN:22,(anonymous_6)
FN:26,(anonymous_7)
FN:28,(anonymous_8)
FN:29,(anonymous_9)
FN:35,(anonymous_10)
FN:38,(anonymous_11)
FN:39,(anonymous_12)
FN:44,(anonymous_13)
FN:54,(anonymous_14)
FN:60,(anonymous_15)
FN:104,(anonymous_16)
FN:155,(anonymous_17)
FN:164,(anonymous_18)
FN:168,(anonymous_19)
FNF:15
FNH:10
FNDA:14,CustomSelect
FNDA:41,(anonymous_6)
FNDA:15,(anonymous_7)
FNDA:6,(anonymous_8)
FNDA:0,(anonymous_9)
FNDA:6,(anonymous_10)
FNDA:10,(anonymous_11)
FNDA:3,(anonymous_12)
FNDA:0,(anonymous_13)
FNDA:0,(anonymous_14)
FNDA:0,(anonymous_15)
FNDA:3,(anonymous_16)
FNDA:18,(anonymous_17)
FNDA:1,(anonymous_18)
FNDA:0,(anonymous_19)
DA:1,1
DA:16,6
DA:17,14
DA:18,14
DA:19,14
DA:20,14
DA:22,14
DA:23,41
DA:26,15
DA:28,14
DA:29,6
DA:30,0
DA:31,0
DA:34,6
DA:35,6
DA:38,14
DA:39,10
DA:40,7
DA:44,14
DA:45,0
DA:46,0
DA:47,0
DA:48,0
DA:51,0
DA:52,0
DA:53,0
DA:54,0
DA:55,0
DA:56,0
DA:58,0
DA:59,0
DA:60,0
DA:61,0
DA:62,0
DA:64,0
DA:65,0
DA:66,0
DA:67,0
DA:68,0
DA:69,0
DA:71,0
DA:72,0
DA:73,0
DA:104,3
DA:156,18
DA:157,18
DA:158,18
DA:165,1
DA:166,1
DA:168,0
LF:50
LH:23
BRDA:16,0,0,14
BRDA:23,1,0,39
BRDA:23,1,1,2
BRDA:26,2,0,14
BRDA:26,2,1,0
BRDA:30,3,0,0
BRDA:30,3,1,0
BRDA:30,4,0,0
BRDA:30,4,1,0
BRDA:39,5,0,3
BRDA:39,5,1,7
BRDA:45,6,0,0
BRDA:45,6,1,0
BRDA:45,7,0,0
BRDA:45,7,1,0
BRDA:45,7,2,0
BRDA:45,7,3,0
BRDA:51,8,0,0
BRDA:51,8,1,0
BRDA:52,9,0,0
BRDA:52,9,1,0
BRDA:55,10,0,0
BRDA:55,10,1,0
BRDA:56,11,0,0
BRDA:56,11,1,0
BRDA:58,12,0,0
BRDA:58,12,1,0
BRDA:61,13,0,0
BRDA:61,13,1,0
BRDA:62,14,0,0
BRDA:62,14,1,0
BRDA:64,15,0,0
BRDA:64,15,1,0
BRDA:66,16,0,0
BRDA:66,16,1,0
BRDA:71,17,0,0
BRDA:71,17,1,0
BRDA:85,18,0,6
BRDA:85,18,1,8
BRDA:88,19,0,14
BRDA:103,20,0,6
BRDA:103,20,1,8
BRDA:128,21,0,6
BRDA:128,21,1,8
BRDA:135,22,0,14
BRDA:139,23,0,3
BRDA:139,23,1,3
BRDA:173,24,0,6
BRDA:173,24,1,12
BRDA:173,25,0,0
BRDA:173,25,1,12
BRDA:174,26,0,6
BRDA:174,26,1,12
BRDA:175,27,0,6
BRDA:175,27,1,12
BRDA:183,28,0,18
BRF:56
BRH:24
end_of_record
TN:
SF:components\Login.tsx
FN:9,Login
FN:15,(anonymous_2)
FN:68,(anonymous_3)
FN:68,(anonymous_4)
FN:80,(anonymous_5)
FN:81,(anonymous_6)
FN:92,(anonymous_7)
FN:92,(anonymous_8)
FN:104,(anonymous_9)
FN:105,(anonymous_10)
FN:109,(anonymous_11)
FN:109,(anonymous_12)
FN:175,(anonymous_13)
FN:176,(anonymous_14)
FNF:14
FNH:9
FNDA:15,Login
FNDA:2,(anonymous_2)
FNDA:2,(anonymous_3)
FNDA:2,(anonymous_4)
FNDA:5,(anonymous_5)
FNDA:0,(anonymous_6)
FNDA:2,(anonymous_7)
FNDA:2,(anonymous_8)
FNDA:0,(anonymous_9)
FNDA:0,(anonymous_10)
FNDA:2,(anonymous_11)
FNDA:2,(anonymous_12)
FNDA:0,(anonymous_13)
FNDA:0,(anonymous_14)
DA:1,1
DA:9,5
DA:10,15
DA:11,15
DA:12,15
DA:13,15
DA:15,15
DA:16,2
DA:17,2
DA:18,2
DA:19,2
DA:24,1
DA:25,1
DA:26,1
DA:28,1
DA:30,2
DA:68,2
DA:80,5
DA:81,0
DA:92,2
DA:104,0
DA:105,0
DA:109,2
DA:175,0
DA:176,0
LF:25
LH:20
BRDA:24,0,0,0
BRDA:24,0,1,1
BRDA:89,1,0,1
BRDA:89,1,1,14
BRDA:124,2,0,1
BRDA:124,2,1,14
BRDA:128,3,0,1
BRDA:144,4,0,15
BRDA:178,5,0,2
BRDA:178,5,1,13
BRF:10
BRH:9
end_of_record
TN:
SF:lib\catalog.ts
FN:3,(anonymous_8)
FN:5,(anonymous_9)
FN:10,(anonymous_10)
FN:13,(anonymous_11)
FN:15,(anonymous_12)
FN:18,(anonymous_13)
FN:22,(anonymous_14)
FN:28,(anonymous_15)
FN:34,(anonymous_16)
FN:56,(anonymous_17)
FN:60,(anonymous_18)
FN:71,(anonymous_19)
FN:75,(anonymous_20)
FN:82,(anonymous_21)
FNF:14
FNH:14
FNDA:49,(anonymous_8)
FNDA:6,(anonymous_9)
FNDA:18,(anonymous_10)
FNDA:4,(anonymous_11)
FNDA:9,(anonymous_12)
FNDA:2,(anonymous_13)
FNDA:3,(anonymous_14)
FNDA:3,(anonymous_15)
FNDA:7,(anonymous_16)
FNDA:7,(anonymous_17)
FNDA:28,(anonymous_18)
FNDA:112,(anonymous_19)
FNDA:7,(anonymous_20)
FNDA:4,(anonymous_21)
DA:3,49
DA:5,4
DA:6,6
DA:7,6
DA:10,1
DA:11,18
DA:13,4
DA:14,4
DA:15,9
DA:16,4
DA:18,2
DA:19,2
DA:22,3
DA:28,3
DA:29,3
DA:34,1
DA:35,7
DA:36,7
DA:37,7
DA:38,7
DA:40,7
DA:41,121
DA:42,121
DA:43,121
DA:44,121
DA:45,121
DA:48,7
DA:49,7
DA:50,7
DA:51,7
DA:53,7
DA:56,1
DA:57,7
DA:58,7
DA:60,7
DA:61,28
DA:62,28
DA:63,28
DA:64,28
DA:65,28
DA:68,7
DA:69,7
DA:71,112
DA:72,7
DA:75,7
DA:76,7
DA:82,4
DA:83,4
DA:84,1
LF:49
LH:49
BRDA:3,0,0,49
BRDA:3,0,1,3
BRDA:6,1,0,6
BRDA:6,1,1,1
BRDA:7,2,0,6
BRDA:7,2,1,5
BRDA:11,3,0,18
BRDA:11,3,1,0
BRDA:11,3,2,0
BRDA:16,4,0,2
BRDA:16,4,1,2
BRDA:16,5,0,2
BRDA:16,5,1,0
BRDA:19,6,0,1
BRDA:19,6,1,1
BRDA:19,7,0,1
BRDA:19,7,1,0
BRDA:29,8,0,3
BRDA:29,8,1,1
BRDA:29,8,2,1
BRDA:83,9,0,3
BRDA:83,9,1,1
BRF:22
BRH:18
end_of_record
TN:
SF:lib\supabase.ts
FN:45,handleSupabaseError
FNF:1
FNH:0
FNDA:0,handleSupabaseError
DA:2,4
DA:4,4
DA:5,4
DA:8,4
DA:11,916
DA:23,916
DA:45,0
DA:46,0
DA:47,0
LF:9
LH:6
BRF:0
BRH:0
end_of_record
TN:
SF:lib\variantQuantities.ts
FN:4,toNumber
FN:9,normalizeFlatQuantities
FN:12,(anonymous_11)
FN:20,normalizeVariantQuantities
FN:24,(anonymous_13)
FN:29,(anonymous_14)
FN:41,rollupVariantQuantities
FN:53,(anonymous_16)
FN:54,(anonymous_17)
FN:69,mergeVariantQuantities
FN:74,(anonymous_19)
FN:78,(anonymous_20)
FN:80,(anonymous_21)
FN:88,adjustVariantQuantities
FN:97,(anonymous_23)
FN:101,(anonymous_24)
FN:103,(anonymous_25)
FN:108,(anonymous_26)
FN:109,(anonymous_27)
FN:118,validateVariantRequest
FN:135,variantTotal
FNF:21
FNH:21
FNDA:3233,toNumber
FNDA:164,normalizeFlatQuantities
FNDA:112,(anonymous_11)
FNDA:912,normalizeVariantQuantities
FNDA:1354,(anonymous_13)
FNDA:2235,(anonymous_14)
FNDA:137,rollupVariantQuantities
FNDA:229,(anonymous_16)
FNDA:369,(anonymous_17)
FNDA:42,mergeVariantQuantities
FNDA:12,(anonymous_19)
FNDA:44,(anonymous_20)
FNDA:47,(anonymous_21)
FNDA:140,adjustVariantQuantities
FNDA:225,(anonymous_23)
FNDA:128,(anonymous_24)
FNDA:134,(anonymous_25)
FNDA:248,(anonymous_26)
FNDA:399,(anonymous_27)
FNDA:136,validateVariantRequest
FNDA:2,variantTotal
DA:4,8
DA:5,3233
DA:6,3233
DA:9,164
DA:10,164
DA:11,98
DA:12,98
DA:13,112
DA:14,112
DA:15,111
DA:17,98
DA:20,140
DA:21,912
DA:22,858
DA:24,858
DA:25,1354
DA:26,1354
DA:28,1354
DA:29,1354
DA:30,2235
DA:31,2235
DA:32,2235
DA:35,1354
DA:38,858
DA:41,135
DA:46,137
DA:47,137
DA:49,134
DA:50,134
DA:51,134
DA:53,134
DA:54,229
DA:55,369
DA:56,369
DA:57,369
DA:58,369
DA:62,134
DA:69,42
DA:70,42
DA:71,42
DA:72,42
DA:74,42
DA:75,12
DA:78,42
DA:79,44
DA:80,44
DA:81,47
DA:85,42
DA:88,140
DA:93,140
DA:94,140
DA:95,140
DA:97,140
DA:98,225
DA:101,140
DA:102,128
DA:103,128
DA:104,134
DA:108,140
DA:109,248
DA:110,399
DA:112,248
DA:115,140
DA:118,136
DA:119,136
DA:120,136
DA:121,135
DA:123,135
DA:124,227
DA:125,329
DA:126,329
DA:127,2
DA:132,133
DA:135,2
DA:136,2
LF:75
LH:75
BRDA:6,0,0,3227
BRDA:6,0,1,6
BRDA:10,1,0,66
BRDA:10,1,1,98
BRDA:10,2,0,164
BRDA:10,2,1,100
BRDA:10,2,2,98
BRDA:14,3,0,1
BRDA:14,3,1,111
BRDA:17,4,0,97
BRDA:17,4,1,1
BRDA:21,5,0,54
BRDA:21,5,1,858
BRDA:21,6,0,912
BRDA:21,6,1,858
BRDA:21,6,2,858
BRDA:26,7,0,0
BRDA:26,7,1,1354
BRDA:26,8,0,1354
BRDA:26,8,1,1354
BRDA:26,8,2,1354
BRDA:26,8,3,1354
BRDA:31,9,0,0
BRDA:31,9,1,2235
BRDA:35,10,0,1354
BRDA:35,10,1,0
BRDA:38,11,0,809
BRDA:38,11,1,49
BRDA:47,12,0,3
BRDA:47,12,1,134
BRDA:56,13,0,369
BRDA:56,13,1,229
BRDA:57,14,0,369
BRDA:57,14,1,252
BRDA:63,15,0,134
BRDA:63,15,1,0
BRDA:64,16,0,134
BRDA:64,16,1,0
BRDA:70,17,0,42
BRDA:70,17,1,32
BRDA:71,18,0,42
BRDA:71,18,1,2
BRDA:79,19,0,38
BRDA:79,19,1,6
BRDA:81,20,0,47
BRDA:81,20,1,42
BRDA:85,21,0,41
BRDA:85,21,1,1
BRDA:93,22,0,140
BRDA:93,22,1,16
BRDA:94,23,0,140
BRDA:94,23,1,46
BRDA:102,24,0,23
BRDA:102,24,1,105
BRDA:104,25,0,134
BRDA:104,25,1,40
BRDA:110,26,0,78
BRDA:110,26,1,321
BRDA:112,27,0,17
BRDA:112,27,1,231
BRDA:115,28,0,136
BRDA:115,28,1,4
BRDA:120,29,0,1
BRDA:120,29,1,135
BRDA:121,30,0,135
BRDA:121,30,1,1
BRDA:126,31,0,2
BRDA:126,31,1,327
BRF:68
BRH:63
end_of_record
TN:
SF:pages\api\orders.ts
FN:13,num
FN:18,generateOrderCode
FN:24,handler
FN:99,(anonymous_4)
FN:271,(anonymous_5)
FN:273,(anonymous_6)
FN:280,(anonymous_7)
FN:282,(anonymous_8)
FN:284,(anonymous_9)
FN:376,(anonymous_10)
FN:378,(anonymous_11)
FN:384,(anonymous_12)
FN:386,(anonymous_13)
FN:388,(anonymous_14)
FN:566,(anonymous_15)
FN:569,(anonymous_16)
FN:623,(anonymous_17)
FN:629,(anonymous_18)
FN:637,(anonymous_19)
FN:643,(anonymous_20)
FN:714,(anonymous_21)
FN:717,(anonymous_22)
FN:780,(anonymous_23)
FN:788,(anonymous_24)
FN:805,(anonymous_25)
FN:806,(anonymous_26)
FN:883,(anonymous_27)
FN:889,(anonymous_28)
FN:895,(anonymous_29)
FN:901,(anonymous_30)
FN:1122,(anonymous_31)
FN:1125,(anonymous_32)
FNF:32
FNH:26
FNDA:938,num
FNDA:32,generateOrderCode
FNDA:82,handler
FNDA:0,(anonymous_4)
FNDA:0,(anonymous_5)
FNDA:0,(anonymous_6)
FNDA:0,(anonymous_7)
FNDA:0,(anonymous_8)
FNDA:0,(anonymous_9)
FNDA:32,(anonymous_10)
FNDA:32,(anonymous_11)
FNDA:32,(anonymous_12)
FNDA:64,(anonymous_13)
FNDA:159,(anonymous_14)
FNDA:38,(anonymous_15)
FNDA:40,(anonymous_16)
FNDA:20,(anonymous_17)
FNDA:20,(anonymous_18)
FNDA:20,(anonymous_19)
FNDA:20,(anonymous_20)
FNDA:36,(anonymous_21)
FNDA:36,(anonymous_22)
FNDA:5,(anonymous_23)
FNDA:5,(anonymous_24)
FNDA:5,(anonymous_25)
FNDA:5,(anonymous_26)
FNDA:4,(anonymous_27)
FNDA:4,(anonymous_28)
FNDA:4,(anonymous_29)
FNDA:4,(anonymous_30)
FNDA:4,(anonymous_31)
FNDA:8,(anonymous_32)
DA:2,4
DA:3,4
DA:11,4
DA:14,938
DA:15,938
DA:19,32
DA:20,32
DA:21,32
DA:24,82
DA:25,82
DA:26,82
DA:27,82
DA:32,82
DA:33,0
DA:35,0
DA:86,0
DA:87,0
DA:93,0
DA:94,0
DA:95,0
DA:96,0
DA:99,0
DA:101,0
DA:102,0
DA:106,0
DA:149,0
DA:155,82
DA:175,32
DA:177,32
DA:178,32
DA:179,32
DA:180,32
DA:181,32
DA:182,32
DA:183,32
DA:186,32
DA:187,32
DA:188,32
DA:189,32
DA:190,32
DA:193,32
DA:194,32
DA:196,32
DA:197,0
DA:198,0
DA:201,32
DA:203,32
DA:208,32
DA:209,32
DA:210,32
DA:213,32
DA:216,32
DA:217,32
DA:218,32
DA:219,32
DA:221,32
DA:222,4
DA:227,4
DA:228,4
DA:230,28
DA:235,28
DA:236,28
DA:239,28
DA:240,28
DA:243,28
DA:244,28
DA:246,28
DA:247,1
DA:248,27
DA:249,0
DA:255,32
DA:257,0
DA:262,0
DA:263,0
DA:265,0
DA:268,0
DA:269,0
DA:271,0
DA:273,0
DA:275,0
DA:276,0
DA:279,0
DA:280,0
DA:281,0
DA:282,0
DA:283,0
DA:284,0
DA:285,0
DA:288,0
DA:290,0
DA:291,0
DA:294,0
DA:295,0
DA:296,0
DA:297,0
DA:298,0
DA:299,0
DA:300,0
DA:303,0
DA:331,0
DA:332,0
DA:333,0
DA:336,0
DA:337,0
DA:338,0
DA:342,0
DA:343,0
DA:344,0
DA:345,0
DA:346,0
DA:348,0
DA:349,0
DA:353,0
DA:356,0
DA:363,32
DA:369,32
DA:370,5
DA:373,32
DA:374,32
DA:376,32
DA:378,32
DA:379,32
DA:380,0
DA:383,32
DA:384,32
DA:385,32
DA:386,32
DA:387,64
DA:388,64
DA:389,159
DA:392,32
DA:394,32
DA:395,32
DA:399,32
DA:400,32
DA:401,32
DA:402,32
DA:405,32
DA:406,32
DA:407,32
DA:408,32
DA:409,32
DA:412,32
DA:413,32
DA:441,32
DA:442,0
DA:443,0
DA:446,32
DA:447,32
DA:448,0
DA:452,32
DA:453,32
DA:454,32
DA:455,32
DA:456,32
DA:457,32
DA:458,32
DA:460,32
DA:461,32
DA:462,32
DA:463,0
DA:465,32
DA:466,32
DA:467,32
DA:476,32
DA:477,32
DA:479,0
DA:483,0
DA:485,32
DA:486,32
DA:489,32
DA:490,0
DA:491,0
DA:494,32
DA:504,50
DA:508,46
DA:509,0
DA:510,0
DA:511,0
DA:513,0
DA:517,0
DA:518,0
DA:519,0
DA:521,0
DA:525,46
DA:534,19
DA:535,19
DA:538,19
DA:544,19
DA:546,19
DA:547,19
DA:548,19
DA:549,19
DA:551,19
DA:552,19
DA:553,19
DA:554,19
DA:555,19
DA:556,19
DA:557,19
DA:559,19
DA:560,19
DA:561,19
DA:562,0
DA:566,19
DA:567,38
DA:568,38
DA:569,38
DA:570,40
DA:572,38
DA:575,19
DA:576,19
DA:577,19
DA:578,19
DA:579,19
DA:581,19
DA:582,19
DA:583,19
DA:584,19
DA:585,19
DA:588,19
DA:605,19
DA:606,0
DA:607,0
DA:608,0
DA:612,19
DA:613,19
DA:619,19
DA:621,19
DA:622,19
DA:623,19
DA:624,20
DA:627,19
DA:628,19
DA:629,19
DA:630,20
DA:635,19
DA:636,19
DA:637,19
DA:638,20
DA:641,19
DA:642,19
DA:643,19
DA:644,20
DA:648,19
DA:661,19
DA:665,19
DA:671,27
DA:680,19
DA:681,19
DA:683,19
DA:689,19
DA:691,19
DA:692,19
DA:693,19
DA:694,19
DA:695,19
DA:697,18
DA:698,18
DA:699,18
DA:700,18
DA:702,18
DA:703,18
DA:705,18
DA:706,18
DA:707,18
DA:708,18
DA:709,18
DA:710,0
DA:714,18
DA:715,36
DA:716,36
DA:717,36
DA:718,36
DA:720,36
DA:723,18
DA:724,18
DA:725,18
DA:726,18
DA:729,18
DA:733,18
DA:734,18
DA:736,18
DA:737,18
DA:739,18
DA:741,18
DA:758,18
DA:759,0
DA:760,0
DA:765,18
DA:766,18
DA:772,18
DA:773,18
DA:774,18
DA:775,5
DA:778,5
DA:779,5
DA:780,5
DA:781,5
DA:782,1
DA:786,5
DA:787,5
DA:788,5
DA:789,5
DA:790,2
DA:795,5
DA:801,5
DA:805,5
DA:806,5
DA:815,18
DA:819,8
DA:820,3
DA:821,3
DA:823,3
DA:829,3
DA:830,3
DA:833,3
DA:834,3
DA:835,3
DA:836,3
DA:837,3
DA:838,3
DA:839,3
DA:840,3
DA:841,3
DA:842,3
DA:843,3
DA:846,3
DA:862,3
DA:863,0
DA:864,0
DA:868,3
DA:869,3
DA:875,3
DA:876,3
DA:877,3
DA:878,3
DA:879,3
DA:881,3
DA:882,3
DA:883,3
DA:884,4
DA:887,3
DA:888,3
DA:889,3
DA:890,4
DA:893,3
DA:894,3
DA:895,3
DA:896,4
DA:899,3
DA:900,3
DA:901,3
DA:902,4
DA:906,3
DA:919,3
DA:923,3
DA:927,5
DA:928,2
DA:929,2
DA:931,2
DA:937,2
DA:938,2
DA:941,2
DA:942,2
DA:943,2
DA:944,2
DA:945,2
DA:946,2
DA:947,2
DA:948,2
DA:949,2
DA:950,2
DA:951,2
DA:953,2
DA:969,2
DA:970,0
DA:971,0
DA:974,2
DA:977,3
DA:978,3
DA:979,0
DA:982,3
DA:986,3
DA:992,3
DA:993,0
DA:996,3
DA:997,3
DA:998,3
DA:999,3
DA:1001,3
DA:1002,3
DA:1003,3
DA:1004,3
DA:1005,3
DA:1006,3
DA:1007,3
DA:1009,3
DA:1019,3
DA:1020,0
DA:1021,0
DA:1024,3
DA:1030,4
DA:1031,0
DA:1032,0
DA:1035,0
DA:1041,0
DA:1043,0
DA:1044,0
DA:1045,0
DA:1046,0
DA:1047,0
DA:1048,0
DA:1049,0
DA:1050,0
DA:1051,0
DA:1052,0
DA:1053,0
DA:1054,0
DA:1055,0
DA:1056,0
DA:1058,0
DA:1077,0
DA:1078,0
DA:1079,0
DA:1082,0
DA:1088,4
DA:1089,4
DA:1090,4
DA:1093,4
DA:1109,4
DA:1112,4
DA:1113,2
DA:1116,2
DA:1117,2
DA:1118,2
DA:1119,2
DA:1122,2
DA:1123,4
DA:1124,4
DA:1125,4
DA:1126,8
DA:1128,4
DA:1132,2
DA:1133,0
DA:1134,0
DA:1135,0
DA:1136,0
DA:1137,0
DA:1138,0
DA:1139,0
DA:1140,0
DA:1142,0
DA:1158,0
DA:1159,0
DA:1160,0
DA:1165,2
DA:1166,2
DA:1167,2
DA:1168,2
DA:1169,2
DA:1170,2
DA:1171,2
DA:1172,2
DA:1173,2
DA:1174,2
DA:1175,2
DA:1177,2
DA:1193,2
DA:1194,0
DA:1195,0
DA:1198,2
DA:1199,2
DA:1200,2
DA:1202,2
DA:1216,2
DA:1217,0
DA:1218,0
DA:1220,0
DA:1221,0
DA:1222,0
DA:1223,0
DA:1224,0
DA:1225,0
DA:1226,0
DA:1227,0
DA:1228,0
DA:1230,0
DA:1246,0
DA:1247,0
DA:1248,0
DA:1254,2
DA:1255,0
DA:1256,0
DA:1257,0
DA:1258,0
DA:1260,0
DA:1265,0
DA:1266,0
DA:1268,0
DA:1271,0
DA:1272,0
DA:1273,0
DA:1274,0
DA:1277,0
DA:1278,0
DA:1279,0
DA:1280,0
DA:1281,0
DA:1283,0
DA:1293,0
DA:1294,0
DA:1295,0
DA:1301,2
DA:1306,2
DA:1307,0
DA:1308,0
DA:1311,2
DA:1314,0
DA:1316,0
DA:1317,0
LF:521
LH:352
BRDA:15,0,0,906
BRDA:15,0,1,32
BRDA:27,1,0,0
BRDA:27,1,1,82
BRDA:32,2,0,0
BRDA:32,2,1,82
BRDA:86,3,0,0
BRDA:86,3,1,0
BRDA:89,4,0,0
BRDA:89,4,1,0
BRDA:94,5,0,0
BRDA:94,5,1,0
BRDA:99,6,0,0
BRDA:99,6,1,0
BRDA:102,7,0,0
BRDA:102,7,1,0
BRDA:111,8,0,0
BRDA:111,8,1,0
BRDA:112,9,0,0
BRDA:112,9,1,0
BRDA:113,10,0,0
BRDA:113,10,1,0
BRDA:114,11,0,0
BRDA:114,11,1,0
BRDA:115,12,0,0
BRDA:115,12,1,0
BRDA:118,13,0,0
BRDA:118,13,1,0
BRDA:119,14,0,0
BRDA:119,14,1,0
BRDA:120,15,0,0
BRDA:120,15,1,0
BRDA:121,16,0,0
BRDA:121,16,1,0
BRDA:122,17,0,0
BRDA:122,17,1,0
BRDA:128,18,0,0
BRDA:128,18,1,0
BRDA:129,19,0,0
BRDA:129,19,1,0
BRDA:130,20,0,0
BRDA:130,20,1,0
BRDA:131,21,0,0
BRDA:131,21,1,0
BRDA:132,22,0,0
BRDA:132,22,1,0
BRDA:133,23,0,0
BRDA:133,23,1,0
BRDA:134,24,0,0
BRDA:134,24,1,0
BRDA:135,25,0,0
BRDA:135,25,1,0
BRDA:136,26,0,0
BRDA:136,26,1,0
BRDA:137,27,0,0
BRDA:137,27,1,0
BRDA:138,28,0,0
BRDA:138,28,1,0
BRDA:139,29,0,0
BRDA:139,29,1,0
BRDA:140,30,0,0
BRDA:140,30,1,0
BRDA:141,31,0,0
BRDA:141,31,1,0
BRDA:142,32,0,0
BRDA:142,32,1,0
BRDA:143,33,0,0
BRDA:143,33,1,0
BRDA:144,34,0,0
BRDA:144,34,1,0
BRDA:145,35,0,0
BRDA:145,35,1,0
BRDA:155,36,0,32
BRDA:155,36,1,50
BRDA:175,37,0,32
BRDA:175,37,1,0
BRDA:177,38,0,0
BRDA:177,38,1,32
BRDA:179,39,0,0
BRDA:179,39,1,32
BRDA:183,40,0,0
BRDA:183,40,1,32
BRDA:189,41,0,32
BRDA:189,41,1,0
BRDA:190,42,0,32
BRDA:190,42,1,0
BRDA:194,43,0,32
BRDA:194,43,1,0
BRDA:196,44,0,0
BRDA:196,44,1,32
BRDA:198,45,0,0
BRDA:198,45,1,0
BRDA:201,46,0,0
BRDA:201,46,1,32
BRDA:208,47,0,0
BRDA:208,47,1,32
BRDA:209,48,0,0
BRDA:209,48,1,32
BRDA:213,49,0,0
BRDA:213,49,1,32
BRDA:217,50,0,32
BRDA:217,50,1,28
BRDA:218,51,0,32
BRDA:218,51,1,0
BRDA:219,52,0,32
BRDA:219,52,1,0
BRDA:221,53,0,4
BRDA:221,53,1,28
BRDA:227,54,0,0
BRDA:227,54,1,4
BRDA:228,55,0,4
BRDA:228,55,1,0
BRDA:235,56,0,28
BRDA:235,56,1,0
BRDA:239,57,0,28
BRDA:239,57,1,0
BRDA:244,58,0,0
BRDA:244,58,1,28
BRDA:246,59,0,1
BRDA:246,59,1,27
BRDA:246,60,0,28
BRDA:246,60,1,0
BRDA:248,61,0,0
BRDA:248,61,1,27
BRDA:248,62,0,27
BRDA:248,62,1,0
BRDA:255,63,0,0
BRDA:255,63,1,32
BRDA:262,64,0,0
BRDA:262,64,1,0
BRDA:269,65,0,0
BRDA:269,65,1,0
BRDA:271,66,0,0
BRDA:271,66,1,0
BRDA:275,67,0,0
BRDA:275,67,1,0
BRDA:279,68,0,0
BRDA:279,68,1,0
BRDA:281,69,0,0
BRDA:281,69,1,0
BRDA:283,70,0,0
BRDA:283,70,1,0
BRDA:285,71,0,0
BRDA:285,71,1,0
BRDA:291,72,0,0
BRDA:291,72,1,0
BRDA:310,73,0,0
BRDA:310,73,1,0
BRDA:318,74,0,0
BRDA:318,74,1,0
BRDA:319,75,0,0
BRDA:319,75,1,0
BRDA:320,76,0,0
BRDA:320,76,1,0
BRDA:327,77,0,0
BRDA:327,77,1,0
BRDA:331,78,0,0
BRDA:331,78,1,0
BRDA:336,79,0,0
BRDA:336,79,1,0
BRDA:337,80,0,0
BRDA:337,80,1,0
BRDA:344,81,0,0
BRDA:344,81,1,0
BRDA:369,82,0,5
BRDA:369,82,1,27
BRDA:374,83,0,0
BRDA:374,83,1,32
BRDA:376,84,0,32
BRDA:376,84,1,0
BRDA:379,85,0,0
BRDA:379,85,1,32
BRDA:383,86,0,32
BRDA:383,86,1,0
BRDA:385,87,0,32
BRDA:385,87,1,0
BRDA:387,88,0,64
BRDA:387,88,1,0
BRDA:389,89,0,159
BRDA:389,89,1,159
BRDA:395,90,0,0
BRDA:395,90,1,32
BRDA:402,91,0,32
BRDA:402,91,1,0
BRDA:412,92,0,32
BRDA:412,92,1,32
BRDA:412,93,0,32
BRDA:412,93,1,32
BRDA:420,94,0,32
BRDA:420,94,1,32
BRDA:428,95,0,32
BRDA:428,95,1,0
BRDA:429,96,0,32
BRDA:429,96,1,32
BRDA:430,97,0,0
BRDA:430,97,1,32
BRDA:437,98,0,32
BRDA:437,98,1,32
BRDA:441,99,0,0
BRDA:441,99,1,32
BRDA:446,100,0,32
BRDA:446,100,1,0
BRDA:447,101,0,0
BRDA:447,101,1,32
BRDA:456,102,0,0
BRDA:456,102,1,32
BRDA:460,103,0,32
BRDA:460,103,1,0
BRDA:462,104,0,0
BRDA:462,104,1,32
BRDA:476,105,0,0
BRDA:476,105,1,32
BRDA:483,106,0,0
BRDA:483,106,1,0
BRDA:489,107,0,0
BRDA:489,107,1,32
BRDA:504,108,0,46
BRDA:504,108,1,4
BRDA:508,109,0,0
BRDA:508,109,1,46
BRDA:510,110,0,0
BRDA:510,110,1,0
BRDA:510,111,0,0
BRDA:510,111,1,0
BRDA:517,112,0,0
BRDA:517,112,1,0
BRDA:525,113,0,19
BRDA:525,113,1,27
BRDA:535,114,0,0
BRDA:535,114,1,19
BRDA:544,115,0,0
BRDA:544,115,1,19
BRDA:544,116,0,19
BRDA:544,116,1,19
BRDA:549,117,0,0
BRDA:549,117,1,19
BRDA:551,118,0,19
BRDA:551,118,1,0
BRDA:552,119,0,0
BRDA:552,119,1,19
BRDA:555,120,0,19
BRDA:555,120,1,0
BRDA:556,121,0,19
BRDA:556,121,1,0
BRDA:559,122,0,19
BRDA:559,122,1,0
BRDA:561,123,0,0
BRDA:561,123,1,19
BRDA:567,124,0,38
BRDA:567,124,1,32
BRDA:568,125,0,38
BRDA:568,125,1,0
BRDA:570,126,0,40
BRDA:570,126,1,38
BRDA:572,127,0,38
BRDA:572,127,1,0
BRDA:596,128,0,19
BRDA:596,128,1,0
BRDA:601,129,0,19
BRDA:601,129,1,19
BRDA:605,130,0,0
BRDA:605,130,1,19
BRDA:607,131,0,0
BRDA:607,131,1,0
BRDA:612,132,0,19
BRDA:612,132,1,0
BRDA:619,133,0,19
BRDA:619,133,1,0
BRDA:619,134,0,19
BRDA:619,134,1,19
BRDA:621,135,0,19
BRDA:621,135,1,0
BRDA:622,136,0,19
BRDA:622,136,1,0
BRDA:624,137,0,20
BRDA:624,137,1,11
BRDA:627,138,0,19
BRDA:627,138,1,0
BRDA:628,139,0,19
BRDA:628,139,1,0
BRDA:630,140,0,20
BRDA:630,140,1,0
BRDA:635,141,0,19
BRDA:635,141,1,16
BRDA:636,142,0,19
BRDA:636,142,1,0
BRDA:638,143,0,20
BRDA:638,143,1,18
BRDA:641,144,0,19
BRDA:641,144,1,16
BRDA:642,145,0,19
BRDA:642,145,1,0
BRDA:644,146,0,20
BRDA:644,146,1,20
BRDA:652,147,0,19
BRDA:652,147,1,0
BRDA:653,148,0,19
BRDA:653,148,1,0
BRDA:654,149,0,19
BRDA:654,149,1,0
BRDA:655,150,0,19
BRDA:655,150,1,16
BRDA:656,151,0,19
BRDA:656,151,1,0
BRDA:657,152,0,19
BRDA:657,152,1,0
BRDA:658,153,0,19
BRDA:658,153,1,0
BRDA:661,154,0,0
BRDA:661,154,1,19
BRDA:671,155,0,19
BRDA:671,155,1,8
BRDA:681,156,0,0
BRDA:681,156,1,19
BRDA:689,157,0,0
BRDA:689,157,1,19
BRDA:689,158,0,19
BRDA:689,158,1,19
BRDA:695,159,0,1
BRDA:695,159,1,18
BRDA:699,160,0,18
BRDA:699,160,1,0
BRDA:700,161,0,18
BRDA:700,161,1,0
BRDA:702,162,0,18
BRDA:702,162,1,0
BRDA:703,163,0,0
BRDA:703,163,1,18
BRDA:705,164,0,18
BRDA:705,164,1,0
BRDA:709,165,0,0
BRDA:709,165,1,18
BRDA:715,166,0,36
BRDA:715,166,1,30
BRDA:716,167,0,36
BRDA:716,167,1,0
BRDA:718,168,0,36
BRDA:718,168,1,32
BRDA:720,169,0,36
BRDA:720,169,1,0
BRDA:749,170,0,18
BRDA:749,170,1,0
BRDA:754,171,0,18
BRDA:754,171,1,18
BRDA:758,172,0,0
BRDA:758,172,1,18
BRDA:760,173,0,0
BRDA:760,173,1,0
BRDA:765,174,0,18
BRDA:765,174,1,0
BRDA:772,175,0,18
BRDA:772,175,1,0
BRDA:772,176,0,18
BRDA:772,176,1,18
BRDA:773,177,0,18
BRDA:773,177,1,13
BRDA:774,178,0,5
BRDA:774,178,1,13
BRDA:774,179,0,18
BRDA:774,179,1,5
BRDA:778,180,0,5
BRDA:778,180,1,0
BRDA:779,181,0,5
BRDA:779,181,1,0
BRDA:781,182,0,1
BRDA:781,182,1,4
BRDA:782,183,0,1
BRDA:782,183,1,0
BRDA:786,184,0,5
BRDA:786,184,1,0
BRDA:787,185,0,5
BRDA:787,185,1,0
BRDA:789,186,0,2
BRDA:789,186,1,3
BRDA:790,187,0,2
BRDA:790,187,1,0
BRDA:805,188,0,4
BRDA:805,188,1,1
BRDA:806,189,0,3
BRDA:806,189,1,2
BRDA:819,190,0,3
BRDA:819,190,1,5
BRDA:821,191,0,0
BRDA:821,191,1,3
BRDA:829,192,0,0
BRDA:829,192,1,3
BRDA:829,193,0,3
BRDA:829,193,1,3
BRDA:830,194,0,0
BRDA:830,194,1,3
BRDA:862,195,0,0
BRDA:862,195,1,3
BRDA:868,196,0,3
BRDA:868,196,1,0
BRDA:875,197,0,3
BRDA:875,197,1,0
BRDA:875,198,0,3
BRDA:875,198,1,3
BRDA:876,199,0,3
BRDA:876,199,1,0
BRDA:881,200,0,3
BRDA:881,200,1,0
BRDA:882,201,0,3
BRDA:882,201,1,0
BRDA:884,202,0,4
BRDA:884,202,1,0
BRDA:887,203,0,3
BRDA:887,203,1,0
BRDA:888,204,0,3
BRDA:888,204,1,0
BRDA:890,205,0,4
BRDA:890,205,1,0
BRDA:893,206,0,3
BRDA:893,206,1,0
BRDA:894,207,0,3
BRDA:894,207,1,0
BRDA:896,208,0,4
BRDA:896,208,1,0
BRDA:899,209,0,3
BRDA:899,209,1,1
BRDA:900,210,0,3
BRDA:900,210,1,0
BRDA:902,211,0,4
BRDA:902,211,1,1
BRDA:910,212,0,3
BRDA:910,212,1,0
BRDA:911,213,0,3
BRDA:911,213,1,0
BRDA:913,214,0,3
BRDA:913,214,1,1
BRDA:914,215,0,3
BRDA:914,215,1,0
BRDA:915,216,0,3
BRDA:915,216,1,0
BRDA:919,217,0,0
BRDA:919,217,1,3
BRDA:927,218,0,2
BRDA:927,218,1,3
BRDA:929,219,0,0
BRDA:929,219,1,2
BRDA:937,220,0,0
BRDA:937,220,1,2
BRDA:937,221,0,2
BRDA:937,221,1,2
BRDA:938,222,0,0
BRDA:938,222,1,2
BRDA:969,223,0,0
BRDA:969,223,1,2
BRDA:978,224,0,0
BRDA:978,224,1,3
BRDA:978,225,0,3
BRDA:978,225,1,3
BRDA:992,226,0,0
BRDA:992,226,1,3
BRDA:992,227,0,3
BRDA:992,227,1,3
BRDA:1019,228,0,0
BRDA:1019,228,1,3
BRDA:1030,229,0,0
BRDA:1030,229,1,4
BRDA:1032,230,0,0
BRDA:1032,230,1,0
BRDA:1041,231,0,0
BRDA:1041,231,1,0
BRDA:1041,232,0,0
BRDA:1041,232,1,0
BRDA:1064,233,0,0
BRDA:1064,233,1,0
BRDA:1066,234,0,0
BRDA:1066,234,1,0
BRDA:1067,235,0,0
BRDA:1067,235,1,0
BRDA:1068,236,0,0
BRDA:1068,236,1,0
BRDA:1068,236,2,0
BRDA:1069,237,0,0
BRDA:1069,237,1,0
BRDA:1069,237,2,0
BRDA:1077,238,0,0
BRDA:1077,238,1,0
BRDA:1088,239,0,4
BRDA:1088,239,1,0
BRDA:1090,240,0,0
BRDA:1090,240,1,4
BRDA:1109,241,0,0
BRDA:1109,241,1,4
BRDA:1109,242,0,4
BRDA:1109,242,1,4
BRDA:1112,243,0,2
BRDA:1112,243,1,2
BRDA:1123,244,0,4
BRDA:1123,244,1,0
BRDA:1124,245,0,4
BRDA:1124,245,1,0
BRDA:1126,246,0,8
BRDA:1126,246,1,1
BRDA:1128,247,0,4
BRDA:1128,247,1,0
BRDA:1132,248,0,0
BRDA:1132,248,1,2
BRDA:1158,249,0,0
BRDA:1158,249,1,0
BRDA:1165,250,0,2
BRDA:1165,250,1,0
BRDA:1165,251,0,2
BRDA:1165,251,1,1
BRDA:1167,252,0,2
BRDA:1167,252,1,0
BRDA:1193,253,0,0
BRDA:1193,253,1,2
BRDA:1216,254,0,0
BRDA:1216,254,1,2
BRDA:1220,255,0,0
BRDA:1220,255,1,0
BRDA:1246,256,0,0
BRDA:1246,256,1,0
BRDA:1254,257,0,0
BRDA:1254,257,1,2
BRDA:1254,258,0,2
BRDA:1254,258,1,0
BRDA:1257,259,0,0
BRDA:1257,259,1,0
BRDA:1258,260,0,0
BRDA:1258,260,1,0
BRDA:1265,261,0,0
BRDA:1265,261,1,0
BRDA:1272,262,0,0
BRDA:1272,262,1,0
BRDA:1277,263,0,0
BRDA:1277,263,1,0
BRDA:1277,264,0,0
BRDA:1277,264,1,0
BRDA:1293,265,0,0
BRDA:1293,265,1,0
BRDA:1306,266,0,0
BRDA:1306,266,1,2
BRDA:1317,267,0,0
BRDA:1317,267,1,0
BRF:538
BRH:243
end_of_record
TN:
SF:pages\api\storeInventory.ts
FN:13,num
FN:19,parseJsonField
FN:27,handler
FN:82,(anonymous_4)
FN:185,(anonymous_5)
FN:190,(anonymous_6)
FN:229,(anonymous_7)
FN:232,(anonymous_8)
FN:254,(anonymous_9)
FN:347,(anonymous_10)
FN:356,(anonymous_11)
FN:396,(anonymous_12)
FN:397,(anonymous_13)
FN:418,(anonymous_14)
FN:424,(anonymous_15)
FN:486,(anonymous_16)
FN:566,(anonymous_17)
FN:568,(anonymous_18)
FN:570,(anonymous_19)
FN:586,(anonymous_20)
FN:603,(anonymous_21)
FN:605,(anonymous_22)
FN:613,(anonymous_23)
FN:615,(anonymous_24)
FN:677,(anonymous_25)
FN:679,(anonymous_26)
FN:686,(anonymous_27)
FN:692,(anonymous_28)
FN:746,(anonymous_29)
FN:748,(anonymous_30)
FN:755,(anonymous_31)
FN:761,(anonymous_32)
FNF:32
FNH:5
FNDA:465,num
FNDA:0,parseJsonField
FNDA:31,handler
FNDA:0,(anonymous_4)
FNDA:0,(anonymous_5)
FNDA:0,(anonymous_6)
FNDA:124,(anonymous_7)
FNDA:310,(anonymous_8)
FNDA:124,(anonymous_9)
FNDA:0,(anonymous_10)
FNDA:0,(anonymous_11)
FNDA:0,(anonymous_12)
FNDA:0,(anonymous_13)
FNDA:0,(anonymous_14)
FNDA:0,(anonymous_15)
FNDA:0,(anonymous_16)
FNDA:0,(anonymous_17)
FNDA:0,(anonymous_18)
FNDA:0,(anonymous_19)
FNDA:0,(anonymous_20)
FNDA:0,(anonymous_21)
FNDA:0,(anonymous_22)
FNDA:0,(anonymous_23)
FNDA:0,(anonymous_24)
FNDA:0,(anonymous_25)
FNDA:0,(anonymous_26)
FNDA:0,(anonymous_27)
FNDA:0,(anonymous_28)
FNDA:0,(anonymous_29)
FNDA:0,(anonymous_30)
FNDA:0,(anonymous_31)
FNDA:0,(anonymous_32)
DA:2,4
DA:3,4
DA:11,4
DA:14,465
DA:15,465
DA:20,0
DA:21,0
DA:22,0
DA:24,0
DA:27,31
DA:28,31
DA:30,31
DA:31,31
DA:32,31
DA:34,31
DA:35,0
DA:37,0
DA:68,0
DA:69,0
DA:72,0
DA:73,0
DA:74,0
DA:75,0
DA:78,0
DA:79,0
DA:80,0
DA:82,0
DA:83,0
DA:84,0
DA:85,0
DA:87,0
DA:88,0
DA:89,0
DA:91,0
DA:92,0
DA:93,0
DA:94,0
DA:95,0
DA:97,0
DA:98,0
DA:103,0
DA:104,0
DA:132,0
DA:141,31
DA:142,31
DA:143,31
DA:145,31
DA:146,0
DA:149,31
DA:155,31
DA:156,0
DA:157,0
DA:159,31
DA:161,31
DA:167,31
DA:168,0
DA:169,0
DA:171,31
DA:172,31
DA:175,31
DA:176,31
DA:177,31
DA:178,31
DA:179,31
DA:181,31
DA:182,31
DA:183,0
DA:184,0
DA:185,0
DA:188,0
DA:189,0
DA:190,0
DA:196,31
DA:197,0
DA:200,31
DA:201,31
DA:202,0
DA:206,31
DA:208,31
DA:209,93
DA:210,93
DA:211,0
DA:218,31
DA:219,31
DA:220,62
DA:221,62
DA:222,0
DA:229,31
DA:230,124
DA:231,124
DA:232,124
DA:233,310
DA:235,124
DA:238,31
DA:239,31
DA:240,0
DA:243,31
DA:244,31
DA:247,31
DA:248,31
DA:252,31
DA:253,31
DA:254,31
DA:255,124
DA:256,124
DA:258,31
DA:261,31
DA:283,31
DA:284,0
DA:285,0
DA:289,31
DA:290,31
DA:296,31
DA:297,0
DA:298,0
DA:299,0
DA:300,0
DA:301,0
DA:313,31
DA:316,0
DA:318,0
DA:319,0
DA:320,0
DA:321,0
DA:322,0
DA:325,0
DA:331,0
DA:333,0
DA:334,0
DA:335,0
DA:338,0
DA:339,0
DA:340,0
DA:341,0
DA:344,0
DA:345,0
DA:346,0
DA:347,0
DA:348,0
DA:349,0
DA:353,0
DA:354,0
DA:355,0
DA:356,0
DA:357,0
DA:358,0
DA:362,0
DA:365,0
DA:366,0
DA:368,0
DA:369,0
DA:370,0
DA:371,0
DA:372,0
DA:376,0
DA:377,0
DA:378,0
DA:379,0
DA:380,0
DA:388,0
DA:396,0
DA:397,0
DA:402,0
DA:403,0
DA:404,0
DA:408,0
DA:409,0
DA:415,0
DA:416,0
DA:417,0
DA:418,0
DA:419,0
DA:422,0
DA:423,0
DA:424,0
DA:425,0
DA:429,0
DA:439,0
DA:443,0
DA:447,0
DA:449,0
DA:450,0
DA:453,0
DA:454,0
DA:455,0
DA:456,0
DA:457,0
DA:458,0
DA:462,0
DA:468,0
DA:469,0
DA:470,0
DA:472,0
DA:475,0
DA:481,0
DA:482,0
DA:483,0
DA:486,0
DA:489,0
DA:495,0
DA:496,0
DA:497,0
DA:499,0
DA:501,0
DA:502,0
DA:503,0
DA:504,0
DA:506,0
DA:507,0
DA:511,0
DA:512,0
DA:513,0
DA:519,0
DA:522,0
DA:523,0
DA:524,0
DA:526,0
DA:532,0
DA:533,0
DA:534,0
DA:536,0
DA:538,0
DA:544,0
DA:545,0
DA:546,0
DA:548,0
DA:550,0
DA:551,0
DA:553,0
DA:559,0
DA:560,0
DA:561,0
DA:564,0
DA:565,0
DA:566,0
DA:567,0
DA:568,0
DA:569,0
DA:570,0
DA:571,0
DA:576,0
DA:577,0
DA:578,0
DA:579,0
DA:580,0
DA:581,0
DA:586,0
DA:587,0
DA:588,0
DA:589,0
DA:590,0
DA:591,0
DA:593,0
DA:594,0
DA:595,0
DA:596,0
DA:600,0
DA:601,0
DA:602,0
DA:603,0
DA:604,0
DA:605,0
DA:606,0
DA:607,0
DA:612,0
DA:613,0
DA:614,0
DA:615,0
DA:616,0
DA:617,0
DA:621,0
DA:622,0
DA:623,0
DA:624,0
DA:625,0
DA:626,0
DA:627,0
DA:628,0
DA:631,0
DA:633,0
DA:636,0
DA:642,0
DA:643,0
DA:644,0
DA:646,0
DA:649,0
DA:655,0
DA:656,0
DA:657,0
DA:661,0
DA:667,0
DA:668,0
DA:669,0
DA:671,0
DA:673,0
DA:676,0
DA:677,0
DA:678,0
DA:679,0
DA:683,0
DA:684,0
DA:685,0
DA:686,0
DA:687,0
DA:691,0
DA:692,0
DA:693,0
DA:694,0
DA:695,0
DA:696,0
DA:697,0
DA:699,0
DA:700,0
DA:703,0
DA:704,0
DA:706,0
DA:707,0
DA:709,0
DA:715,0
DA:716,0
DA:717,0
DA:719,0
DA:721,0
DA:727,0
DA:728,0
DA:729,0
DA:732,0
DA:738,0
DA:739,0
DA:740,0
DA:742,0
DA:744,0
DA:745,0
DA:746,0
DA:747,0
DA:748,0
DA:752,0
DA:753,0
DA:754,0
DA:755,0
DA:756,0
DA:760,0
DA:761,0
DA:762,0
DA:763,0
DA:764,0
DA:765,0
DA:766,0
DA:768,0
DA:769,0
DA:772,0
DA:773,0
DA:775,0
DA:776,0
DA:777,0
DA:781,0
DA:782,0
DA:787,0
DA:788,0
DA:789,0
DA:791,0
DA:792,0
DA:795,0
DA:798,0
DA:799,0
DA:801,0
DA:807,0
DA:808,0
DA:809,0
DA:811,0
DA:813,0
DA:814,0
DA:815,0
DA:816,0
DA:822,0
DA:823,0
DA:824,0
DA:826,0
DA:828,0
DA:829,0
DA:830,0
DA:833,0
DA:839,0
DA:840,0
DA:841,0
DA:842,0
DA:843,0
DA:853,0
DA:855,0
DA:862,0
DA:865,0
DA:872,0
DA:873,0
DA:874,0
DA:877,0
DA:880,0
DA:882,0
DA:883,0
DA:886,0
DA:892,0
DA:893,0
DA:896,0
DA:899,0
DA:900,0
DA:906,0
DA:907,0
DA:908,0
DA:916,0
DA:921,0
DA:922,0
DA:923,0
DA:926,0
DA:929,0
DA:931,0
DA:932,0
LF:415
LH:64
BRDA:15,0,0,434
BRDA:15,0,1,31
BRDA:20,1,0,0
BRDA:20,1,1,0
BRDA:20,2,0,0
BRDA:20,2,1,0
BRDA:21,3,0,0
BRDA:21,3,1,0
BRDA:30,4,0,31
BRDA:30,4,1,0
BRDA:31,5,0,0
BRDA:31,5,1,31
BRDA:31,6,0,31
BRDA:31,6,1,31
BRDA:32,7,0,0
BRDA:32,7,1,31
BRDA:34,8,0,0
BRDA:34,8,1,31
BRDA:68,9,0,0
BRDA:68,9,1,0
BRDA:69,10,0,0
BRDA:69,10,1,0
BRDA:73,11,0,0
BRDA:73,11,1,0
BRDA:82,12,0,0
BRDA:82,12,1,0
BRDA:84,13,0,0
BRDA:84,13,1,0
BRDA:84,13,2,0
BRDA:85,14,0,0
BRDA:85,14,1,0
BRDA:87,15,0,0
BRDA:87,15,1,0
BRDA:91,16,0,0
BRDA:91,16,1,0
BRDA:92,17,0,0
BRDA:92,17,1,0
BRDA:94,18,0,0
BRDA:94,18,1,0
BRDA:94,19,0,0
BRDA:94,19,1,0
BRDA:97,20,0,0
BRDA:97,20,1,0
BRDA:97,21,0,0
BRDA:97,21,1,0
BRDA:103,22,0,0
BRDA:103,22,1,0
BRDA:103,23,0,0
BRDA:103,23,1,0
BRDA:108,24,0,0
BRDA:108,24,1,0
BRDA:109,25,0,0
BRDA:109,25,1,0
BRDA:122,26,0,0
BRDA:122,26,1,0
BRDA:123,27,0,0
BRDA:123,27,1,0
BRDA:141,28,0,31
BRDA:141,28,1,0
BRDA:142,29,0,31
BRDA:142,29,1,0
BRDA:145,30,0,0
BRDA:145,30,1,31
BRDA:145,31,0,31
BRDA:145,31,1,31
BRDA:155,32,0,0
BRDA:155,32,1,31
BRDA:159,33,0,0
BRDA:159,33,1,31
BRDA:167,34,0,0
BRDA:167,34,1,31
BRDA:171,35,0,0
BRDA:171,35,1,31
BRDA:172,36,0,0
BRDA:172,36,1,31
BRDA:178,37,0,31
BRDA:178,37,1,0
BRDA:179,38,0,31
BRDA:179,38,1,0
BRDA:181,39,0,31
BRDA:181,39,1,0
BRDA:183,40,0,0
BRDA:183,40,1,0
BRDA:185,41,0,0
BRDA:185,41,1,0
BRDA:188,42,0,0
BRDA:188,42,1,0
BRDA:190,43,0,0
BRDA:190,43,1,0
BRDA:196,44,0,0
BRDA:196,44,1,31
BRDA:196,45,0,31
BRDA:196,45,1,31
BRDA:201,46,0,0
BRDA:201,46,1,31
BRDA:206,47,0,31
BRDA:206,47,1,0
BRDA:206,48,0,31
BRDA:206,48,1,31
BRDA:209,49,0,93
BRDA:209,49,1,0
BRDA:210,50,0,0
BRDA:210,50,1,93
BRDA:218,51,0,31
BRDA:218,51,1,0
BRDA:218,52,0,31
BRDA:218,52,1,31
BRDA:220,53,0,62
BRDA:220,53,1,0
BRDA:221,54,0,0
BRDA:221,54,1,62
BRDA:230,55,0,0
BRDA:230,55,1,124
BRDA:230,56,0,124
BRDA:230,56,1,124
BRDA:239,57,0,0
BRDA:239,57,1,31
BRDA:252,58,0,31
BRDA:252,58,1,0
BRDA:252,59,0,31
BRDA:252,59,1,31
BRDA:256,60,0,124
BRDA:256,60,1,124
BRDA:256,60,2,124
BRDA:258,61,0,0
BRDA:258,61,1,31
BRDA:278,62,0,31
BRDA:278,62,1,31
BRDA:283,63,0,0
BRDA:283,63,1,31
BRDA:296,64,0,0
BRDA:296,64,1,31
BRDA:298,65,0,0
BRDA:298,65,1,0
BRDA:300,66,0,0
BRDA:300,66,1,0
BRDA:316,67,0,0
BRDA:316,67,1,0
BRDA:318,68,0,0
BRDA:318,68,1,0
BRDA:319,69,0,0
BRDA:319,69,1,0
BRDA:320,70,0,0
BRDA:320,70,1,0
BRDA:322,71,0,0
BRDA:322,71,1,0
BRDA:331,72,0,0
BRDA:331,72,1,0
BRDA:331,73,0,0
BRDA:331,73,1,0
BRDA:333,74,0,0
BRDA:333,74,1,0
BRDA:334,75,0,0
BRDA:334,75,1,0
BRDA:340,76,0,0
BRDA:340,76,1,0
BRDA:341,77,0,0
BRDA:341,77,1,0
BRDA:344,78,0,0
BRDA:344,78,1,0
BRDA:345,79,0,0
BRDA:345,79,1,0
BRDA:346,80,0,0
BRDA:346,80,1,0
BRDA:348,81,0,0
BRDA:348,81,1,0
BRDA:349,82,0,0
BRDA:349,82,1,0
BRDA:353,83,0,0
BRDA:353,83,1,0
BRDA:354,84,0,0
BRDA:354,84,1,0
BRDA:355,85,0,0
BRDA:355,85,1,0
BRDA:357,86,0,0
BRDA:357,86,1,0
BRDA:358,87,0,0
BRDA:358,87,1,0
BRDA:362,88,0,0
BRDA:362,88,1,0
BRDA:365,89,0,0
BRDA:365,89,1,0
BRDA:368,90,0,0
BRDA:368,90,1,0
BRDA:370,91,0,0
BRDA:370,91,1,0
BRDA:371,92,0,0
BRDA:371,92,1,0
BRDA:376,93,0,0
BRDA:376,93,1,0
BRDA:378,94,0,0
BRDA:378,94,1,0
BRDA:379,95,0,0
BRDA:379,95,1,0
BRDA:392,96,0,0
BRDA:392,96,1,0
BRDA:393,97,0,0
BRDA:393,97,1,0
BRDA:396,98,0,0
BRDA:396,98,1,0
BRDA:397,99,0,0
BRDA:397,99,1,0
BRDA:402,100,0,0
BRDA:402,100,1,0
BRDA:408,101,0,0
BRDA:408,101,1,0
BRDA:415,102,0,0
BRDA:415,102,1,0
BRDA:415,103,0,0
BRDA:415,103,1,0
BRDA:416,104,0,0
BRDA:416,104,1,0
BRDA:417,105,0,0
BRDA:417,105,1,0
BRDA:419,106,0,0
BRDA:419,106,1,0
BRDA:422,107,0,0
BRDA:422,107,1,0
BRDA:423,108,0,0
BRDA:423,108,1,0
BRDA:425,109,0,0
BRDA:425,109,1,0
BRDA:433,110,0,0
BRDA:433,110,1,0
BRDA:434,111,0,0
BRDA:434,111,1,0
BRDA:435,112,0,0
BRDA:435,112,1,0
BRDA:439,113,0,0
BRDA:439,113,1,0
BRDA:447,114,0,0
BRDA:447,114,1,0
BRDA:449,115,0,0
BRDA:449,115,1,0
BRDA:450,116,0,0
BRDA:450,116,1,0
BRDA:450,117,0,0
BRDA:450,117,1,0
BRDA:454,118,0,0
BRDA:454,118,1,0
BRDA:455,119,0,0
BRDA:455,119,1,0
BRDA:456,120,0,0
BRDA:456,120,1,0
BRDA:457,121,0,0
BRDA:457,121,1,0
BRDA:458,122,0,0
BRDA:458,122,1,0
BRDA:468,123,0,0
BRDA:468,123,1,0
BRDA:472,124,0,0
BRDA:472,124,1,0
BRDA:481,125,0,0
BRDA:481,125,1,0
BRDA:486,126,0,0
BRDA:486,126,1,0
BRDA:495,127,0,0
BRDA:495,127,1,0
BRDA:499,128,0,0
BRDA:499,128,1,0
BRDA:506,129,0,0
BRDA:506,129,1,0
BRDA:512,130,0,0
BRDA:512,130,1,0
BRDA:512,131,0,0
BRDA:512,131,1,0
BRDA:522,132,0,0
BRDA:522,132,1,0
BRDA:524,133,0,0
BRDA:524,133,1,0
BRDA:532,134,0,0
BRDA:532,134,1,0
BRDA:536,135,0,0
BRDA:536,135,1,0
BRDA:544,136,0,0
BRDA:544,136,1,0
BRDA:548,137,0,0
BRDA:548,137,1,0
BRDA:551,138,0,0
BRDA:551,138,1,0
BRDA:559,139,0,0
BRDA:559,139,1,0
BRDA:564,140,0,0
BRDA:564,140,1,0
BRDA:566,141,0,0
BRDA:566,141,1,0
BRDA:567,142,0,0
BRDA:567,142,1,0
BRDA:569,143,0,0
BRDA:569,143,1,0
BRDA:571,144,0,0
BRDA:571,144,1,0
BRDA:580,145,0,0
BRDA:580,145,1,0
BRDA:586,146,0,0
BRDA:586,146,1,0
BRDA:595,147,0,0
BRDA:595,147,1,0
BRDA:600,148,0,0
BRDA:600,148,1,0
BRDA:601,149,0,0
BRDA:601,149,1,0
BRDA:631,150,0,0
BRDA:631,150,1,0
BRDA:633,151,0,0
BRDA:633,151,1,0
BRDA:642,152,0,0
BRDA:642,152,1,0
BRDA:646,153,0,0
BRDA:646,153,1,0
BRDA:655,154,0,0
BRDA:655,154,1,0
BRDA:667,155,0,0
BRDA:667,155,1,0
BRDA:671,156,0,0
BRDA:671,156,1,0
BRDA:673,157,0,0
BRDA:673,157,1,0
BRDA:677,158,0,0
BRDA:677,158,1,0
BRDA:678,159,0,0
BRDA:678,159,1,0
BRDA:679,160,0,0
BRDA:679,160,1,0
BRDA:679,161,0,0
BRDA:679,161,1,0
BRDA:683,162,0,0
BRDA:683,162,1,0
BRDA:684,163,0,0
BRDA:684,163,1,0
BRDA:687,164,0,0
BRDA:687,164,1,0
BRDA:687,165,0,0
BRDA:687,165,1,0
BRDA:693,166,0,0
BRDA:693,166,1,0
BRDA:694,167,0,0
BRDA:694,167,1,0
BRDA:695,168,0,0
BRDA:695,168,1,0
BRDA:696,169,0,0
BRDA:696,169,1,0
BRDA:699,170,0,0
BRDA:699,170,1,0
BRDA:706,171,0,0
BRDA:706,171,1,0
BRDA:707,172,0,0
BRDA:707,172,1,0
BRDA:715,173,0,0
BRDA:715,173,1,0
BRDA:719,174,0,0
BRDA:719,174,1,0
BRDA:727,175,0,0
BRDA:727,175,1,0
BRDA:738,176,0,0
BRDA:738,176,1,0
BRDA:742,177,0,0
BRDA:742,177,1,0
BRDA:744,178,0,0
BRDA:744,178,1,0
BRDA:746,179,0,0
BRDA:746,179,1,0
BRDA:747,180,0,0
BRDA:747,180,1,0
BRDA:748,181,0,0
BRDA:748,181,1,0
BRDA:748,182,0,0
BRDA:748,182,1,0
BRDA:752,183,0,0
BRDA:752,183,1,0
BRDA:753,184,0,0
BRDA:753,184,1,0
BRDA:756,185,0,0
BRDA:756,185,1,0
BRDA:756,186,0,0
BRDA:756,186,1,0
BRDA:762,187,0,0
BRDA:762,187,1,0
BRDA:763,188,0,0
BRDA:763,188,1,0
BRDA:764,189,0,0
BRDA:764,189,1,0
BRDA:765,190,0,0
BRDA:765,190,1,0
BRDA:768,191,0,0
BRDA:768,191,1,0
BRDA:775,192,0,0
BRDA:775,192,1,0
BRDA:776,193,0,0
BRDA:776,193,1,0
BRDA:781,194,0,0
BRDA:781,194,1,0
BRDA:787,195,0,0
BRDA:787,195,1,0
BRDA:791,196,0,0
BRDA:791,196,1,0
BRDA:795,197,0,0
BRDA:795,197,1,0
BRDA:798,198,0,0
BRDA:798,198,1,0
BRDA:807,199,0,0
BRDA:807,199,1,0
BRDA:811,200,0,0
BRDA:811,200,1,0
BRDA:813,201,0,0
BRDA:813,201,1,0
BRDA:815,202,0,0
BRDA:815,202,1,0
BRDA:815,203,0,0
BRDA:815,203,1,0
BRDA:822,204,0,0
BRDA:822,204,1,0
BRDA:826,205,0,0
BRDA:826,205,1,0
BRDA:829,206,0,0
BRDA:829,206,1,0
BRDA:830,207,0,0
BRDA:830,207,1,0
BRDA:840,208,0,0
BRDA:840,208,1,0
BRDA:842,209,0,0
BRDA:842,209,1,0
BRDA:853,210,0,0
BRDA:853,210,1,0
BRDA:862,211,0,0
BRDA:862,211,1,0
BRDA:872,212,0,0
BRDA:872,212,1,0
BRDA:880,213,0,0
BRDA:880,213,1,0
BRDA:882,214,0,0
BRDA:882,214,1,0
BRDA:883,215,0,0
BRDA:883,215,1,0
BRDA:892,216,0,0
BRDA:892,216,1,0
BRDA:892,217,0,0
BRDA:892,217,1,0
BRDA:896,218,0,0
BRDA:896,218,1,0
BRDA:899,219,0,0
BRDA:899,219,1,0
BRDA:899,220,0,0
BRDA:899,220,1,0
BRDA:906,221,0,0
BRDA:906,221,1,0
BRDA:906,222,0,0
BRDA:906,222,1,0
BRDA:907,223,0,0
BRDA:907,223,1,0
BRDA:921,224,0,0
BRDA:921,224,1,0
BRDA:932,225,0,0
BRDA:932,225,1,0
BRF:454
BRH:50
end_of_record
